Log file open, 12/22/16 01:39:06
LogInit:Display: Running engine for game: BananaTurntable
LogPlatformFile: Not using cached read wrapper
LogInit:Display: RandInit(820970312) SRandInit(820970312).
LogTaskGraph: Started task graph with 5 named threads and 8 total threads with 1 sets of task threads.
LogStats: Stats thread started at 0.080770
LogPluginManager: Loaded Plugin Paper2D, From C:/Program Files (x86)/Epic Games/4.14/Engine/Plugins/2D/Paper2D/Paper2D.uplugin
LogPluginManager: Loaded Plugin LightPropagationVolume, From C:/Program Files (x86)/Epic Games/4.14/Engine/Plugins/Blendables/LightPropagationVolume/LightPropagationVolume.uplugin
LogPluginManager: Loaded Plugin BlankPlugin, From C:/Program Files (x86)/Epic Games/4.14/Engine/Plugins/Developer/BlankPlugin/BlankPlugin.uplugin
LogPluginManager: Loaded Plugin CodeLiteSourceCodeAccess, From C:/Program Files (x86)/Epic Games/4.14/Engine/Plugins/Developer/CodeLiteSourceCodeAccess/CodeLiteSourceCodeAccess.uplugin
LogPluginManager: Loaded Plugin GitSourceControl, From C:/Program Files (x86)/Epic Games/4.14/Engine/Plugins/Developer/GitSourceControl/GitSourceControl.uplugin
LogPluginManager: Loaded Plugin KDevelopSourceCodeAccess, From C:/Program Files (x86)/Epic Games/4.14/Engine/Plugins/Developer/KDevelopSourceCodeAccess/KDevelopSourceCodeAccess.uplugin
LogPluginManager: Loaded Plugin NullSourceCodeAccess, From C:/Program Files (x86)/Epic Games/4.14/Engine/Plugins/Developer/NullSourceCodeAccess/NullSourceCodeAccess.uplugin
LogPluginManager: Loaded Plugin OneSkyLocalizationService, From C:/Program Files (x86)/Epic Games/4.14/Engine/Plugins/Developer/OneSkyLocalizationService/OneSkyLocalizationService.uplugin
LogPluginManager: Loaded Plugin PerforceSourceControl, From C:/Program Files (x86)/Epic Games/4.14/Engine/Plugins/Developer/PerforceSourceControl/PerforceSourceControl.uplugin
LogPluginManager: Loaded Plugin SubversionSourceControl, From C:/Program Files (x86)/Epic Games/4.14/Engine/Plugins/Developer/SubversionSourceControl/SubversionSourceControl.uplugin
LogPluginManager: Loaded Plugin UObjectPlugin, From C:/Program Files (x86)/Epic Games/4.14/Engine/Plugins/Developer/UObjectPlugin/UObjectPlugin.uplugin
LogPluginManager: Loaded Plugin VisualStudioSourceCodeAccess, From C:/Program Files (x86)/Epic Games/4.14/Engine/Plugins/Developer/VisualStudioSourceCodeAccess/VisualStudioSourceCodeAccess.uplugin
LogPluginManager: Loaded Plugin XCodeSourceCodeAccess, From C:/Program Files (x86)/Epic Games/4.14/Engine/Plugins/Developer/XCodeSourceCodeAccess/XCodeSourceCodeAccess.uplugin
LogPluginManager: Loaded Plugin AudioCapture, From C:/Program Files (x86)/Epic Games/4.14/Engine/Plugins/Editor/AudioCapture/AudioCapture.uplugin
LogPluginManager: Loaded Plugin EpicSurvey, From C:/Program Files (x86)/Epic Games/4.14/Engine/Plugins/Editor/EpicSurvey/EpicSurvey.uplugin
LogPluginManager: Loaded Plugin MacGraphicsSwitching, From C:/Program Files (x86)/Epic Games/4.14/Engine/Plugins/Editor/MacGraphicsSwitching/MacGraphicsSwitching.uplugin
LogPluginManager: Loaded Plugin MobileLauncherProfileWizard, From C:/Program Files (x86)/Epic Games/4.14/Engine/Plugins/Editor/MobileLauncherProfileWizard/MobileLauncherProfileWizard.uplugin
LogPluginManager: Loaded Plugin PluginBrowser, From C:/Program Files (x86)/Epic Games/4.14/Engine/Plugins/Editor/PluginBrowser/PluginBrowser.uplugin
LogPluginManager: Loaded Plugin SpeedTreeImporter, From C:/Program Files (x86)/Epic Games/4.14/Engine/Plugins/Editor/SpeedTreeImporter/SpeedTreeImporter.uplugin
LogPluginManager: Loaded Plugin SuperSearchEditor, From C:/Program Files (x86)/Epic Games/4.14/Engine/Plugins/Editor/SuperSearchEditor/SuperSearchEditor.uplugin
LogPluginManager: Loaded Plugin AlembicImporter, From C:/Program Files (x86)/Epic Games/4.14/Engine/Plugins/Experimental/AlembicImporter/AlembicImporter.uplugin
LogPluginManager: Loaded Plugin BlueprintStats, From C:/Program Files (x86)/Epic Games/4.14/Engine/Plugins/Experimental/BlueprintStats/BlueprintStats.uplugin
LogPluginManager: Loaded Plugin CharacterAI, From C:/Program Files (x86)/Epic Games/4.14/Engine/Plugins/Experimental/CharacterAI/CharacterAI.uplugin
LogPluginManager: Loaded Plugin CodeEditor, From C:/Program Files (x86)/Epic Games/4.14/Engine/Plugins/Experimental/CodeEditor/CodeEditor.uplugin
LogPluginManager: Loaded Plugin CodeView, From C:/Program Files (x86)/Epic Games/4.14/Engine/Plugins/Experimental/CodeView/CodeView.uplugin
LogPluginManager: Loaded Plugin HTML5Networking, From C:/Program Files (x86)/Epic Games/4.14/Engine/Plugins/Experimental/HTML5Networking/HTML5Networking.uplugin
LogPluginManager: Loaded Plugin OSVR, From C:/Program Files (x86)/Epic Games/4.14/Engine/Plugins/Experimental/OSVR/OSVR.uplugin
LogPluginManager: Loaded Plugin Phya, From C:/Program Files (x86)/Epic Games/4.14/Engine/Plugins/Experimental/Phya/Phya.uplugin
LogPluginManager: Loaded Plugin SignificanceManager, From C:/Program Files (x86)/Epic Games/4.14/Engine/Plugins/Experimental/SignificanceManager/SignificanceManager.uplugin
LogPluginManager: Loaded Plugin SimpleHMD, From C:/Program Files (x86)/Epic Games/4.14/Engine/Plugins/Experimental/SimpleHMD/SimpleHMD.uplugin
LogPluginManager: Loaded Plugin StereoPanorama, From C:/Program Files (x86)/Epic Games/4.14/Engine/Plugins/Experimental/StereoPanorama/StereoPanorama.uplugin
LogPluginManager: Loaded Plugin StructBox, From C:/Program Files (x86)/Epic Games/4.14/Engine/Plugins/Experimental/StructBox/StructBox.uplugin
LogPluginManager: Loaded Plugin AndroidMedia, From C:/Program Files (x86)/Epic Games/4.14/Engine/Plugins/Media/AndroidMedia/AndroidMedia.uplugin
LogPluginManager: Loaded Plugin AvfMedia, From C:/Program Files (x86)/Epic Games/4.14/Engine/Plugins/Media/AvfMedia/AvfMedia.uplugin
LogPluginManager: Loaded Plugin MediaPlayerEditor, From C:/Program Files (x86)/Epic Games/4.14/Engine/Plugins/Media/MediaPlayerEditor/MediaPlayerEditor.uplugin
LogPluginManager: Loaded Plugin WmfMedia, From C:/Program Files (x86)/Epic Games/4.14/Engine/Plugins/Media/WmfMedia/WmfMedia.uplugin
LogPluginManager: Loaded Plugin MessagingDebugger, From C:/Program Files (x86)/Epic Games/4.14/Engine/Plugins/Messaging/MessagingDebugger/MessagingDebugger.uplugin
LogPluginManager: Loaded Plugin TcpMessaging, From C:/Program Files (x86)/Epic Games/4.14/Engine/Plugins/Messaging/TcpMessaging/TcpMessaging.uplugin
LogPluginManager: Loaded Plugin UdpMessaging, From C:/Program Files (x86)/Epic Games/4.14/Engine/Plugins/Messaging/UdpMessaging/UdpMessaging.uplugin
LogPluginManager: Loaded Plugin LevelSequenceEditor, From C:/Program Files (x86)/Epic Games/4.14/Engine/Plugins/MovieScene/LevelSequenceEditor/LevelSequenceEditor.uplugin
LogPluginManager: Loaded Plugin MatineeToLevelSequence, From C:/Program Files (x86)/Epic Games/4.14/Engine/Plugins/MovieScene/MatineeToLevelSequence/MatineeToLevelSequence.uplugin
LogPluginManager: Loaded Plugin NetcodeUnitTest, From C:/Program Files (x86)/Epic Games/4.14/Engine/Plugins/NetcodeUnitTest/NetcodeUnitTest/NetcodeUnitTest.uplugin
LogPluginManager: Loaded Plugin NUTUnrealEngine4, From C:/Program Files (x86)/Epic Games/4.14/Engine/Plugins/NetcodeUnitTest/NUTUnrealEngine4/NUTUnrealEngine4.uplugin
LogPluginManager: Loaded Plugin OnlineSubsystemGameCircle, From C:/Program Files (x86)/Epic Games/4.14/Engine/Plugins/Online/Android/OnlineSubsystemGameCircle/OnlineSubsystemGameCircle.uplugin
LogPluginManager: Loaded Plugin OnlineSubsystemGooglePlay, From C:/Program Files (x86)/Epic Games/4.14/Engine/Plugins/Online/Android/OnlineSubsystemGooglePlay/OnlineSubsystemGooglePlay.uplugin
LogPluginManager: Loaded Plugin OnlineSubsystemIOS, From C:/Program Files (x86)/Epic Games/4.14/Engine/Plugins/Online/IOS/OnlineSubsystemIOS/OnlineSubsystemIOS.uplugin
LogPluginManager: Loaded Plugin OnlineFramework, From C:/Program Files (x86)/Epic Games/4.14/Engine/Plugins/Online/OnlineFramework/OnlineFramework.uplugin
LogPluginManager: Loaded Plugin OnlineSubsystem, From C:/Program Files (x86)/Epic Games/4.14/Engine/Plugins/Online/OnlineSubsystem/OnlineSubsystem.uplugin
LogPluginManager: Loaded Plugin OnlineSubsystemAmazon, From C:/Program Files (x86)/Epic Games/4.14/Engine/Plugins/Online/OnlineSubsystemAmazon/OnlineSubsystemAmazon.uplugin
LogPluginManager: Loaded Plugin OnlineSubsystemFacebook, From C:/Program Files (x86)/Epic Games/4.14/Engine/Plugins/Online/OnlineSubsystemFacebook/OnlineSubsystemFacebook.uplugin
LogPluginManager: Loaded Plugin OnlineSubsystemNull, From C:/Program Files (x86)/Epic Games/4.14/Engine/Plugins/Online/OnlineSubsystemNull/OnlineSubsystemNull.uplugin
LogPluginManager: Loaded Plugin OnlineSubsystemOculus, From C:/Program Files (x86)/Epic Games/4.14/Engine/Plugins/Online/OnlineSubsystemOculus/OnlineSubsystemOculus.uplugin
LogPluginManager: Loaded Plugin OnlineSubsystemSteam, From C:/Program Files (x86)/Epic Games/4.14/Engine/Plugins/Online/OnlineSubsystemSteam/OnlineSubsystemSteam.uplugin
LogPluginManager: Loaded Plugin OnlineSubsystemUtils, From C:/Program Files (x86)/Epic Games/4.14/Engine/Plugins/Online/OnlineSubsystemUtils/OnlineSubsystemUtils.uplugin
LogPluginManager: Loaded Plugin IOSTapJoy, From C:/Program Files (x86)/Epic Games/4.14/Engine/Plugins/Runtime/Advertising/IOSTapJoy/IOSTapJoy.uplugin
LogPluginManager: Loaded Plugin AnalyticsBlueprintLibrary, From C:/Program Files (x86)/Epic Games/4.14/Engine/Plugins/Runtime/Analytics/AnalyticsBlueprintLibrary/AnalyticsBlueprintLibrary.uplugin
LogPluginManager: Loaded Plugin AnalyticsMulticast, From C:/Program Files (x86)/Epic Games/4.14/Engine/Plugins/Runtime/Analytics/AnalyticsMulticast/AnalyticsMulticast.uplugin
LogPluginManager: Loaded Plugin Apsalar, From C:/Program Files (x86)/Epic Games/4.14/Engine/Plugins/Runtime/Analytics/Apsalar/Apsalar.uplugin
LogPluginManager: Loaded Plugin FileLogging, From C:/Program Files (x86)/Epic Games/4.14/Engine/Plugins/Runtime/Analytics/FileLogging/FileLogging.uplugin
LogPluginManager: Loaded Plugin Flurry, From C:/Program Files (x86)/Epic Games/4.14/Engine/Plugins/Runtime/Analytics/Flurry/Flurry.uplugin
LogPluginManager: Loaded Plugin AndroidDeviceProfileSelector, From C:/Program Files (x86)/Epic Games/4.14/Engine/Plugins/Runtime/AndroidDeviceProfileSelector/AndroidDeviceProfileSelector.uplugin
LogPluginManager: Loaded Plugin AndroidMoviePlayer, From C:/Program Files (x86)/Epic Games/4.14/Engine/Plugins/Runtime/AndroidMoviePlayer/AndroidMoviePlayer.uplugin
LogPluginManager: Loaded Plugin AppleMoviePlayer, From C:/Program Files (x86)/Epic Games/4.14/Engine/Plugins/Runtime/AppleMoviePlayer/AppleMoviePlayer.uplugin
LogPluginManager: Loaded Plugin ArchVisCharacter, From C:/Program Files (x86)/Epic Games/4.14/Engine/Plugins/Runtime/ArchVisCharacter/ArchVisCharacter.uplugin
LogPluginManager: Loaded Plugin CableComponent, From C:/Program Files (x86)/Epic Games/4.14/Engine/Plugins/Runtime/CableComponent/CableComponent.uplugin
LogPluginManager: Loaded Plugin CustomMeshComponent, From C:/Program Files (x86)/Epic Games/4.14/Engine/Plugins/Runtime/CustomMeshComponent/CustomMeshComponent.uplugin
LogPluginManager: Loaded Plugin ExampleDeviceProfileSelector, From C:/Program Files (x86)/Epic Games/4.14/Engine/Plugins/Runtime/ExampleDeviceProfileSelector/ExampleDeviceProfileSelector.uplugin
LogPluginManager: Loaded Plugin GearVR, From C:/Program Files (x86)/Epic Games/4.14/Engine/Plugins/Runtime/GearVR/GearVR.uplugin
LogPluginManager: Loaded Plugin GoogleVRController, From C:/Program Files (x86)/Epic Games/4.14/Engine/Plugins/Runtime/GoogleVR/GoogleVRController/GoogleVRController.uplugin
LogPluginManager: Loaded Plugin GoogleVRHMD, From C:/Program Files (x86)/Epic Games/4.14/Engine/Plugins/Runtime/GoogleVR/GoogleVRHMD/GoogleVRHMD.uplugin
LogPluginManager: Loaded Plugin IOSDeviceProfileSelector, From C:/Program Files (x86)/Epic Games/4.14/Engine/Plugins/Runtime/IOSDeviceProfileSelector/IOSDeviceProfileSelector.uplugin
LogPluginManager: Loaded Plugin LeapMotion, From C:/Program Files (x86)/Epic Games/4.14/Engine/Plugins/Runtime/LeapMotion/LeapMotion.uplugin
LogPluginManager: Loaded Plugin LinuxDeviceProfileSelector, From C:/Program Files (x86)/Epic Games/4.14/Engine/Plugins/Runtime/LinuxDeviceProfileSelector/LinuxDeviceProfileSelector.uplugin
LogPluginManager: Loaded Plugin MIDIDevice, From C:/Program Files (x86)/Epic Games/4.14/Engine/Plugins/Runtime/MIDIDevice/MIDIDevice.uplugin
LogPluginManager: Loaded Plugin MobilePatchingUtils, From C:/Program Files (x86)/Epic Games/4.14/Engine/Plugins/Runtime/MobilePatchingUtils/MobilePatchingUtils.uplugin
LogPluginManager: Loaded Plugin Ansel, From C:/Program Files (x86)/Epic Games/4.14/Engine/Plugins/Runtime/Nvidia/Ansel/Ansel.uplugin
LogPluginManager: Loaded Plugin OculusAudio, From C:/Program Files (x86)/Epic Games/4.14/Engine/Plugins/Runtime/OculusAudio/OculusAudio.uplugin
LogPluginManager: Loaded Plugin OculusInput, From C:/Program Files (x86)/Epic Games/4.14/Engine/Plugins/Runtime/OculusInput/OculusInput.uplugin
LogPluginManager: Loaded Plugin OculusLibrary, From C:/Program Files (x86)/Epic Games/4.14/Engine/Plugins/Runtime/OculusLibrary/OculusLibrary.uplugin
LogPluginManager: Loaded Plugin OculusRift, From C:/Program Files (x86)/Epic Games/4.14/Engine/Plugins/Runtime/OculusRift/OculusRift.uplugin
LogPluginManager: Loaded Plugin Oodle, From C:/Program Files (x86)/Epic Games/4.14/Engine/Plugins/Runtime/PacketHandlers/CompressionComponents/Oodle/Oodle.uplugin
LogPluginManager: Loaded Plugin ProceduralMeshComponent, From C:/Program Files (x86)/Epic Games/4.14/Engine/Plugins/Runtime/ProceduralMeshComponent/ProceduralMeshComponent.uplugin
LogPluginManager: Loaded Plugin SoundMod, From C:/Program Files (x86)/Epic Games/4.14/Engine/Plugins/Runtime/SoundMod/SoundMod.uplugin
LogPluginManager: Loaded Plugin SoundVisualizations, From C:/Program Files (x86)/Epic Games/4.14/Engine/Plugins/Runtime/SoundVisualizations/SoundVisualizations.uplugin
LogPluginManager: Loaded Plugin SteamController, From C:/Program Files (x86)/Epic Games/4.14/Engine/Plugins/Runtime/Steam/SteamController/SteamController.uplugin
LogPluginManager: Loaded Plugin SteamVR, From C:/Program Files (x86)/Epic Games/4.14/Engine/Plugins/Runtime/Steam/SteamVR/SteamVR.uplugin
LogPluginManager: Loaded Plugin WebBrowserWidget, From C:/Program Files (x86)/Epic Games/4.14/Engine/Plugins/Runtime/WebBrowserWidget/WebBrowserWidget.uplugin
LogPluginManager: Loaded Plugin WindowsDeviceProfileSelector, From C:/Program Files (x86)/Epic Games/4.14/Engine/Plugins/Runtime/WindowsDeviceProfileSelector/WindowsDeviceProfileSelector.uplugin
LogPluginManager: Loaded Plugin WindowsMoviePlayer, From C:/Program Files (x86)/Epic Games/4.14/Engine/Plugins/Runtime/WindowsMoviePlayer/WindowsMoviePlayer.uplugin
LogPluginManager: Loaded Plugin ScriptPlugin, From C:/Program Files (x86)/Epic Games/4.14/Engine/Plugins/ScriptPlugin/ScriptPlugin.uplugin
LogPluginManager: Loaded Plugin SlateRemote, From C:/Program Files (x86)/Epic Games/4.14/Engine/Plugins/Slate/SlateRemote/SlateRemote.uplugin
LogPluginManager: Loaded Plugin EditorTests, From C:/Program Files (x86)/Epic Games/4.14/Engine/Plugins/Tests/EditorTests/EditorTests.uplugin
LogPluginManager: Loaded Plugin FbxAutomationTestBuilder, From C:/Program Files (x86)/Epic Games/4.14/Engine/Plugins/Tests/FbxAutomationTestBuilder/FbxAutomationTestBuilder.uplugin
LogPluginManager: Loaded Plugin FunctionalTestingEditor, From C:/Program Files (x86)/Epic Games/4.14/Engine/Plugins/Tests/FunctionalTestingEditor/FunctionalTestingEditor.uplugin
LogPluginManager: Loaded Plugin RuntimeTests, From C:/Program Files (x86)/Epic Games/4.14/Engine/Plugins/Tests/RuntimeTests/RuntimeTests.uplugin
LogPluginManager: Loaded Plugin ScreenshotTools, From C:/Program Files (x86)/Epic Games/4.14/Engine/Plugins/Tests/ScreenshotTools/ScreenshotTools.uplugin
LogInit: Using libcurl 7.47.1
LogInit:  - built for x86_64-pc-win32
LogInit:  - supports SSL with OpenSSL/1.0.2g
LogInit:  - supports HTTP deflate (compression) using libz 1.2.8
LogInit:  - other features:
LogInit:      CURL_VERSION_SSL
LogInit:      CURL_VERSION_LIBZ
LogInit:      CURL_VERSION_IPV6
LogInit:      CURL_VERSION_ASYNCHDNS
LogInit:      CURL_VERSION_LARGEFILE
LogInit:      CURL_VERSION_IDN
LogInit:  CurlRequestOptions (configurable via config and command line):
LogInit:  - bVerifyPeer = false  - Libcurl will NOT verify peer certificate
LogInit:  - bUseHttpProxy = false  - Libcurl will NOT use HTTP proxy
LogInit:  - bDontReuseConnections = false  - Libcurl will reuse connections
LogInit:  - CertBundlePath = nullptr  - Libcurl will use whatever was configured at build time.
LogInit: Build: ++UE4+Release-4.14-CL-3224400
LogInit: Engine Version: 4.14.1-3224400+++UE4+Release-4.14
LogInit: Compatible Engine Version: 4.14.0-3195953+++UE4+Release-4.14
LogInit: Net CL: 3195953
LogDevObjectVersion: Number of dev versions registered: 13
LogDevObjectVersion:   Dev-Blueprints (B0D832E4-1F89-4F0D-ACCF-7EB736FD4AA2): 7
LogDevObjectVersion:   Dev-Build (E1C64328-A22C-4D53-A36C-8E866417BD8C): 0
LogDevObjectVersion:   Dev-Core (375EC13C-06E4-48FB-B500-84F0262A717E): 1
LogDevObjectVersion:   Dev-Editor (E4B068ED-F494-42E9-A231-DA0B2E46BB41): 8
LogDevObjectVersion:   Dev-Framework (CFFC743F-43B0-4480-9391-14DF171D2073): 17
LogDevObjectVersion:   Dev-Mobile (B02B49B5-BB20-44E9-A304-32B752E40360): 0
LogDevObjectVersion:   Dev-Networking (A4E4105C-59A1-49B5-A7C5-40C4547EDFEE): 0
LogDevObjectVersion:   Dev-Online (39C831C9-5AE6-47DC-9A44-9C173E1C8E7C): 0
LogDevObjectVersion:   Dev-Physics (78F01B33-EBEA-4F98-B9B4-84EACCB95AA2): 0
LogDevObjectVersion:   Dev-Platform (6631380F-2D4D-43E0-8009-CF276956A95A): 0
LogDevObjectVersion:   Dev-Rendering (12F88B9F-8875-4AFC-A67C-D90C383ABD29): 12
LogDevObjectVersion:   Dev-Sequencer (7B5AE74C-D270-4C10-A958-57980B212A5A): 1
LogDevObjectVersion:   Dev-VR (D7296918-1DD6-4BDD-9DE2-64A83CC13884): 0
LogInit: Compiled (64-bit): Dec  7 2016 02:14:32
LogInit: Compiled with Visual C++: 19.00.23026.00
LogInit: Build Configuration: Development
LogInit: Branch Name: ++UE4+Release-4.14
LogInit: Command line:  
LogInit: Base directory: C:/Program Files (x86)/Epic Games/4.14/Engine/Binaries/Win64/
LogInit: Installed Engine Build: 1
LogInit: Presizing for max 8388607 objects, including 0 objects not considered by GC, pre-allocating 0 bytes for permanent pool.
LogInit: Object subsystem initialized
[2016.12.21-12.39.06:435][  0]LogInit: Selected Device Profile: [Windows]
[2016.12.21-12.39.06:435][  0]LogInit: Applying CVar settings loaded from the selected device profile: [Windows]
[2016.12.21-12.39.06:494][  0]LogInit: Computer: DESKTOP-VB28MJU
[2016.12.21-12.39.06:495][  0]LogInit: User: Tommy
[2016.12.21-12.39.06:495][  0]LogInit: CPU Page size=65536, Cores=4
[2016.12.21-12.39.06:495][  0]LogInit: High frequency timer resolution =3.312792 MHz
[2016.12.21-12.39.06:495][  0]LogMemory: Memory total: Physical=7.9GB (8GB approx)
[2016.12.21-12.39.06:495][  0]LogMemory: Platform Memory Stats for Windows
[2016.12.21-12.39.06:495][  0]LogMemory: Process Physical Memory: 264.57 MB used, 264.57 MB peak
[2016.12.21-12.39.06:495][  0]LogMemory: Process Virtual Memory: 262.86 MB used, 262.86 MB peak
[2016.12.21-12.39.06:495][  0]LogMemory: Physical Memory: 4703.39 MB used,  3381.79 MB free, 8085.18 MB total
[2016.12.21-12.39.06:495][  0]LogMemory: Virtual Memory: 676.38 MB used,  3381.79 MB free, 134217728.00 MB total
[2016.12.21-12.39.06:536][  0]LogTextLocalizationManager: No specific translations for ('en-AU') exist, so ('en') translations will be used.
[2016.12.21-12.39.08:779][  0]LogD3D11RHI: D3D11 adapters:
[2016.12.21-12.39.08:805][  0]LogD3D11RHI:    0. 'NVIDIA GeForce GTX 960' (Feature Level 11_0)
[2016.12.21-12.39.08:805][  0]LogD3D11RHI:       2016/0/4042 MB DedicatedVideo/DedicatedSystem/SharedSystem, Outputs:1, VendorId:0x10de
[2016.12.21-12.39.08:820][  0]LogD3D11RHI:    1. 'Intel(R) HD Graphics 4000' (Feature Level 11_0)
[2016.12.21-12.39.08:820][  0]LogD3D11RHI:       32/0/1760 MB DedicatedVideo/DedicatedSystem/SharedSystem, Outputs:0, VendorId:0x8086
[2016.12.21-12.39.08:821][  0]LogD3D11RHI:    2. 'Microsoft Basic Render Driver' (Feature Level 11_0)
[2016.12.21-12.39.08:821][  0]LogD3D11RHI:       0/0/4042 MB DedicatedVideo/DedicatedSystem/SharedSystem, Outputs:0, VendorId:0x1414
[2016.12.21-12.39.08:821][  0]LogD3D11RHI: Chosen D3D11 Adapter: 0
[2016.12.21-12.39.08:825][  0]LogD3D11RHI: Creating new Direct3DDevice
[2016.12.21-12.39.08:825][  0]LogD3D11RHI:     GPU DeviceId: 0x1401 (for the marketing name, search the web for "GPU Device Id")
[2016.12.21-12.39.08:825][  0]LogWindows: EnumDisplayDevices:
[2016.12.21-12.39.08:825][  0]LogWindows:    0. 'NVIDIA GeForce GTX 960' (P:1 D:1)
[2016.12.21-12.39.08:825][  0]LogWindows:    1. 'NVIDIA GeForce GTX 960' (P:0 D:0)
[2016.12.21-12.39.08:825][  0]LogWindows:    2. 'NVIDIA GeForce GTX 960' (P:0 D:0)
[2016.12.21-12.39.08:825][  0]LogWindows:    3. 'NVIDIA GeForce GTX 960' (P:0 D:0)
[2016.12.21-12.39.08:826][  0]LogWindows:    4. 'Intel(R) HD Graphics 4000' (P:0 D:0)
[2016.12.21-12.39.08:826][  0]LogWindows:    5. 'Intel(R) HD Graphics 4000' (P:0 D:0)
[2016.12.21-12.39.08:826][  0]LogWindows: DebugString: PrimaryIsNotTheChoosenAdapter PrimaryIsNotTheChoosenAdapter FoundDriverCount:4 
[2016.12.21-12.39.08:826][  0]LogD3D11RHI:     Adapter Name: NVIDIA GeForce GTX 960
[2016.12.21-12.39.08:826][  0]LogD3D11RHI:   Driver Version: 368.81 (internal:10.18.13.6881, unified:368.81)
[2016.12.21-12.39.08:826][  0]LogD3D11RHI:      Driver Date: 7-10-2016
[2016.12.21-12.39.08:826][  0]LogRHI: Texture pool is 1361 MB (70% of 1945 MB)
[2016.12.21-12.39.08:837][  0]LogD3D11RHI: Async texture creation enabled
[2016.12.21-12.39.08:848][  0]LogD3D11RHI: GPU Timing Frequency: 1000.000000 (Debug: 2 1)
[2016.12.21-12.39.08:848][  0]LogShaderCompilers: Guid format shader working directory is 11 characters bigger than the processId version (E:/Unreal Projects/BananaTurntable/Intermediate/Shaders/WorkingDirectory/17140/).
[2016.12.21-12.39.08:848][  0]LogShaderCompilers: Cleaned the shader compiler working directory 'C:/Users/Tommy/AppData/Local/Temp/UnrealShaderWorkingDir/24E1C41D4F9D8D33BFEF4B9ECF5AB95B/'.
[2016.12.21-12.39.08:848][  0]LogShaderCompilers:Display: Using Local Shader Compiler.
[2016.12.21-12.39.10:015][  0]LogTemp:Display: Loaded TP AllDesktopTargetPlatform
[2016.12.21-12.39.10:073][  0]LogTemp:Display: Loaded TP MacClientTargetPlatform
[2016.12.21-12.39.10:131][  0]LogTemp:Display: Loaded TP MacNoEditorTargetPlatform
[2016.12.21-12.39.10:189][  0]LogTemp:Display: Loaded TP MacServerTargetPlatform
[2016.12.21-12.39.10:250][  0]LogTemp:Display: Loaded TP MacTargetPlatform
[2016.12.21-12.39.10:308][  0]LogTemp:Display: Loaded TP WindowsClientTargetPlatform
[2016.12.21-12.39.10:366][  0]LogTemp:Display: Loaded TP WindowsNoEditorTargetPlatform
[2016.12.21-12.39.10:423][  0]LogTemp:Display: Loaded TP WindowsServerTargetPlatform
[2016.12.21-12.39.10:471][  0]LogTemp:Display: Loaded TP WindowsTargetPlatform
[2016.12.21-12.39.10:530][  0]LogTemp:Display: Loaded TP AndroidTargetPlatform
[2016.12.21-12.39.10:586][  0]LogTemp:Display: Loaded TP Android_ASTCTargetPlatform
[2016.12.21-12.39.10:642][  0]LogTemp:Display: Loaded TP Android_ATCTargetPlatform
[2016.12.21-12.39.10:706][  0]LogTemp:Display: Loaded TP Android_DXTTargetPlatform
[2016.12.21-12.39.10:786][  0]LogTemp:Display: Loaded TP Android_ETC1TargetPlatform
[2016.12.21-12.39.10:842][  0]LogTemp:Display: Loaded TP Android_ETC2TargetPlatform
[2016.12.21-12.39.10:956][  0]LogTemp:Display: Loaded TP Android_MultiTargetPlatform
[2016.12.21-12.39.10:956][  0]LogTemp:Display: Loaded TP Android_PVRTCTargetPlatform
[2016.12.21-12.39.10:997][  0]LogTemp:Display: Loaded TP HTML5TargetPlatform
[2016.12.21-12.39.11:093][  0]LogTemp:Display: Loaded TP IOSTargetPlatform
[2016.12.21-12.39.11:129][  0]LogTemp:Display: Loaded TP TVOSTargetPlatform
[2016.12.21-12.39.11:187][  0]LogTemp:Display: Loaded TP LinuxClientTargetPlatform
[2016.12.21-12.39.11:244][  0]LogTemp:Display: Loaded TP LinuxNoEditorTargetPlatform
[2016.12.21-12.39.11:303][  0]LogTemp:Display: Loaded TP LinuxServerTargetPlatform
[2016.12.21-12.39.11:363][  0]LogTemp:Display: Loaded TP LinuxTargetPlatform
[2016.12.21-12.39.11:363][  0]LogTargetPlatformManager:Display: Building Assets For Windows
[2016.12.21-12.39.11:820][  0]LogDerivedDataCache:Display: Max Cache Size: 512 MB
[2016.12.21-12.39.12:225][  0]LogDerivedDataCache: Loaded boot cache 0.40s 50MB C:/Users/Tommy/AppData/Local/UnrealEngine/4.14/DerivedDataCache/Boot.ddc.
[2016.12.21-12.39.12:226][  0]LogDerivedDataCache:Display: Loaded Boot cache: C:/Users/Tommy/AppData/Local/UnrealEngine/4.14/DerivedDataCache/Boot.ddc
[2016.12.21-12.39.12:226][  0]LogDerivedDataCache: FDerivedDataBackendGraph:  Pak pak cache file E:/Unreal Projects/BananaTurntable/DerivedDataCache/DDC.ddp not found, will not use a pak cache.
[2016.12.21-12.39.12:226][  0]LogDerivedDataCache: Unable to find inner node Pak for hierarchical cache Hierarchy.
[2016.12.21-12.39.12:226][  0]LogDerivedDataCache: FDerivedDataBackendGraph:  CompressedPak pak cache file E:/Unreal Projects/BananaTurntable/DerivedDataCache/Compressed.ddp not found, will not use a pak cache.
[2016.12.21-12.39.12:226][  0]LogDerivedDataCache: Unable to find inner node CompressedPak for hierarchical cache Hierarchy.
[2016.12.21-12.39.12:247][  0]LogDerivedDataCache:Display: Pak cache opened for reading ../../../Engine/DerivedDataCache/Compressed.ddp.
[2016.12.21-12.39.12:259][  0]LogDerivedDataCache: Using Local data cache path C:/Users/Tommy/AppData/Local/UnrealEngine/Common/DerivedDataCache: Writable
[2016.12.21-12.39.13:563][  0]LogInit: Selected Device Profile: [Windows]
[2016.12.21-12.39.13:567][  0]LogContentStreaming: Texture pool size is 0.00 MB
[2016.12.21-12.39.13:778][  0]LogMeshUtilities: Using QuadricMeshReduction for automatic static mesh reduction
[2016.12.21-12.39.13:824][  0]LogSimplygon: Simplygon DLL not present - disabling.
[2016.12.21-12.39.13:874][  0]LogMeshUtilities: Using SimplygonSwarm for distributed automatic mesh merging
[2016.12.21-12.39.13:874][  0]LogMeshUtilities: No automatic skeletal mesh reduction module available
[2016.12.21-12.39.13:874][  0]LogMeshUtilities: No automatic mesh merging module available
[2016.12.21-12.39.14:493][  0]LogNetVersion: GetLocalNetworkVersion: CL: 3195953, ProjectName: bananaturntable, ProjectVersion: , EngineNetworkVersion: 2, GameNetworkVersion: 0, NetworkChecksum: 3064809256
[2016.12.21-12.39.14:554][  0]LogAssetRegistry: FAssetRegistry took 0.0225 seconds to start up
[2016.12.21-12.39.14:598][  0]LogPackageLocalizationCache: Processed 3 localized package path(s) for 2 prioritized culture(s) in 0.020386 seconds
[2016.12.21-12.39.14:603][  0]LogUObjectArray: 31946 objects as part of root set at end of initial load.
[2016.12.21-12.39.14:603][  0]LogUObjectAllocator: 6935848 out of 0 bytes used by permanent object pool.
[2016.12.21-12.39.14:603][  0]LogUObjectArray: CloseDisregardForGC: 0/0 objects in disregard for GC pool
[2016.12.21-12.39.14:672][  0]LogInit: WinSock: version 1.1 (2.2), MaxSocks=32767, MaxUdp=65467
[2016.12.21-12.39.15:490][  0]LogSlate: Using Freetype 2.6.0
[2016.12.21-12.39.15:499][  0]LogSlate: SlateFontCache - WITH_FREETYPE: 1, WITH_HARFBUZZ: 1
[2016.12.21-12.39.15:499][  0]LogSlate: SlateFontCache - WITH_FREETYPE: 1, WITH_HARFBUZZ: 1
[2016.12.21-12.39.17:576][  0]LogTcpMessaging: Initializing TcpMessaging bridge
[2016.12.21-12.39.17:621][  0]LogUdpMessaging: Initializing bridge on interface 0.0.0.0:0 to multicast group 230.0.0.1:6666.
[2016.12.21-12.39.17:972][  0]LogMaterial: Uniform references updated for custom material expression Custom.
[2016.12.21-12.39.18:375][  0]SourceControl: Info Source control is disabled
[2016.12.21-12.39.18:413][  0]SourceControl: Info Source control is disabled
[2016.12.21-12.39.18:465][  0]SourceControl: Info Source control is disabled
[2016.12.21-12.39.18:516][  0]SourceControl: Info Source control is disabled
[2016.12.21-12.39.19:919][  0]LogEngine: Initializing Engine...
[2016.12.21-12.39.19:920][  0]LogHMD: Failed to initialize OpenVR with code 110
[2016.12.21-12.39.20:167][  0]LogAIModule: Creating AISystem for world Untitled
[2016.12.21-12.39.20:176][  0]LogInit: XAudio2 using 'Speakers (Realtek High Definition Audio)' : 2 channels at 48 kHz using 32 bits per sample (channel mask 0x3)
[2016.12.21-12.39.20:197][  0]LogInit: FAudioDevice initialized.
[2016.12.21-12.39.20:220][  0]LogDerivedDataCache: Saved boot cache 0.02s 50MB C:/Users/Tommy/AppData/Local/UnrealEngine/4.14/DerivedDataCache/Boot.ddc.
[2016.12.21-12.39.20:228][  0]LogInit: Texture streaming: Enabled
[2016.12.21-12.39.20:428][  0]LogWindowsTextInputMethodSystem:Display: IME system now deactivated.
[2016.12.21-12.39.20:428][  0]LogWindowsTextInputMethodSystem:Display: IME system now deactivated.
[2016.12.21-12.39.20:466][  0]LogInit: Transaction tracking system initialized
[2016.12.21-12.39.20:891][  0]BlueprintLog: New page: Editor Load
[2016.12.21-12.39.21:878][  0]LocalizationService: Info Localization service is disabled
[2016.12.21-12.39.22:845][  0]LogConsoleResponse:Display: 
[2016.12.21-12.39.23:164][  0]LogCook:Display: Max memory allowance for cook 16384mb min free memory 0mb
[2016.12.21-12.39.23:164][  0]LogCook:Display: Mobile HDR setting 1
[2016.12.21-12.39.24:191][  0]LogFileCache: Scanning file cache for directory 'E:/Unreal Projects/BananaTurntable/Content/' took 0.01s
[2016.12.21-12.39.24:241][  0]SourceControl: Info Source control is disabled
[2016.12.21-12.39.24:241][  0]Cmd: MAP LOAD FILE="../../../Engine/Content/Maps/Templates/Template_Default.umap" TEMPLATE=1 SHOWPROGRESS=1 FEATURELEVEL=3
[2016.12.21-12.39.24:241][  0]LightingResults: New page: Lighting Build
[2016.12.21-12.39.24:285][  0]MapCheck: New page: Map Check
[2016.12.21-12.39.24:285][  0]LightingResults: New page: Lighting Build
[2016.12.21-12.39.24:596][  0]LogAIModule: Creating AISystem for world Untitled_1
[2016.12.21-12.39.24:596][  0]LogActorComponent: RegisterComponentWithWorld: (/Temp/Untitled_1.Untitled_1:PersistentLevel.WorldSettings_1.StaticMeshComponent0) Trying to register component with IsPendingKill() == true. Aborting.
[2016.12.21-12.39.24:718][  0]LogEditorServer: Finished looking for orphan Actors (0.000 secs)
[2016.12.21-12.39.24:721][  0]Cmd: MAP CHECKDEP NOCLEARLOG
[2016.12.21-12.39.24:762][  0]MapCheck: Info Map check complete: 0 Error(s), 0 Warning(s), took 40.928ms to complete.
[2016.12.21-12.39.24:762][  0]LogFileHelpers: Loading map 'Template_Default' took 0.521
[2016.12.21-12.39.24:922][  0]LogCollectionManager: Loaded 0 collections in 0.001730 seconds
[2016.12.21-12.39.25:000][  0]LogFileCache: Scanning file cache for directory 'E:/Unreal Projects/BananaTurntable/Saved/Collections/' took 0.01s
[2016.12.21-12.39.25:000][  0]LogFileCache: Scanning file cache for directory 'E:/Unreal Projects/BananaTurntable/Content/Developers/Tommy/Collections/' took 0.01s
[2016.12.21-12.39.25:000][  0]LogFileCache: Scanning file cache for directory 'E:/Unreal Projects/BananaTurntable/Content/Collections/' took 0.01s
[2016.12.21-12.39.25:000][  0]LogCollectionManager: Rebuilt the GUID cache for 0 collections in 0.000002 seconds
[2016.12.21-12.39.25:009][  0]LogContentBrowser: Native class hierarchy populated in 0.0086 seconds. Added 2190 classes and 428 folders.
[2016.12.21-12.39.25:052][  0]LogStats: UGameplayTagsManager::ConstructGameplayTagTree: Construct from data asset -  0.000 s
[2016.12.21-12.39.25:052][  0]LogStats: UGameplayTagsManager::ConstructGameplayTagTree: GameplayTagTreeChangedEvent.Broadcast -  0.000 s
[2016.12.21-12.39.25:053][  0]LogContentBrowser: Native class hierarchy updated for 'GameplayTags' in 0.0005 seconds. Added 13 classes and 0 folders.
[2016.12.21-12.39.25:118][  0]LogContentBrowser: Native class hierarchy updated for 'WidgetCarousel' in 0.0004 seconds. Added 0 classes and 0 folders.
[2016.12.21-12.39.25:410][  0]LogContentBrowser: Native class hierarchy updated for 'AddContentDialog' in 0.0005 seconds. Added 0 classes and 0 folders.
[2016.12.21-12.39.25:455][  0]LogContentBrowser: Native class hierarchy updated for 'SceneOutliner' in 0.0005 seconds. Added 1 classes and 2 folders.
[2016.12.21-12.39.25:495][  0]LogCrashTracker: Crashtracker disabled due to settings.
[2016.12.21-12.39.25:501][  0]LogUObjectGlobals:Warning: Failed to find object 'Class None.'
[2016.12.21-12.39.25:569][  0]LogContentBrowser: Native class hierarchy updated for 'HierarchicalLODOutliner' in 0.0005 seconds. Added 1 classes and 2 folders.
[2016.12.21-12.39.25:569][  0]LogLoad: (Engine Initialization) Total time: 20.98 seconds
[2016.12.21-12.39.25:569][  0]LogLoad: (Engine Initialization) Total Blueprint compile time: 0.21 seconds
[2016.12.21-12.39.25:569][  0]LogExternalProfiler: Found external profiler: VSPerf
[2016.12.21-12.39.25:569][  0]LogExternalProfiler: Using external profiler: VSPerf
[2016.12.21-12.39.25:578][  0]LogOcInput: OculusInput pre-init called
[2016.12.21-12.39.25:597][  0]LogContentStreaming: Texture pool size now 600 MB
[2016.12.21-12.39.25:776][  0]LogRenderer: Reallocating scene render targets to support 1208x596 NumSamples 1 (Frame:2).
[2016.12.21-12.39.25:826][  1]LogAssetRegistry: Asset discovery search completed in 11.2942 seconds
[2016.12.21-12.39.25:826][  1]LogCollectionManager: Rebuilt the object cache for 0 collections in 0.000001 seconds (found 0 objects)
[2016.12.21-12.39.25:826][  1]LogCollectionManager: Fixed up redirectors for 0 collections in 0.000016 seconds (updated 0 objects)
[2016.12.21-12.39.29:215][166]LogFactory: FactoryCreateFile: StaticMesh with FbxFactory (0 0 D:/OneDrive/Freelance/Ray Wenderlich/Unreal Engine 4 Tutorial - Getting Started/Banana/Banana.fbx)
[2016.12.21-12.39.29:227][166]LogFbx: ItemName: GlobalSettings, ItemCount : 1
[2016.12.21-12.39.29:227][166]LogFbx: ItemName: AnimationStack, ItemCount : 1
[2016.12.21-12.39.29:227][166]LogFbx: ItemName: AnimationLayer, ItemCount : 1
[2016.12.21-12.39.29:227][166]LogFbx: ItemName: Geometry, ItemCount : 1
[2016.12.21-12.39.29:227][166]LogFbx: ItemName: Material, ItemCount : 1
[2016.12.21-12.39.29:227][166]LogFbx: ItemName: Model, ItemCount : 1
[2016.12.21-12.39.29:227][166]LogFbx: ItemName: CollectionExclusive, ItemCount : 1
[2016.12.21-12.39.29:232][166]LogFbx: Loading FBX Scene from D:/OneDrive/Freelance/Ray Wenderlich/Unreal Engine 4 Tutorial - Getting Started/Banana/Banana.fbx
[2016.12.21-12.39.29:239][166]LogFbx: FBX Scene Loaded Succesfully
[2016.12.21-12.39.30:567][166]LogFbx: Loading FBX Scene from D:/OneDrive/Freelance/Ray Wenderlich/Unreal Engine 4 Tutorial - Getting Started/Banana/Banana.fbx
[2016.12.21-12.39.30:575][166]LogFbx: FBX Scene Loaded Succesfully
[2016.12.21-12.39.30:580][166]LogFbx:Warning: Triangulating static mesh pCylinder1
[2016.12.21-12.39.31:254][166]LogStaticMesh: Building static mesh Banana...
[2016.12.21-12.39.31:345][166]LogStaticMesh: Built static mesh [0.09s] /Game/Banana.Banana
[2016.12.21-12.39.31:389][166]LogFactory: FactoryCreateFile: Texture with ReimportTextureFactory (0 0 D:/OneDrive/Freelance/Ray Wenderlich/Unreal Engine 4 Tutorial - Getting Started/Banana/Banana.jpg)
[2016.12.21-12.39.31:418][166]LogTexture:Display: Building textures: Banana_0 (AutoDXT)
[2016.12.21-12.45.58:535][183]LogFactory: FactoryCreateFile: StaticMesh with FbxFactory (0 0 D:/OneDrive/Freelance/Ray Wenderlich/Unreal Engine 4 Tutorial - Getting Started/Banana/Banana_Model.fbx)
[2016.12.21-12.45.58:541][183]LogFbx: ItemName: GlobalSettings, ItemCount : 1
[2016.12.21-12.45.58:541][183]LogFbx: ItemName: AnimationStack, ItemCount : 1
[2016.12.21-12.45.58:541][183]LogFbx: ItemName: AnimationLayer, ItemCount : 1
[2016.12.21-12.45.58:541][183]LogFbx: ItemName: Geometry, ItemCount : 1
[2016.12.21-12.45.58:541][183]LogFbx: ItemName: Material, ItemCount : 1
[2016.12.21-12.45.58:541][183]LogFbx: ItemName: Model, ItemCount : 1
[2016.12.21-12.45.58:541][183]LogFbx: ItemName: CollectionExclusive, ItemCount : 1
[2016.12.21-12.45.58:546][183]LogFbx: Loading FBX Scene from D:/OneDrive/Freelance/Ray Wenderlich/Unreal Engine 4 Tutorial - Getting Started/Banana/Banana_Model.fbx
[2016.12.21-12.45.58:553][183]LogFbx: FBX Scene Loaded Succesfully
[2016.12.21-12.46.51:233][183]LogFactory: FactoryCreateFile: Texture with ReimportTextureFactory (0 0 D:/OneDrive/Freelance/Ray Wenderlich/Unreal Engine 4 Tutorial - Getting Started/Banana/Banana_Texture.jpg)
[2016.12.21-12.46.51:261][183]LogTexture:Display: Building textures: Banana_Texture (AutoDXT)
[2016.12.21-12.47.50:587][931]LogFactory: FactoryCreateFile: StaticMesh with FbxFactory (0 0 D:/OneDrive/Freelance/Ray Wenderlich/Unreal Engine 4 Tutorial - Getting Started/Banana/Banana_Model.fbx)
[2016.12.21-12.47.50:591][931]LogFbx: ItemName: GlobalSettings, ItemCount : 1
[2016.12.21-12.47.50:591][931]LogFbx: ItemName: AnimationStack, ItemCount : 1
[2016.12.21-12.47.50:591][931]LogFbx: ItemName: AnimationLayer, ItemCount : 1
[2016.12.21-12.47.50:591][931]LogFbx: ItemName: Geometry, ItemCount : 1
[2016.12.21-12.47.50:591][931]LogFbx: ItemName: Material, ItemCount : 1
[2016.12.21-12.47.50:591][931]LogFbx: ItemName: Model, ItemCount : 1
[2016.12.21-12.47.50:591][931]LogFbx: ItemName: CollectionExclusive, ItemCount : 1
[2016.12.21-12.47.50:595][931]LogFbx: Loading FBX Scene from D:/OneDrive/Freelance/Ray Wenderlich/Unreal Engine 4 Tutorial - Getting Started/Banana/Banana_Model.fbx
[2016.12.21-12.47.50:602][931]LogFbx: FBX Scene Loaded Succesfully
[2016.12.21-12.47.51:484][931]LogFbx: Loading FBX Scene from D:/OneDrive/Freelance/Ray Wenderlich/Unreal Engine 4 Tutorial - Getting Started/Banana/Banana_Model.fbx
[2016.12.21-12.47.51:491][931]LogFbx: FBX Scene Loaded Succesfully
[2016.12.21-12.47.51:497][931]LogFbx:Warning: Triangulating static mesh pCylinder1
[2016.12.21-12.47.52:167][931]LogStaticMesh: Building static mesh Banana_Model...
[2016.12.21-12.47.52:257][931]LogStaticMesh: Built static mesh [0.09s] /Game/Banana_Model.Banana_Model
[2016.12.21-12.47.52:296][931]LogFactory: FactoryCreateFile: Texture with ReimportTextureFactory (0 0 D:/OneDrive/Freelance/Ray Wenderlich/Unreal Engine 4 Tutorial - Getting Started/Banana/Banana_Texture.jpg)
[2016.12.21-12.47.52:322][931]LogTexture:Display: Building textures: Banana_Texture (AutoDXT)
[2016.12.21-12.49.25:910][766]LogFileHelpers: Editor autosave (incl. sublevels) for '/Temp/Untitled_1' took 0.009
[2016.12.21-12.49.25:912][766]OBJ SavePackage: Generating thumbnails for [1] asset(s) in package [/Game/Banana_Model] ([1] browsable assets)...
[2016.12.21-12.49.25:939][766]OBJ SavePackage:     Rendered thumbnail for [StaticMesh /Game/Banana_Model.Banana_Model]
[2016.12.21-12.49.25:939][766]OBJ SavePackage: Finished generating thumbnails for package [/Game/Banana_Model]
[2016.12.21-12.49.25:939][766]Cmd: OBJ SAVEPACKAGE PACKAGE="/Game/Banana_Model" FILE="E:/Unreal Projects/BananaTurntable/Saved/Autosaves/Game/Banana_Model_Auto1.uasset" SILENT=false AUTOSAVING=true
[2016.12.21-12.49.25:953][766]LogSavePackage: Save=12.80ms
[2016.12.21-12.49.25:953][766]LogSavePackage: Moving 'E:/Unreal Projects/BananaTurntable/Saved/Banana_Model_Auto1B580BF51435001F43B52E08048D519BE.tmp' to 'E:/Unreal Projects/BananaTurntable/Saved/Autosaves/Game/Banana_Model_Auto1.uasset'
[2016.12.21-12.49.25:953][766]LogSavePackage:Display: Finished SavePackage E:/Unreal Projects/BananaTurntable/Saved/Autosaves/Game/Banana_Model_Auto1.uasset
[2016.12.21-12.49.25:953][766]OBJ SavePackage: Generating thumbnails for [1] asset(s) in package [/Game/Banana_Texture] ([1] browsable assets)...
[2016.12.21-12.49.25:963][766]OBJ SavePackage:     Rendered thumbnail for [Texture2D /Game/Banana_Texture.Banana_Texture]
[2016.12.21-12.49.25:963][766]OBJ SavePackage: Finished generating thumbnails for package [/Game/Banana_Texture]
[2016.12.21-12.49.25:963][766]Cmd: OBJ SAVEPACKAGE PACKAGE="/Game/Banana_Texture" FILE="E:/Unreal Projects/BananaTurntable/Saved/Autosaves/Game/Banana_Texture_Auto1.uasset" SILENT=false AUTOSAVING=true
[2016.12.21-12.49.25:978][766]LogSavePackage: Save=13.82ms
[2016.12.21-12.49.25:978][766]LogSavePackage: Moving 'E:/Unreal Projects/BananaTurntable/Saved/Banana_Texture_Auto171C2B7EB4A3ECC55C2AD54B7B15563F8.tmp' to 'E:/Unreal Projects/BananaTurntable/Saved/Autosaves/Game/Banana_Texture_Auto1.uasset'
[2016.12.21-12.49.25:979][766]LogSavePackage:Display: Finished SavePackage E:/Unreal Projects/BananaTurntable/Saved/Autosaves/Game/Banana_Texture_Auto1.uasset
[2016.12.21-12.49.25:979][766]LogFileHelpers: Auto-saving content packages took 0.067
[2016.12.21-12.54.57:869][384]Cmd: MAP LOAD FILE="../../../Engine/Content/Maps/Templates/Template_Default.umap" TEMPLATE=1 SHOWPROGRESS=1 FEATURELEVEL=3
[2016.12.21-12.54.57:879][384]LightingResults: New page: Lighting Build
[2016.12.21-12.54.57:880][384]LoadErrors: New page: Loading map: Template_Default.umap
[2016.12.21-12.54.57:881][384]MapCheck: New page: Map Check
[2016.12.21-12.54.57:881][384]LightingResults: New page: Lighting Build
[2016.12.21-12.54.57:900][384]LogAIModule: Creating AISystem for world Untitled_2
[2016.12.21-12.54.57:903][384]LogActorComponent: RegisterComponentWithWorld: (/Temp/Untitled_2.Untitled_2:PersistentLevel.WorldSettings_1.StaticMeshComponent0) Trying to register component with IsPendingKill() == true. Aborting.
[2016.12.21-12.54.57:905][384]LogEditorServer: Finished looking for orphan Actors (0.000 secs)
[2016.12.21-12.54.57:930][384]Cmd: MAP CHECKDEP NOCLEARLOG
[2016.12.21-12.54.57:972][384]MapCheck: Info Map check complete: 0 Error(s), 0 Warning(s), took 42.48ms to complete.
[2016.12.21-12.54.57:972][384]LogFileHelpers: Loading map 'Template_Default' took 0.104
[2016.12.21-13.02.06:983][522]Cmd: OBJ SAVEPACKAGE PACKAGE="/Game/BananaMap" FILE="E:/Unreal Projects/BananaTurntable/Content/BananaMap.umap" SILENT=true AUTOSAVING=false KEEPDIRTY=false
[2016.12.21-13.02.07:023][522]LogSavePackage: Save=28.17ms
[2016.12.21-13.02.07:023][522]LogSavePackage: Moving 'E:/Unreal Projects/BananaTurntable/Saved/BananaMap77ADFE6441B41D64709924A450B1F701.tmp' to 'E:/Unreal Projects/BananaTurntable/Content/BananaMap.umap'
[2016.12.21-13.02.07:023][522]LogSavePackage:Display: Finished SavePackage E:/Unreal Projects/BananaTurntable/Content/BananaMap.umap
[2016.12.21-13.02.07:090][522]LogFileHelpers: Saving map 'BananaMap' took 0.510
[2016.12.21-13.02.09:603][803]Cmd: OBJ SAVEPACKAGE PACKAGE="/Game/BananaMap" FILE="E:/Unreal Projects/BananaTurntable/Content/BananaMap.umap" SILENT=true AUTOSAVING=false KEEPDIRTY=false
[2016.12.21-13.02.09:690][803]LogSavePackage: Save=23.87ms
[2016.12.21-13.02.09:690][803]LogSavePackage: Moving 'E:/Unreal Projects/BananaTurntable/Saved/BananaMap4747AA5B41B7692F2DC2BEBDAFABB2BB.tmp' to 'E:/Unreal Projects/BananaTurntable/Content/BananaMap.umap'
[2016.12.21-13.02.09:691][803]LogSavePackage:Display: Finished SavePackage E:/Unreal Projects/BananaTurntable/Content/BananaMap.umap
[2016.12.21-13.02.14:247][338]Cmd: OBJ SAVEPACKAGE PACKAGE="/Game/BananaMap" FILE="E:/Unreal Projects/BananaTurntable/Content/BananaMap.umap" SILENT=true AUTOSAVING=false KEEPDIRTY=false
[2016.12.21-13.02.14:290][338]LogSavePackage: Save=32.47ms
[2016.12.21-13.02.14:290][338]LogSavePackage: Moving 'E:/Unreal Projects/BananaTurntable/Saved/BananaMapF2851FE943C031251418CB8CB34D3D0C.tmp' to 'E:/Unreal Projects/BananaTurntable/Content/BananaMap.umap'
[2016.12.21-13.02.14:290][338]LogSavePackage:Display: Finished SavePackage E:/Unreal Projects/BananaTurntable/Content/BananaMap.umap
[2016.12.21-13.02.41:649][957]Cmd: OBJ SAVEPACKAGE PACKAGE="/Game/Banana_Model" FILE="E:/Unreal Projects/BananaTurntable/Content/Banana_Model.uasset" SILENT=true
[2016.12.21-13.02.41:662][957]LogSavePackage: Save=12.67ms
[2016.12.21-13.02.41:662][957]LogSavePackage: Moving 'E:/Unreal Projects/BananaTurntable/Saved/Banana_Model9CB2810546183A2C46595BBA55FB20A6.tmp' to 'E:/Unreal Projects/BananaTurntable/Content/Banana_Model.uasset'
[2016.12.21-13.02.41:665][957]LogSavePackage:Display: Finished SavePackage E:/Unreal Projects/BananaTurntable/Content/Banana_Model.uasset
[2016.12.21-13.02.41:676][957]Cmd: OBJ SAVEPACKAGE PACKAGE="/Game/Banana_Texture" FILE="E:/Unreal Projects/BananaTurntable/Content/Banana_Texture.uasset" SILENT=true
[2016.12.21-13.02.41:784][957]LogSavePackage: Save=106.24ms
[2016.12.21-13.02.41:784][957]LogSavePackage: Moving 'E:/Unreal Projects/BananaTurntable/Saved/Banana_TextureB7A58FD2401F4EA05C7C08A677227A2B.tmp' to 'E:/Unreal Projects/BananaTurntable/Content/Banana_Texture.uasset'
[2016.12.21-13.02.41:787][957]LogSavePackage:Display: Finished SavePackage E:/Unreal Projects/BananaTurntable/Content/Banana_Texture.uasset
[2016.12.21-13.02.51:654][970]LightingResults: New page: Lighting Build
[2016.12.21-13.02.51:654][970]MapCheck: New page: Map Check
[2016.12.21-13.02.51:654][970]LightingResults: New page: Lighting Build
[2016.12.21-13.02.51:663][970]LogAIModule: Creating AISystem for world Untitled
[2016.12.21-13.02.51:667][970]LoadErrors: New page: New Map
[2016.12.21-13.02.51:697][970]LogAIModule: Creating AISystem for world BananaMap
[2016.12.21-13.03.05:998][976]Cmd: MAP LOAD FILE="../../../Engine/Content/Maps/Templates/Template_Default.umap" TEMPLATE=1 SHOWPROGRESS=1 FEATURELEVEL=3
[2016.12.21-13.03.06:005][976]LightingResults: New page: Lighting Build
[2016.12.21-13.03.06:006][976]LoadErrors: New page: Loading map: Template_Default.umap
[2016.12.21-13.03.06:006][976]MapCheck: New page: Map Check
[2016.12.21-13.03.06:006][976]LightingResults: New page: Lighting Build
[2016.12.21-13.03.06:046][976]LogAIModule: Creating AISystem for world Untitled_4
[2016.12.21-13.03.06:047][976]LogActorComponent: RegisterComponentWithWorld: (/Temp/Untitled_4.Untitled_4:PersistentLevel.WorldSettings_1.StaticMeshComponent0) Trying to register component with IsPendingKill() == true. Aborting.
[2016.12.21-13.03.06:049][976]LogEditorServer: Finished looking for orphan Actors (0.000 secs)
[2016.12.21-13.03.06:056][976]Cmd: MAP CHECKDEP NOCLEARLOG
[2016.12.21-13.03.06:101][976]MapCheck: Info Map check complete: 0 Error(s), 0 Warning(s), took 44.492ms to complete.
[2016.12.21-13.03.06:101][976]LogFileHelpers: Loading map 'Template_Default' took 0.104
[2016.12.21-13.03.09:772][245]LogFactory: FactoryCreateFile: StaticMesh with FbxFactory (0 0 D:/OneDrive/Freelance/Ray Wenderlich/Unreal Engine 4 Tutorial - Getting Started/Banana/Banana_Model.fbx)
[2016.12.21-13.03.09:776][245]LogFbx: ItemName: GlobalSettings, ItemCount : 1
[2016.12.21-13.03.09:776][245]LogFbx: ItemName: AnimationStack, ItemCount : 1
[2016.12.21-13.03.09:776][245]LogFbx: ItemName: AnimationLayer, ItemCount : 1
[2016.12.21-13.03.09:776][245]LogFbx: ItemName: Geometry, ItemCount : 1
[2016.12.21-13.03.09:776][245]LogFbx: ItemName: Material, ItemCount : 1
[2016.12.21-13.03.09:776][245]LogFbx: ItemName: Model, ItemCount : 1
[2016.12.21-13.03.09:776][245]LogFbx: ItemName: CollectionExclusive, ItemCount : 1
[2016.12.21-13.03.09:780][245]LogFbx: Loading FBX Scene from D:/OneDrive/Freelance/Ray Wenderlich/Unreal Engine 4 Tutorial - Getting Started/Banana/Banana_Model.fbx
[2016.12.21-13.03.09:788][245]LogFbx: FBX Scene Loaded Succesfully
[2016.12.21-13.03.10:979][245]LogFbx: Loading FBX Scene from D:/OneDrive/Freelance/Ray Wenderlich/Unreal Engine 4 Tutorial - Getting Started/Banana/Banana_Model.fbx
[2016.12.21-13.03.10:986][245]LogFbx: FBX Scene Loaded Succesfully
[2016.12.21-13.03.10:992][245]LogFbx:Warning: Triangulating static mesh pCylinder1
[2016.12.21-13.03.11:664][245]LogStaticMesh: Building static mesh Banana_Model...
[2016.12.21-13.03.11:753][245]LogStaticMesh: Built static mesh [0.09s] /Game/Banana_Model.Banana_Model
[2016.12.21-13.03.11:790][245]LogFactory: FactoryCreateFile: Texture with ReimportTextureFactory (0 0 D:/OneDrive/Freelance/Ray Wenderlich/Unreal Engine 4 Tutorial - Getting Started/Banana/Banana_Texture.jpg)
[2016.12.21-13.03.11:817][245]LogTexture:Display: Building textures: Banana_Texture (AutoDXT)
[2016.12.21-13.03.15:314][627]Cmd: OBJ SAVEPACKAGE PACKAGE="/Game/Banana_Model" FILE="E:/Unreal Projects/BananaTurntable/Content/Banana_Model.uasset" SILENT=true
[2016.12.21-13.03.15:328][627]LogSavePackage: Save=12.53ms
[2016.12.21-13.03.15:328][627]LogSavePackage: Moving 'E:/Unreal Projects/BananaTurntable/Saved/Banana_Model4FDDA00F495F6C543D26C295D22F60D4.tmp' to 'E:/Unreal Projects/BananaTurntable/Content/Banana_Model.uasset'
[2016.12.21-13.03.15:329][627]LogSavePackage:Display: Finished SavePackage E:/Unreal Projects/BananaTurntable/Content/Banana_Model.uasset
[2016.12.21-13.03.15:340][627]Cmd: OBJ SAVEPACKAGE PACKAGE="/Game/Banana_Texture" FILE="E:/Unreal Projects/BananaTurntable/Content/Banana_Texture.uasset" SILENT=true
[2016.12.21-13.03.15:431][627]LogSavePackage: Save=89.99ms
[2016.12.21-13.03.15:431][627]LogSavePackage: Moving 'E:/Unreal Projects/BananaTurntable/Saved/Banana_Texture1F281DFA490CAC38892155B2E4638BAE.tmp' to 'E:/Unreal Projects/BananaTurntable/Content/Banana_Texture.uasset'
[2016.12.21-13.03.15:432][627]LogSavePackage:Display: Finished SavePackage E:/Unreal Projects/BananaTurntable/Content/Banana_Texture.uasset
[2016.12.21-13.05.22:194][213]LogContentBrowser: Native class hierarchy updated for 'TextureEditor' in 0.0005 seconds. Added 1 classes and 2 folders.
[2016.12.21-13.07.33:793][202]LogActorFactory: Actor Factory created Banana_Model
[2016.12.21-13.07.40:285][972]LogEditorViewport: Clicking on Actor (context menu): StaticMeshActor (Floor)
[2016.12.21-13.08.44:176][657]LogActorFactory: Actor Factory created Banana_Model
[2016.12.21-13.09.22:377][400]LogActorFactory: Actor Factory created Banana_Model
[2016.12.21-13.09.24:403][636]LogActorFactory: Actor Factory created Banana_Model
[2016.12.21-13.12.04:634][652]LogActorFactory: Actor Factory created Banana_Model
[2016.12.21-13.12.05:371][726]LogActorFactory: Actor Factory created Banana_Model
[2016.12.21-13.12.14:113][143]Cmd: DELETE
[2016.12.21-13.12.14:113][143]Cmd: ACTOR DELETE
[2016.12.21-13.12.14:113][143]LogEditorActor: Deleted Actor: StaticMeshActor
[2016.12.21-13.12.14:122][143]LogEditorActor: Deleted 1 Actors (0.009 secs)
[2016.12.21-13.12.14:479][186]LogEditorViewport: Clicking on Actor (LMB): StaticMeshActor (Banana_Model)
[2016.12.21-13.12.14:582][194]Cmd: DELETE
[2016.12.21-13.12.14:582][194]Cmd: ACTOR DELETE
[2016.12.21-13.12.14:582][194]LogEditorActor: Deleted Actor: StaticMeshActor
[2016.12.21-13.12.14:590][194]LogEditorActor: Deleted 1 Actors (0.008 secs)
[2016.12.21-13.13.50:950][791]Cmd: OBJ SAVEPACKAGE PACKAGE="/Temp/Untitled_4" FILE="E:/Unreal Projects/BananaTurntable/Saved/Autosaves/Temp/Untitled_4_Auto2.umap" SILENT=true AUTOSAVING=true KEEPDIRTY=false
[2016.12.21-13.13.50:975][791]LogSavePackage: Save=24.74ms
[2016.12.21-13.13.50:975][791]LogSavePackage: Moving 'E:/Unreal Projects/BananaTurntable/Saved/Untitled_4_Auto21F1D1605424871082C4F9AB965157B37.tmp' to 'E:/Unreal Projects/BananaTurntable/Saved/Autosaves/Temp/Untitled_4_Auto2.umap'
[2016.12.21-13.13.50:975][791]LogSavePackage:Display: Finished SavePackage E:/Unreal Projects/BananaTurntable/Saved/Autosaves/Temp/Untitled_4_Auto2.umap
[2016.12.21-13.13.50:979][791]LogFileHelpers: Editor autosave (incl. sublevels) for '/Temp/Untitled_4' took 0.037
[2016.12.21-13.13.50:979][791]LogFileHelpers: Editor autosave (incl. sublevels) for all levels took 0.037
[2016.12.21-13.14.12:932][276]LogActorFactory: Actor Factory created Banana_Model
[2016.12.21-13.14.14:747][492]LogActorFactory: Actor Factory created Banana_Model
[2016.12.21-13.14.43:040][ 31]LogActorFactory: Actor Factory created Banana_Model
[2016.12.21-13.14.43:860][122]LogActorFactory: Actor Factory created Banana_Model
[2016.12.21-13.14.47:707][306]LogEditorViewport: Clicking on Actor (LMB): StaticMeshActor (Banana_Model)
[2016.12.21-13.14.48:184][359]Cmd: DELETE
[2016.12.21-13.14.48:184][359]Cmd: ACTOR DELETE
[2016.12.21-13.14.48:185][359]LogEditorActor: Deleted Actor: StaticMeshActor
[2016.12.21-13.14.48:194][359]LogEditorActor: Deleted 1 Actors (0.010 secs)
[2016.12.21-13.14.48:586][406]LogEditorViewport: Clicking on Actor (LMB): StaticMeshActor (Banana_Model2)
[2016.12.21-13.14.48:679][413]Cmd: DELETE
[2016.12.21-13.14.48:679][413]Cmd: ACTOR DELETE
[2016.12.21-13.14.48:679][413]LogEditorActor: Deleted Actor: StaticMeshActor
[2016.12.21-13.14.48:689][413]LogEditorActor: Deleted 1 Actors (0.010 secs)
[2016.12.21-13.15.01:249][632]LogActorFactory: Actor Factory created Banana_Model
[2016.12.21-13.15.02:979][834]LogActorFactory: Actor Factory created Banana_Model
[2016.12.21-13.21.47:185][816]Cmd: TRANSACTION UNDO
[2016.12.21-13.21.47:185][816]LogEditorTransaction: Undo Scale Actors
[2016.12.21-13.21.47:568][856]Cmd: TRANSACTION UNDO
[2016.12.21-13.21.47:568][856]LogEditorTransaction: Undo Rotate Actors
[2016.12.21-13.21.49:784][119]Cmd: TRANSACTION UNDO
[2016.12.21-13.21.49:784][119]LogEditorTransaction: Undo Create Actors
[2016.12.21-13.21.51:025][266]LogActorFactory: Actor Factory created Banana_Model
[2016.12.21-13.21.51:985][380]LogActorFactory: Actor Factory created Banana_Model
[2016.12.21-13.23.51:842][373]Cmd: OBJ SAVEPACKAGE PACKAGE="/Temp/Untitled_4" FILE="E:/Unreal Projects/BananaTurntable/Saved/Autosaves/Temp/Untitled_4_Auto3.umap" SILENT=true AUTOSAVING=true KEEPDIRTY=false
[2016.12.21-13.23.51:867][373]LogSavePackage: Save=25.62ms
[2016.12.21-13.23.51:867][373]LogSavePackage: Moving 'E:/Unreal Projects/BananaTurntable/Saved/Untitled_4_Auto357A80BAD476AC33C4F9E4BA20B3B4E38.tmp' to 'E:/Unreal Projects/BananaTurntable/Saved/Autosaves/Temp/Untitled_4_Auto3.umap'
[2016.12.21-13.23.51:868][373]LogSavePackage:Display: Finished SavePackage E:/Unreal Projects/BananaTurntable/Saved/Autosaves/Temp/Untitled_4_Auto3.umap
[2016.12.21-13.23.51:869][373]LogFileHelpers: Editor autosave (incl. sublevels) for '/Temp/Untitled_4' took 0.037
[2016.12.21-13.23.51:869][373]LogFileHelpers: Editor autosave (incl. sublevels) for all levels took 0.037
[2016.12.21-13.33.52:551][111]Cmd: OBJ SAVEPACKAGE PACKAGE="/Temp/Untitled_4" FILE="E:/Unreal Projects/BananaTurntable/Saved/Autosaves/Temp/Untitled_4_Auto4.umap" SILENT=true AUTOSAVING=true KEEPDIRTY=false
[2016.12.21-13.33.52:577][111]LogSavePackage: Save=25.57ms
[2016.12.21-13.33.52:577][111]LogSavePackage: Moving 'E:/Unreal Projects/BananaTurntable/Saved/Untitled_4_Auto4A53FAA51450F5278EFC97E8D25676497.tmp' to 'E:/Unreal Projects/BananaTurntable/Saved/Autosaves/Temp/Untitled_4_Auto4.umap'
[2016.12.21-13.33.52:578][111]LogSavePackage:Display: Finished SavePackage E:/Unreal Projects/BananaTurntable/Saved/Autosaves/Temp/Untitled_4_Auto4.umap
[2016.12.21-13.33.52:581][111]LogFileHelpers: Editor autosave (incl. sublevels) for '/Temp/Untitled_4' took 0.041
[2016.12.21-13.33.52:581][111]LogFileHelpers: Editor autosave (incl. sublevels) for all levels took 0.041
[2016.12.21-14.10.58:058][969]Cmd: QUIT_EDITOR
[2016.12.21-14.10.58:100][969]LogWindowsTextInputMethodSystem:Display: IME system now deactivated.
[2016.12.21-14.10.58:100][969]LogWindowsTextInputMethodSystem:Display: IME system now deactivated.
[2016.12.21-14.10.58:135][969]LogExit: Preparing to exit.
[2016.12.21-14.10.58:568][969]LogExit: Editor shut down
[2016.12.21-14.10.58:569][969]LogExit: Transaction tracking system shut down
[2016.12.21-14.10.58:694][969]LogObj: Freed 0b from 0 cluster array pools.
[2016.12.21-14.10.58:695][969]LogExit: Object subsystem successfully closed.
[2016.12.21-14.10.58:724][969]LogD3D11RHI: Shutdown
[2016.12.21-14.10.58:724][969]LogD3D11RHI: CleanupD3DDevice
[2016.12.21-14.10.58:781][969]LogD3D11RHI: ~FD3D11DynamicRHI
[2016.12.21-14.10.58:797][969]LogHttp:Display: Http module shutting down, but needs to wait on 1 outstanding Http requests:
[2016.12.21-14.10.58:797][969]LogHttp:Display: 	verb=[POST] url=[https://datarouter.ol.epicgames.com/datarouter/api/v1/public/data?SessionID=%7B8E8B95A8-4242-A66D-A802-20ADFCE9B532%7D&AppID=UEEditor.Rocket.Release&AppVersion=4.14.1-3224400%2B%2B%2BUE4%2BRelease-4.14&UserID=1bda2ee54da093b2a50b8c91a368fe62%7Cddaae3d7adad4251b47aebd4e1f1f19e%7C69959759-ac70-48c0-a241-92f33d26a024&AppEnvironment=datacollector-binary&UploadType=eteventstream] status=Processing
[2016.12.21-14.10.58:811][969]LogModuleManager: Shutting down and abandoning module TextureEditor (243)
[2016.12.21-14.10.58:811][969]LogModuleManager: Shutting down and abandoning module NewLevelDialog (242)
[2016.12.21-14.10.58:811][969]LogModuleManager: Shutting down and abandoning module HierarchicalLODOutliner (241)
[2016.12.21-14.10.58:811][969]LogModuleManager: Shutting down and abandoning module CrashTracker (240)
[2016.12.21-14.10.58:811][969]LogModuleManager: Shutting down and abandoning module SceneOutliner (239)
[2016.12.21-14.10.58:811][969]LogModuleManager: Shutting down and abandoning module WidgetCarousel (238)
[2016.12.21-14.10.58:811][969]LogModuleManager: Shutting down and abandoning module AddContentDialog (237)
[2016.12.21-14.10.58:811][969]LogDirectoryWatcher: A directory notification for 'C:/Program Files (x86)/Epic Games/4.14/FeaturePacks/' was aborted.
[2016.12.21-14.10.58:817][969]LogModuleManager: Shutting down and abandoning module GameplayTags (236)
[2016.12.21-14.10.58:817][969]LogModuleManager: Shutting down and abandoning module EditorWidgets (235)
[2016.12.21-14.10.58:817][969]LogModuleManager: Shutting down and abandoning module CollectionManager (234)
[2016.12.21-14.10.58:817][969]LogDirectoryWatcher: A directory notification for 'E:/Unreal Projects/BananaTurntable/Content/Collections/' was aborted.
[2016.12.21-14.10.58:817][969]LogDirectoryWatcher: A directory notification for 'E:/Unreal Projects/BananaTurntable/Content/Developers/Tommy/Collections/' was aborted.
[2016.12.21-14.10.58:817][969]LogDirectoryWatcher: A directory notification for 'E:/Unreal Projects/BananaTurntable/Saved/Collections/' was aborted.
[2016.12.21-14.10.58:817][969]LogModuleManager: Shutting down and abandoning module StatsViewer (233)
[2016.12.21-14.10.58:817][969]LogModuleManager: Shutting down and abandoning module FoliageEdit (232)
[2016.12.21-14.10.58:817][969]LogModuleManager: Shutting down and abandoning module LandscapeEditor (231)
[2016.12.21-14.10.58:817][969]LogModuleManager: Shutting down and abandoning module SceneDepthPickerMode (230)
[2016.12.21-14.10.58:817][969]LogModuleManager: Shutting down and abandoning module ActorPickerMode (229)
[2016.12.21-14.10.58:817][969]LogModuleManager: Shutting down and abandoning module GeometryMode (228)
[2016.12.21-14.10.58:817][969]LogModuleManager: Shutting down and abandoning module TextureAlignMode (227)
[2016.12.21-14.10.58:817][969]LogModuleManager: Shutting down and abandoning module BspMode (226)
[2016.12.21-14.10.58:817][969]LogModuleManager: Shutting down and abandoning module HardwareSurvey (225)
[2016.12.21-14.10.58:818][969]LogModuleManager: Shutting down and abandoning module SequenceRecorderSections (224)
[2016.12.21-14.10.58:818][969]LogModuleManager: Shutting down and abandoning module AutomationWorker (223)
[2016.12.21-14.10.58:818][969]LogModuleManager: Shutting down and abandoning module MatineeToLevelSequence (222)
[2016.12.21-14.10.58:818][969]LogModuleManager: Shutting down and abandoning module PlacementMode (221)
[2016.12.21-14.10.58:818][969]LogModuleManager: Shutting down and abandoning module LevelSequenceEditor (220)
[2016.12.21-14.10.58:818][969]LogModuleManager: Shutting down and abandoning module WmfMediaFactory (219)
[2016.12.21-14.10.58:818][969]LogModuleManager: Shutting down and abandoning module WmfMediaEditor (218)
[2016.12.21-14.10.58:818][969]LogModuleManager: Shutting down and abandoning module AvfMediaFactory (217)
[2016.12.21-14.10.58:818][969]LogModuleManager: Shutting down and abandoning module AvfMediaEditor (216)
[2016.12.21-14.10.58:818][969]LogModuleManager: Shutting down and abandoning module Media (215)
[2016.12.21-14.10.58:818][969]LogModuleManager: Shutting down and abandoning module AndroidMediaFactory (214)
[2016.12.21-14.10.58:818][969]LogModuleManager: Shutting down and abandoning module AndroidMediaEditor (213)
[2016.12.21-14.10.58:818][969]LogModuleManager: Shutting down and abandoning module CharacterAI (212)
[2016.12.21-14.10.58:818][969]LogModuleManager: Shutting down and abandoning module SequenceRecorder (211)
[2016.12.21-14.10.58:818][969]LogModuleManager: Shutting down and abandoning module AudioCapture (210)
[2016.12.21-14.10.58:818][969]LogModuleManager: Shutting down and abandoning module SmartSnapping (209)
[2016.12.21-14.10.58:818][969]LogModuleManager: Shutting down and abandoning module SessionServices (208)
[2016.12.21-14.10.58:818][969]LogModuleManager: Shutting down and abandoning module ViewportSnapping (207)
[2016.12.21-14.10.58:818][969]LogModuleManager: Shutting down and abandoning module ViewportInteraction (206)
[2016.12.21-14.10.58:818][969]LogModuleManager: Shutting down and abandoning module LogVisualizer (205)
[2016.12.21-14.10.58:818][969]LogModuleManager: Shutting down and abandoning module GameProjectGeneration (204)
[2016.12.21-14.10.58:818][969]LogModuleManager: Shutting down and abandoning module IntroTutorials (203)
[2016.12.21-14.10.58:818][969]LogModuleManager: Shutting down and abandoning module EditorLiveStreaming (202)
[2016.12.21-14.10.58:818][969]LogModuleManager: Shutting down and abandoning module IOSPlatformEditor (201)
[2016.12.21-14.10.58:818][969]LogModuleManager: Shutting down and abandoning module HTML5PlatformEditor (200)
[2016.12.21-14.10.58:818][969]LogModuleManager: Shutting down and abandoning module AndroidDeviceDetection (199)
[2016.12.21-14.10.59:129][969]LogModuleManager: Shutting down and abandoning module AndroidPlatformEditor (198)
[2016.12.21-14.10.59:129][969]LogModuleManager: Shutting down and abandoning module IOSRuntimeSettings (197)
[2016.12.21-14.10.59:129][969]LogModuleManager: Shutting down and abandoning module AndroidRuntimeSettings (196)
[2016.12.21-14.10.59:129][969]LogModuleManager: Shutting down and abandoning module InputBindingEditor (195)
[2016.12.21-14.10.59:129][969]LogModuleManager: Shutting down and abandoning module NiagaraEditor (194)
[2016.12.21-14.10.59:129][969]LogModuleManager: Shutting down and abandoning module MergeActors (193)
[2016.12.21-14.10.59:129][969]LogModuleManager: Shutting down and abandoning module SizeMap (192)
[2016.12.21-14.10.59:129][969]LogModuleManager: Shutting down and abandoning module TreeMap (191)
[2016.12.21-14.10.59:129][969]LogModuleManager: Shutting down and abandoning module ReferenceViewer (190)
[2016.12.21-14.10.59:129][969]LogModuleManager: Shutting down and abandoning module LocalizationService (189)
[2016.12.21-14.10.59:129][969]LogModuleManager: Shutting down and abandoning module LocalizationDashboard (188)
[2016.12.21-14.10.59:129][969]LogModuleManager: Shutting down and abandoning module HardwareTargeting (187)
[2016.12.21-14.10.59:129][969]LogModuleManager: Shutting down and abandoning module DeviceProfileEditor (186)
[2016.12.21-14.10.59:129][969]LogModuleManager: Shutting down and abandoning module UndoHistory (185)
[2016.12.21-14.10.59:129][969]LogModuleManager: Shutting down and abandoning module UserFeedback (184)
[2016.12.21-14.10.59:129][969]LogModuleManager: Shutting down and abandoning module XmlParser (183)
[2016.12.21-14.10.59:129][969]LogModuleManager: Shutting down and abandoning module Blutility (182)
[2016.12.21-14.10.59:129][969]LogModuleManager: Shutting down and abandoning module ProjectTargetPlatformEditor (181)
[2016.12.21-14.10.59:130][969]LogModuleManager: Shutting down and abandoning module ProjectSettingsViewer (180)
[2016.12.21-14.10.59:130][969]LogModuleManager: Shutting down and abandoning module EditorSettingsViewer (179)
[2016.12.21-14.10.59:130][969]LogModuleManager: Shutting down and abandoning module SettingsEditor (178)
[2016.12.21-14.10.59:130][969]LogModuleManager: Shutting down and abandoning module ProjectLauncher (177)
[2016.12.21-14.10.59:130][969]LogModuleManager: Shutting down and abandoning module SessionFrontend (176)
[2016.12.21-14.10.59:130][969]LogModuleManager: Shutting down and abandoning module ProfilerClient (175)
[2016.12.21-14.10.59:130][969]LogModuleManager: Shutting down and abandoning module TargetDeviceServices (174)
[2016.12.21-14.10.59:130][969]LogModuleManager: Shutting down and abandoning module DeviceManager (173)
[2016.12.21-14.10.59:174][969]LogModuleManager: Shutting down and abandoning module AutomationController (172)
[2016.12.21-14.10.59:174][969]LogModuleManager: Shutting down and abandoning module AutomationWindow (171)
[2016.12.21-14.10.59:174][969]LogModuleManager: Shutting down and abandoning module Layers (170)
[2016.12.21-14.10.59:174][969]LogModuleManager: Shutting down and abandoning module ComponentVisualizers (169)
[2016.12.21-14.10.59:174][969]LogModuleManager: Shutting down and abandoning module DetailCustomizations (168)
[2016.12.21-14.10.59:174][969]LogModuleManager: Shutting down and abandoning module PackagesDialog (167)
[2016.12.21-14.10.59:174][969]LogModuleManager: Shutting down and abandoning module AnimGraph (166)
[2016.12.21-14.10.59:174][969]LogModuleManager: Shutting down and abandoning module Persona (165)
[2016.12.21-14.10.59:174][969]LogModuleManager: Shutting down and abandoning module Kismet (164)
[2016.12.21-14.10.59:175][969]LogModuleManager: Shutting down and abandoning module GraphEditor (163)
[2016.12.21-14.10.59:175][969]LogModuleManager: Shutting down and abandoning module ClassViewer (162)
[2016.12.21-14.10.59:175][969]LogModuleManager: Shutting down and abandoning module Toolbox (161)
[2016.12.21-14.10.59:175][969]LogModuleManager: Shutting down and abandoning module ModuleUI (160)
[2016.12.21-14.10.59:175][969]LogModuleManager: Shutting down and abandoning module MovieSceneTools (159)
[2016.12.21-14.10.59:175][969]LogModuleManager: Shutting down and abandoning module OutputLog (158)
[2016.12.21-14.10.59:175][969]LogModuleManager: Shutting down and abandoning module GammaUI (157)
[2016.12.21-14.10.59:175][969]LogModuleManager: Shutting down and abandoning module Documentation (156)
[2016.12.21-14.10.59:175][969]LogModuleManager: Shutting down and abandoning module Niagara (155)
[2016.12.21-14.10.59:175][969]LogModuleManager: Shutting down and abandoning module StreamingPauseRendering (154)
[2016.12.21-14.10.59:175][969]LogModuleManager: Shutting down and abandoning module AnalyticsET (153)
[2016.12.21-14.10.59:175][969]LogModuleManager: Shutting down and abandoning module PortalServices (152)
[2016.12.21-14.10.59:175][969]LogModuleManager: Shutting down and abandoning module PortalRpc (151)
[2016.12.21-14.10.59:175][969]LogModuleManager: Shutting down and abandoning module MessagingRpc (150)
[2016.12.21-14.10.59:175][969]LogModuleManager: Shutting down and abandoning module GameplayDebugger (149)
[2016.12.21-14.10.59:175][969]LogModuleManager: Shutting down and abandoning module AITestSuite (148)
[2016.12.21-14.10.59:175][969]LogModuleManager: Shutting down and abandoning module AIModule (147)
[2016.12.21-14.10.59:175][969]LogModuleManager: Shutting down and abandoning module ProfilerService (146)
[2016.12.21-14.10.59:368][969]LogModuleManager: Shutting down and abandoning module TaskGraph (145)
[2016.12.21-14.10.59:368][969]LogModuleManager: Shutting down and abandoning module SlateRemote (144)
[2016.12.21-14.10.59:368][969]LogModuleManager: Shutting down and abandoning module SteamVRController (143)
[2016.12.21-14.10.59:368][969]LogModuleManager: Shutting down and abandoning module SteamVR (142)
[2016.12.21-14.10.59:368][969]LogModuleManager: Shutting down and abandoning module ProceduralMeshComponentEditor (141)
[2016.12.21-14.10.59:368][969]LogModuleManager: Shutting down and abandoning module ProceduralMeshComponent (140)
[2016.12.21-14.10.59:368][969]LogModuleManager: Shutting down and abandoning module OculusLibrary (139)
[2016.12.21-14.10.59:368][969]LogModuleManager: Shutting down and abandoning module OculusInput (138)
[2016.12.21-14.10.59:368][969]LogModuleManager: Shutting down and abandoning module MobilePatchingUtils (137)
[2016.12.21-14.10.59:368][969]LogModuleManager: Shutting down and abandoning module CustomMeshComponent (136)
[2016.12.21-14.10.59:368][969]LogModuleManager: Shutting down and abandoning module CableComponent (135)
[2016.12.21-14.10.59:368][969]LogModuleManager: Shutting down and abandoning module ArchVisCharacter (134)
[2016.12.21-14.10.59:368][969]LogModuleManager: Shutting down and abandoning module MediaPlayerEditor (132)
[2016.12.21-14.10.59:369][969]LogModuleManager: Shutting down and abandoning module HTML5Networking (131)
[2016.12.21-14.10.59:369][969]LogModuleManager: Shutting down and abandoning module GeometryCacheEd (130)
[2016.12.21-14.10.59:369][969]LogModuleManager: Shutting down and abandoning module GeometryCache (129)
[2016.12.21-14.10.59:369][969]LogModuleManager: Shutting down and abandoning module AlembicLibrary (128)
[2016.12.21-14.10.59:369][969]LogModuleManager: Shutting down and abandoning module AlembicImporter (127)
[2016.12.21-14.10.59:369][969]LogModuleManager: Shutting down and abandoning module SuperSearch (126)
[2016.12.21-14.10.59:369][969]LogModuleManager: Shutting down and abandoning module SuperSearchEditor (125)
[2016.12.21-14.10.59:369][969]LogModuleManager: Shutting down and abandoning module SpeedTreeImporter (124)
[2016.12.21-14.10.59:369][969]LogModuleManager: Shutting down and abandoning module PluginBrowser (123)
[2016.12.21-14.10.59:369][969]LogModuleManager: Shutting down and abandoning module MobileLauncherProfileWizard (122)
[2016.12.21-14.10.59:369][969]LogModuleManager: Shutting down and abandoning module EpicSurvey (121)
[2016.12.21-14.10.59:369][969]LogModuleManager: Shutting down and abandoning module DesktopPlatform (120)
[2016.12.21-14.10.59:369][969]LogModuleManager: Shutting down and abandoning module VisualStudioSourceCodeAccess (119)
[2016.12.21-14.10.59:369][969]LogModuleManager: Shutting down and abandoning module UObjectPlugin (118)
[2016.12.21-14.10.59:369][969]LogModuleManager: Shutting down and abandoning module SubversionSourceControl (117)
[2016.12.21-14.10.59:369][969]LogModuleManager: Shutting down and abandoning module PerforceSourceControl (116)
[2016.12.21-14.10.59:369][969]LogModuleManager: Shutting down and abandoning module SourceControl (115)
[2016.12.21-14.10.59:369][969]LogModuleManager: Shutting down and abandoning module GitSourceControl (114)
[2016.12.21-14.10.59:369][969]LogModuleManager: Shutting down and abandoning module LightPropagationVolumeEditor (113)
[2016.12.21-14.10.59:369][969]LogModuleManager: Shutting down and abandoning module PaperTiledImporter (112)
[2016.12.21-14.10.59:369][969]LogModuleManager: Shutting down and abandoning module PaperSpriteSheetImporter (111)
[2016.12.21-14.10.59:369][969]LogModuleManager: Shutting down and abandoning module MeshPaint (110)
[2016.12.21-14.10.59:369][969]LogModuleManager: Shutting down and abandoning module PixelInspectorModule (109)
[2016.12.21-14.10.59:369][969]LogModuleManager: Shutting down and abandoning module HotReload (108)
[2016.12.21-14.10.59:370][969]LogModuleManager: Shutting down and abandoning module MainFrame (107)
[2016.12.21-14.10.59:370][969]LogModuleManager: Shutting down and abandoning module LevelEditor (106)
[2016.12.21-14.10.59:371][969]LogModuleManager: Shutting down and abandoning module ContentBrowser (105)
[2016.12.21-14.10.59:372][969]LogModuleManager: Shutting down and abandoning module Paper2DEditor (104)
[2016.12.21-14.10.59:372][969]LogModuleManager: Shutting down and abandoning module UdpMessaging (103)
[2016.12.21-14.10.59:472][969]LogModuleManager: Shutting down and abandoning module TcpMessaging (102)
[2016.12.21-14.10.59:573][969]LogModuleManager: Shutting down and abandoning module LightPropagationVolumeRuntime (101)
[2016.12.21-14.10.59:573][969]LogModuleManager: Shutting down and abandoning module Paper2D (100)
[2016.12.21-14.10.59:573][969]LogModuleManager: Shutting down and abandoning module WindowsMoviePlayer (99)
[2016.12.21-14.10.59:573][969]LogModuleManager: Shutting down and abandoning module WmfMedia (98)
[2016.12.21-14.10.59:573][969]LogModuleManager: Shutting down and abandoning module MediaAssets (97)
[2016.12.21-14.10.59:573][969]LogModuleManager: Shutting down and abandoning module GameLiveStreaming (96)
[2016.12.21-14.10.59:573][969]LogModuleManager: Shutting down and abandoning module GameplayTagsEditor (95)
[2016.12.21-14.10.59:573][969]LogModuleManager: Shutting down and abandoning module VREditor (94)
[2016.12.21-14.10.59:573][969]LogModuleManager: Shutting down and abandoning module GameplayTasksEditor (93)
[2016.12.21-14.10.59:573][969]LogModuleManager: Shutting down and abandoning module BehaviorTreeEditor (92)
[2016.12.21-14.10.59:573][969]LogModuleManager: Shutting down and abandoning module FunctionalTesting (91)
[2016.12.21-14.10.59:573][969]LogModuleManager: Shutting down and abandoning module CollisionAnalyzer (90)
[2016.12.21-14.10.59:573][969]LogModuleManager: Shutting down and abandoning module Sequencer (89)
[2016.12.21-14.10.59:573][969]LogModuleManager: Shutting down and abandoning module WorkspaceMenuStructure (88)
[2016.12.21-14.10.59:573][969]LogModuleManager: Shutting down and abandoning module MessageLog (87)
[2016.12.21-14.10.59:573][969]LogModuleManager: Shutting down and abandoning module AssetTools (86)
[2016.12.21-14.10.59:573][969]LogModuleManager: Shutting down and abandoning module UMGEditor (85)
[2016.12.21-14.10.59:573][969]LogModuleManager: Shutting down and abandoning module UMG (84)
[2016.12.21-14.10.59:573][969]LogModuleManager: Shutting down and abandoning module SlateReflector (83)
[2016.12.21-14.10.59:573][969]LogModuleManager: Shutting down and abandoning module Slate (82)
[2016.12.21-14.10.59:573][969]LogModuleManager: Shutting down and abandoning module EditorStyle (81)
[2016.12.21-14.10.59:577][969]LogModuleManager: Shutting down and abandoning module SourceCodeAccess (80)
[2016.12.21-14.10.59:577][969]LogModuleManager: Shutting down and abandoning module HeadMountedDisplay (79)
[2016.12.21-14.10.59:577][969]LogModuleManager: Shutting down and abandoning module XAudio2 (78)
[2016.12.21-14.10.59:577][969]LogModuleManager: Shutting down and abandoning module Networking (76)
[2016.12.21-14.10.59:577][969]LogModuleManager: Shutting down and abandoning module Core (75)
[2016.12.21-14.10.59:577][969]LogModuleManager: Shutting down and abandoning module DirectoryWatcher (74)
[2016.12.21-14.10.59:577][969]LogDirectoryWatcher: A directory notification for '../../../Engine/Content/' was aborted.
[2016.12.21-14.10.59:577][969]LogDirectoryWatcher: A directory notification for 'E:/Unreal Projects/BananaTurntable/Content/' was aborted.
[2016.12.21-14.10.59:578][969]LogDirectoryWatcher: A directory notification for '../../../Engine/Plugins/2D/Paper2D/Content/' was aborted.
[2016.12.21-14.10.59:581][969]LogModuleManager: Shutting down and abandoning module AssetRegistry (73)
[2016.12.21-14.10.59:771][969]LogModuleManager: Shutting down and abandoning module KismetCompiler (72)
[2016.12.21-14.10.59:771][969]LogModuleManager: Shutting down and abandoning module PhysXFormats (71)
[2016.12.21-14.10.59:771][969]LogModuleManager: Shutting down and abandoning module SimplygonSwarm (70)
[2016.12.21-14.10.59:771][969]LogModuleManager: Shutting down and abandoning module SimplygonMeshReduction (69)
[2016.12.21-14.10.59:771][969]LogModuleManager: Shutting down and abandoning module QuadricMeshReduction (68)
[2016.12.21-14.10.59:771][969]LogModuleManager: Shutting down and abandoning module PropertyEditor (67)
[2016.12.21-14.10.59:771][969]LogModuleManager: Shutting down and abandoning module MeshUtilities (66)
[2016.12.21-14.10.59:771][969]LogModuleManager: Shutting down and abandoning module DerivedDataCache (65)
[2016.12.21-14.10.59:829][969]LogDerivedDataCache: Shutdown
[2016.12.21-14.10.59:829][969]LogModuleManager: Shutting down and abandoning module VulkanShaderFormat (64)
[2016.12.21-14.10.59:829][969]LogModuleManager: Shutting down and abandoning module ShaderFormatOpenGL (63)
[2016.12.21-14.10.59:829][969]LogModuleManager: Shutting down and abandoning module ShaderFormatD3D (62)
[2016.12.21-14.10.59:829][969]LogModuleManager: Shutting down and abandoning module MetalShaderFormat (61)
[2016.12.21-14.10.59:829][969]LogModuleManager: Shutting down and abandoning module TextureFormatUncompressed (60)
[2016.12.21-14.10.59:830][969]LogModuleManager: Shutting down and abandoning module TextureFormatPVR (59)
[2016.12.21-14.10.59:830][969]LogModuleManager: Shutting down and abandoning module TextureFormatDXT (58)
[2016.12.21-14.10.59:830][969]LogModuleManager: Shutting down and abandoning module TextureFormatIntelISPCTexComp (57)
[2016.12.21-14.10.59:830][969]LogModuleManager: Shutting down and abandoning module ImageWrapper (56)
[2016.12.21-14.10.59:830][969]LogModuleManager: Shutting down and abandoning module TextureFormatASTC (55)
[2016.12.21-14.10.59:830][969]LogModuleManager: Shutting down and abandoning module TextureFormatAndroid (54)
[2016.12.21-14.10.59:830][969]LogModuleManager: Shutting down and abandoning module AudioFormatOpus (53)
[2016.12.21-14.10.59:830][969]LogModuleManager: Shutting down and abandoning module AudioFormatOgg (52)
[2016.12.21-14.10.59:830][969]LogModuleManager: Shutting down and abandoning module AudioFormatADPCM (51)
[2016.12.21-14.10.59:830][969]LogModuleManager: Shutting down and abandoning module LinuxTargetPlatform (50)
[2016.12.21-14.10.59:830][969]LogModuleManager: Shutting down and abandoning module LinuxServerTargetPlatform (49)
[2016.12.21-14.10.59:830][969]LogModuleManager: Shutting down and abandoning module LinuxNoEditorTargetPlatform (48)
[2016.12.21-14.10.59:830][969]LogModuleManager: Shutting down and abandoning module LinuxClientTargetPlatform (47)
[2016.12.21-14.10.59:830][969]LogModuleManager: Shutting down and abandoning module TVOSTargetPlatform (46)
[2016.12.21-14.10.59:830][969]LogModuleManager: Shutting down and abandoning module Messaging (45)
[2016.12.21-14.10.59:830][969]LogModuleManager: Shutting down and abandoning module IOSTargetPlatform (44)
[2016.12.21-14.10.59:830][969]LogModuleManager: Shutting down and abandoning module HTML5TargetPlatform (43)
[2016.12.21-14.10.59:830][969]LogModuleManager: Shutting down and abandoning module Android_PVRTCTargetPlatform (42)
[2016.12.21-14.10.59:830][969]LogModuleManager: Shutting down and abandoning module Android_MultiTargetPlatform (41)
[2016.12.21-14.10.59:830][969]LogModuleManager: Shutting down and abandoning module Android_ETC2TargetPlatform (40)
[2016.12.21-14.10.59:830][969]LogModuleManager: Shutting down and abandoning module Android_ETC1TargetPlatform (39)
[2016.12.21-14.10.59:830][969]LogModuleManager: Shutting down and abandoning module Android_DXTTargetPlatform (38)
[2016.12.21-14.10.59:830][969]LogModuleManager: Shutting down and abandoning module Android_ATCTargetPlatform (37)
[2016.12.21-14.10.59:830][969]LogModuleManager: Shutting down and abandoning module Android_ASTCTargetPlatform (36)
[2016.12.21-14.10.59:830][969]LogModuleManager: Shutting down and abandoning module AndroidTargetPlatform (35)
[2016.12.21-14.10.59:830][969]LogModuleManager: Shutting down and abandoning module WindowsTargetPlatform (34)
[2016.12.21-14.10.59:830][969]LogModuleManager: Shutting down and abandoning module WindowsServerTargetPlatform (33)
[2016.12.21-14.10.59:830][969]LogModuleManager: Shutting down and abandoning module WindowsNoEditorTargetPlatform (32)
[2016.12.21-14.10.59:830][969]LogModuleManager: Shutting down and abandoning module WindowsClientTargetPlatform (31)
[2016.12.21-14.10.59:830][969]LogModuleManager: Shutting down and abandoning module MacTargetPlatform (30)
[2016.12.21-14.10.59:831][969]LogModuleManager: Shutting down and abandoning module MacServerTargetPlatform (29)
[2016.12.21-14.10.59:831][969]LogModuleManager: Shutting down and abandoning module MacNoEditorTargetPlatform (28)
[2016.12.21-14.10.59:831][969]LogModuleManager: Shutting down and abandoning module MacClientTargetPlatform (27)
[2016.12.21-14.10.59:831][969]LogModuleManager: Shutting down and abandoning module AllDesktopTargetPlatform (26)
[2016.12.21-14.10.59:831][969]LogModuleManager: Shutting down and abandoning module TargetPlatform (25)
[2016.12.21-14.10.59:831][969]LogModuleManager: Shutting down and abandoning module InputCore (24)
[2016.12.21-14.10.59:831][969]LogModuleManager: Shutting down and abandoning module Settings (23)
[2016.12.21-14.10.59:831][969]LogModuleManager: Shutting down and abandoning module OculusRift (22)
[2016.12.21-14.10.59:831][969]LogModuleManager: Shutting down and abandoning module ExampleDeviceProfileSelector (21)
[2016.12.21-14.10.59:831][969]LogModuleManager: Shutting down and abandoning module OnlineBlueprintSupport (20)
[2016.12.21-14.10.59:831][969]LogModuleManager: Shutting down and abandoning module OnlineSubsystem (18)
[2016.12.21-14.10.59:831][969]LogOnline:Display: Unloading online subsystem: NULL
[2016.12.21-14.10.59:831][969]LogModuleManager: Shutting down and abandoning module SSL (17)
[2016.12.21-14.10.59:833][969]LogModuleManager: Shutting down and abandoning module HTTP (16)
[2016.12.21-14.10.59:833][969]LogModuleManager: Shutting down and abandoning module XMPP (15)
[2016.12.21-14.10.59:833][969]LogModuleManager: Shutting down and abandoning module TextureCompressor (14)
[2016.12.21-14.10.59:833][969]LogModuleManager: Shutting down and abandoning module ShaderCore (13)
[2016.12.21-14.10.59:833][969]LogModuleManager: Shutting down and abandoning module Landscape (12)
[2016.12.21-14.10.59:833][969]LogModuleManager: Shutting down and abandoning module SlateRHIRenderer (11)
[2016.12.21-14.10.59:839][969]LogModuleManager: Shutting down and abandoning module OpenGLDrv (10)
[2016.12.21-14.10.59:839][969]LogModuleManager: Shutting down and abandoning module D3D11RHI (9)
[2016.12.21-14.10.59:839][969]LogModuleManager: Shutting down and abandoning module AnimGraphRuntime (8)
[2016.12.21-14.10.59:839][969]LogModuleManager: Shutting down and abandoning module Renderer (7)
[2016.12.21-14.10.59:839][969]LogModuleManager: Shutting down and abandoning module Engine (6)
[2016.12.21-14.10.59:839][969]LogModuleManager: Shutting down and abandoning module CoreUObject (5)
[2016.12.21-14.10.59:839][969]LogModuleManager: Shutting down and abandoning module NetworkFile (4)
[2016.12.21-14.10.59:839][969]LogModuleManager: Shutting down and abandoning module StreamingFile (3)
[2016.12.21-14.10.59:839][969]LogModuleManager: Shutting down and abandoning module SandboxFile (2)
[2016.12.21-14.10.59:839][969]LogModuleManager: Shutting down and abandoning module PakFile (1)
[2016.12.21-14.10.59:841][969]LogExit: Exiting.
[2016.12.21-14.10.59:855][969]Log file closed, 12/22/16 03:10:59
