Log file open, 12/21/16 23:13:42
LogInit:Display: Running engine for game: BananaTurntable
LogPlatformFile: Not using cached read wrapper
LogInit:Display: RandInit(1989217626) SRandInit(1989217627).
LogTaskGraph: Started task graph with 5 named threads and 8 total threads with 1 sets of task threads.
LogStats: Stats thread started at 0.081441
LogPluginManager: Loaded Plugin Paper2D, From C:/Program Files (x86)/Epic Games/4.14/Engine/Plugins/2D/Paper2D/Paper2D.uplugin
LogPluginManager: Loaded Plugin LightPropagationVolume, From C:/Program Files (x86)/Epic Games/4.14/Engine/Plugins/Blendables/LightPropagationVolume/LightPropagationVolume.uplugin
LogPluginManager: Loaded Plugin BlankPlugin, From C:/Program Files (x86)/Epic Games/4.14/Engine/Plugins/Developer/BlankPlugin/BlankPlugin.uplugin
LogPluginManager: Loaded Plugin CodeLiteSourceCodeAccess, From C:/Program Files (x86)/Epic Games/4.14/Engine/Plugins/Developer/CodeLiteSourceCodeAccess/CodeLiteSourceCodeAccess.uplugin
LogPluginManager: Loaded Plugin GitSourceControl, From C:/Program Files (x86)/Epic Games/4.14/Engine/Plugins/Developer/GitSourceControl/GitSourceControl.uplugin
LogPluginManager: Loaded Plugin KDevelopSourceCodeAccess, From C:/Program Files (x86)/Epic Games/4.14/Engine/Plugins/Developer/KDevelopSourceCodeAccess/KDevelopSourceCodeAccess.uplugin
LogPluginManager: Loaded Plugin NullSourceCodeAccess, From C:/Program Files (x86)/Epic Games/4.14/Engine/Plugins/Developer/NullSourceCodeAccess/NullSourceCodeAccess.uplugin
LogPluginManager: Loaded Plugin OneSkyLocalizationService, From C:/Program Files (x86)/Epic Games/4.14/Engine/Plugins/Developer/OneSkyLocalizationService/OneSkyLocalizationService.uplugin
LogPluginManager: Loaded Plugin PerforceSourceControl, From C:/Program Files (x86)/Epic Games/4.14/Engine/Plugins/Developer/PerforceSourceControl/PerforceSourceControl.uplugin
LogPluginManager: Loaded Plugin SubversionSourceControl, From C:/Program Files (x86)/Epic Games/4.14/Engine/Plugins/Developer/SubversionSourceControl/SubversionSourceControl.uplugin
LogPluginManager: Loaded Plugin UObjectPlugin, From C:/Program Files (x86)/Epic Games/4.14/Engine/Plugins/Developer/UObjectPlugin/UObjectPlugin.uplugin
LogPluginManager: Loaded Plugin VisualStudioSourceCodeAccess, From C:/Program Files (x86)/Epic Games/4.14/Engine/Plugins/Developer/VisualStudioSourceCodeAccess/VisualStudioSourceCodeAccess.uplugin
LogPluginManager: Loaded Plugin XCodeSourceCodeAccess, From C:/Program Files (x86)/Epic Games/4.14/Engine/Plugins/Developer/XCodeSourceCodeAccess/XCodeSourceCodeAccess.uplugin
LogPluginManager: Loaded Plugin AudioCapture, From C:/Program Files (x86)/Epic Games/4.14/Engine/Plugins/Editor/AudioCapture/AudioCapture.uplugin
LogPluginManager: Loaded Plugin EpicSurvey, From C:/Program Files (x86)/Epic Games/4.14/Engine/Plugins/Editor/EpicSurvey/EpicSurvey.uplugin
LogPluginManager: Loaded Plugin MacGraphicsSwitching, From C:/Program Files (x86)/Epic Games/4.14/Engine/Plugins/Editor/MacGraphicsSwitching/MacGraphicsSwitching.uplugin
LogPluginManager: Loaded Plugin MobileLauncherProfileWizard, From C:/Program Files (x86)/Epic Games/4.14/Engine/Plugins/Editor/MobileLauncherProfileWizard/MobileLauncherProfileWizard.uplugin
LogPluginManager: Loaded Plugin PluginBrowser, From C:/Program Files (x86)/Epic Games/4.14/Engine/Plugins/Editor/PluginBrowser/PluginBrowser.uplugin
LogPluginManager: Loaded Plugin SpeedTreeImporter, From C:/Program Files (x86)/Epic Games/4.14/Engine/Plugins/Editor/SpeedTreeImporter/SpeedTreeImporter.uplugin
LogPluginManager: Loaded Plugin SuperSearchEditor, From C:/Program Files (x86)/Epic Games/4.14/Engine/Plugins/Editor/SuperSearchEditor/SuperSearchEditor.uplugin
LogPluginManager: Loaded Plugin AlembicImporter, From C:/Program Files (x86)/Epic Games/4.14/Engine/Plugins/Experimental/AlembicImporter/AlembicImporter.uplugin
LogPluginManager: Loaded Plugin BlueprintStats, From C:/Program Files (x86)/Epic Games/4.14/Engine/Plugins/Experimental/BlueprintStats/BlueprintStats.uplugin
LogPluginManager: Loaded Plugin CharacterAI, From C:/Program Files (x86)/Epic Games/4.14/Engine/Plugins/Experimental/CharacterAI/CharacterAI.uplugin
LogPluginManager: Loaded Plugin CodeEditor, From C:/Program Files (x86)/Epic Games/4.14/Engine/Plugins/Experimental/CodeEditor/CodeEditor.uplugin
LogPluginManager: Loaded Plugin CodeView, From C:/Program Files (x86)/Epic Games/4.14/Engine/Plugins/Experimental/CodeView/CodeView.uplugin
LogPluginManager: Loaded Plugin HTML5Networking, From C:/Program Files (x86)/Epic Games/4.14/Engine/Plugins/Experimental/HTML5Networking/HTML5Networking.uplugin
LogPluginManager: Loaded Plugin OSVR, From C:/Program Files (x86)/Epic Games/4.14/Engine/Plugins/Experimental/OSVR/OSVR.uplugin
LogPluginManager: Loaded Plugin Phya, From C:/Program Files (x86)/Epic Games/4.14/Engine/Plugins/Experimental/Phya/Phya.uplugin
LogPluginManager: Loaded Plugin SignificanceManager, From C:/Program Files (x86)/Epic Games/4.14/Engine/Plugins/Experimental/SignificanceManager/SignificanceManager.uplugin
LogPluginManager: Loaded Plugin SimpleHMD, From C:/Program Files (x86)/Epic Games/4.14/Engine/Plugins/Experimental/SimpleHMD/SimpleHMD.uplugin
LogPluginManager: Loaded Plugin StereoPanorama, From C:/Program Files (x86)/Epic Games/4.14/Engine/Plugins/Experimental/StereoPanorama/StereoPanorama.uplugin
LogPluginManager: Loaded Plugin StructBox, From C:/Program Files (x86)/Epic Games/4.14/Engine/Plugins/Experimental/StructBox/StructBox.uplugin
LogPluginManager: Loaded Plugin AndroidMedia, From C:/Program Files (x86)/Epic Games/4.14/Engine/Plugins/Media/AndroidMedia/AndroidMedia.uplugin
LogPluginManager: Loaded Plugin AvfMedia, From C:/Program Files (x86)/Epic Games/4.14/Engine/Plugins/Media/AvfMedia/AvfMedia.uplugin
LogPluginManager: Loaded Plugin MediaPlayerEditor, From C:/Program Files (x86)/Epic Games/4.14/Engine/Plugins/Media/MediaPlayerEditor/MediaPlayerEditor.uplugin
LogPluginManager: Loaded Plugin WmfMedia, From C:/Program Files (x86)/Epic Games/4.14/Engine/Plugins/Media/WmfMedia/WmfMedia.uplugin
LogPluginManager: Loaded Plugin MessagingDebugger, From C:/Program Files (x86)/Epic Games/4.14/Engine/Plugins/Messaging/MessagingDebugger/MessagingDebugger.uplugin
LogPluginManager: Loaded Plugin TcpMessaging, From C:/Program Files (x86)/Epic Games/4.14/Engine/Plugins/Messaging/TcpMessaging/TcpMessaging.uplugin
LogPluginManager: Loaded Plugin UdpMessaging, From C:/Program Files (x86)/Epic Games/4.14/Engine/Plugins/Messaging/UdpMessaging/UdpMessaging.uplugin
LogPluginManager: Loaded Plugin LevelSequenceEditor, From C:/Program Files (x86)/Epic Games/4.14/Engine/Plugins/MovieScene/LevelSequenceEditor/LevelSequenceEditor.uplugin
LogPluginManager: Loaded Plugin MatineeToLevelSequence, From C:/Program Files (x86)/Epic Games/4.14/Engine/Plugins/MovieScene/MatineeToLevelSequence/MatineeToLevelSequence.uplugin
LogPluginManager: Loaded Plugin NetcodeUnitTest, From C:/Program Files (x86)/Epic Games/4.14/Engine/Plugins/NetcodeUnitTest/NetcodeUnitTest/NetcodeUnitTest.uplugin
LogPluginManager: Loaded Plugin NUTUnrealEngine4, From C:/Program Files (x86)/Epic Games/4.14/Engine/Plugins/NetcodeUnitTest/NUTUnrealEngine4/NUTUnrealEngine4.uplugin
LogPluginManager: Loaded Plugin OnlineSubsystemGameCircle, From C:/Program Files (x86)/Epic Games/4.14/Engine/Plugins/Online/Android/OnlineSubsystemGameCircle/OnlineSubsystemGameCircle.uplugin
LogPluginManager: Loaded Plugin OnlineSubsystemGooglePlay, From C:/Program Files (x86)/Epic Games/4.14/Engine/Plugins/Online/Android/OnlineSubsystemGooglePlay/OnlineSubsystemGooglePlay.uplugin
LogPluginManager: Loaded Plugin OnlineSubsystemIOS, From C:/Program Files (x86)/Epic Games/4.14/Engine/Plugins/Online/IOS/OnlineSubsystemIOS/OnlineSubsystemIOS.uplugin
LogPluginManager: Loaded Plugin OnlineFramework, From C:/Program Files (x86)/Epic Games/4.14/Engine/Plugins/Online/OnlineFramework/OnlineFramework.uplugin
LogPluginManager: Loaded Plugin OnlineSubsystem, From C:/Program Files (x86)/Epic Games/4.14/Engine/Plugins/Online/OnlineSubsystem/OnlineSubsystem.uplugin
LogPluginManager: Loaded Plugin OnlineSubsystemAmazon, From C:/Program Files (x86)/Epic Games/4.14/Engine/Plugins/Online/OnlineSubsystemAmazon/OnlineSubsystemAmazon.uplugin
LogPluginManager: Loaded Plugin OnlineSubsystemFacebook, From C:/Program Files (x86)/Epic Games/4.14/Engine/Plugins/Online/OnlineSubsystemFacebook/OnlineSubsystemFacebook.uplugin
LogPluginManager: Loaded Plugin OnlineSubsystemNull, From C:/Program Files (x86)/Epic Games/4.14/Engine/Plugins/Online/OnlineSubsystemNull/OnlineSubsystemNull.uplugin
LogPluginManager: Loaded Plugin OnlineSubsystemOculus, From C:/Program Files (x86)/Epic Games/4.14/Engine/Plugins/Online/OnlineSubsystemOculus/OnlineSubsystemOculus.uplugin
LogPluginManager: Loaded Plugin OnlineSubsystemSteam, From C:/Program Files (x86)/Epic Games/4.14/Engine/Plugins/Online/OnlineSubsystemSteam/OnlineSubsystemSteam.uplugin
LogPluginManager: Loaded Plugin OnlineSubsystemUtils, From C:/Program Files (x86)/Epic Games/4.14/Engine/Plugins/Online/OnlineSubsystemUtils/OnlineSubsystemUtils.uplugin
LogPluginManager: Loaded Plugin IOSTapJoy, From C:/Program Files (x86)/Epic Games/4.14/Engine/Plugins/Runtime/Advertising/IOSTapJoy/IOSTapJoy.uplugin
LogPluginManager: Loaded Plugin AnalyticsBlueprintLibrary, From C:/Program Files (x86)/Epic Games/4.14/Engine/Plugins/Runtime/Analytics/AnalyticsBlueprintLibrary/AnalyticsBlueprintLibrary.uplugin
LogPluginManager: Loaded Plugin AnalyticsMulticast, From C:/Program Files (x86)/Epic Games/4.14/Engine/Plugins/Runtime/Analytics/AnalyticsMulticast/AnalyticsMulticast.uplugin
LogPluginManager: Loaded Plugin Apsalar, From C:/Program Files (x86)/Epic Games/4.14/Engine/Plugins/Runtime/Analytics/Apsalar/Apsalar.uplugin
LogPluginManager: Loaded Plugin FileLogging, From C:/Program Files (x86)/Epic Games/4.14/Engine/Plugins/Runtime/Analytics/FileLogging/FileLogging.uplugin
LogPluginManager: Loaded Plugin Flurry, From C:/Program Files (x86)/Epic Games/4.14/Engine/Plugins/Runtime/Analytics/Flurry/Flurry.uplugin
LogPluginManager: Loaded Plugin AndroidDeviceProfileSelector, From C:/Program Files (x86)/Epic Games/4.14/Engine/Plugins/Runtime/AndroidDeviceProfileSelector/AndroidDeviceProfileSelector.uplugin
LogPluginManager: Loaded Plugin AndroidMoviePlayer, From C:/Program Files (x86)/Epic Games/4.14/Engine/Plugins/Runtime/AndroidMoviePlayer/AndroidMoviePlayer.uplugin
LogPluginManager: Loaded Plugin AppleMoviePlayer, From C:/Program Files (x86)/Epic Games/4.14/Engine/Plugins/Runtime/AppleMoviePlayer/AppleMoviePlayer.uplugin
LogPluginManager: Loaded Plugin ArchVisCharacter, From C:/Program Files (x86)/Epic Games/4.14/Engine/Plugins/Runtime/ArchVisCharacter/ArchVisCharacter.uplugin
LogPluginManager: Loaded Plugin CableComponent, From C:/Program Files (x86)/Epic Games/4.14/Engine/Plugins/Runtime/CableComponent/CableComponent.uplugin
LogPluginManager: Loaded Plugin CustomMeshComponent, From C:/Program Files (x86)/Epic Games/4.14/Engine/Plugins/Runtime/CustomMeshComponent/CustomMeshComponent.uplugin
LogPluginManager: Loaded Plugin ExampleDeviceProfileSelector, From C:/Program Files (x86)/Epic Games/4.14/Engine/Plugins/Runtime/ExampleDeviceProfileSelector/ExampleDeviceProfileSelector.uplugin
LogPluginManager: Loaded Plugin GearVR, From C:/Program Files (x86)/Epic Games/4.14/Engine/Plugins/Runtime/GearVR/GearVR.uplugin
LogPluginManager: Loaded Plugin GoogleVRController, From C:/Program Files (x86)/Epic Games/4.14/Engine/Plugins/Runtime/GoogleVR/GoogleVRController/GoogleVRController.uplugin
LogPluginManager: Loaded Plugin GoogleVRHMD, From C:/Program Files (x86)/Epic Games/4.14/Engine/Plugins/Runtime/GoogleVR/GoogleVRHMD/GoogleVRHMD.uplugin
LogPluginManager: Loaded Plugin IOSDeviceProfileSelector, From C:/Program Files (x86)/Epic Games/4.14/Engine/Plugins/Runtime/IOSDeviceProfileSelector/IOSDeviceProfileSelector.uplugin
LogPluginManager: Loaded Plugin LeapMotion, From C:/Program Files (x86)/Epic Games/4.14/Engine/Plugins/Runtime/LeapMotion/LeapMotion.uplugin
LogPluginManager: Loaded Plugin LinuxDeviceProfileSelector, From C:/Program Files (x86)/Epic Games/4.14/Engine/Plugins/Runtime/LinuxDeviceProfileSelector/LinuxDeviceProfileSelector.uplugin
LogPluginManager: Loaded Plugin MIDIDevice, From C:/Program Files (x86)/Epic Games/4.14/Engine/Plugins/Runtime/MIDIDevice/MIDIDevice.uplugin
LogPluginManager: Loaded Plugin MobilePatchingUtils, From C:/Program Files (x86)/Epic Games/4.14/Engine/Plugins/Runtime/MobilePatchingUtils/MobilePatchingUtils.uplugin
LogPluginManager: Loaded Plugin Ansel, From C:/Program Files (x86)/Epic Games/4.14/Engine/Plugins/Runtime/Nvidia/Ansel/Ansel.uplugin
LogPluginManager: Loaded Plugin OculusAudio, From C:/Program Files (x86)/Epic Games/4.14/Engine/Plugins/Runtime/OculusAudio/OculusAudio.uplugin
LogPluginManager: Loaded Plugin OculusInput, From C:/Program Files (x86)/Epic Games/4.14/Engine/Plugins/Runtime/OculusInput/OculusInput.uplugin
LogPluginManager: Loaded Plugin OculusLibrary, From C:/Program Files (x86)/Epic Games/4.14/Engine/Plugins/Runtime/OculusLibrary/OculusLibrary.uplugin
LogPluginManager: Loaded Plugin OculusRift, From C:/Program Files (x86)/Epic Games/4.14/Engine/Plugins/Runtime/OculusRift/OculusRift.uplugin
LogPluginManager: Loaded Plugin Oodle, From C:/Program Files (x86)/Epic Games/4.14/Engine/Plugins/Runtime/PacketHandlers/CompressionComponents/Oodle/Oodle.uplugin
LogPluginManager: Loaded Plugin ProceduralMeshComponent, From C:/Program Files (x86)/Epic Games/4.14/Engine/Plugins/Runtime/ProceduralMeshComponent/ProceduralMeshComponent.uplugin
LogPluginManager: Loaded Plugin SoundMod, From C:/Program Files (x86)/Epic Games/4.14/Engine/Plugins/Runtime/SoundMod/SoundMod.uplugin
LogPluginManager: Loaded Plugin SoundVisualizations, From C:/Program Files (x86)/Epic Games/4.14/Engine/Plugins/Runtime/SoundVisualizations/SoundVisualizations.uplugin
LogPluginManager: Loaded Plugin SteamController, From C:/Program Files (x86)/Epic Games/4.14/Engine/Plugins/Runtime/Steam/SteamController/SteamController.uplugin
LogPluginManager: Loaded Plugin SteamVR, From C:/Program Files (x86)/Epic Games/4.14/Engine/Plugins/Runtime/Steam/SteamVR/SteamVR.uplugin
LogPluginManager: Loaded Plugin WebBrowserWidget, From C:/Program Files (x86)/Epic Games/4.14/Engine/Plugins/Runtime/WebBrowserWidget/WebBrowserWidget.uplugin
LogPluginManager: Loaded Plugin WindowsDeviceProfileSelector, From C:/Program Files (x86)/Epic Games/4.14/Engine/Plugins/Runtime/WindowsDeviceProfileSelector/WindowsDeviceProfileSelector.uplugin
LogPluginManager: Loaded Plugin WindowsMoviePlayer, From C:/Program Files (x86)/Epic Games/4.14/Engine/Plugins/Runtime/WindowsMoviePlayer/WindowsMoviePlayer.uplugin
LogPluginManager: Loaded Plugin ScriptPlugin, From C:/Program Files (x86)/Epic Games/4.14/Engine/Plugins/ScriptPlugin/ScriptPlugin.uplugin
LogPluginManager: Loaded Plugin SlateRemote, From C:/Program Files (x86)/Epic Games/4.14/Engine/Plugins/Slate/SlateRemote/SlateRemote.uplugin
LogPluginManager: Loaded Plugin EditorTests, From C:/Program Files (x86)/Epic Games/4.14/Engine/Plugins/Tests/EditorTests/EditorTests.uplugin
LogPluginManager: Loaded Plugin FbxAutomationTestBuilder, From C:/Program Files (x86)/Epic Games/4.14/Engine/Plugins/Tests/FbxAutomationTestBuilder/FbxAutomationTestBuilder.uplugin
LogPluginManager: Loaded Plugin FunctionalTestingEditor, From C:/Program Files (x86)/Epic Games/4.14/Engine/Plugins/Tests/FunctionalTestingEditor/FunctionalTestingEditor.uplugin
LogPluginManager: Loaded Plugin RuntimeTests, From C:/Program Files (x86)/Epic Games/4.14/Engine/Plugins/Tests/RuntimeTests/RuntimeTests.uplugin
LogPluginManager: Loaded Plugin ScreenshotTools, From C:/Program Files (x86)/Epic Games/4.14/Engine/Plugins/Tests/ScreenshotTools/ScreenshotTools.uplugin
LogInit: Using libcurl 7.47.1
LogInit:  - built for x86_64-pc-win32
LogInit:  - supports SSL with OpenSSL/1.0.2g
LogInit:  - supports HTTP deflate (compression) using libz 1.2.8
LogInit:  - other features:
LogInit:      CURL_VERSION_SSL
LogInit:      CURL_VERSION_LIBZ
LogInit:      CURL_VERSION_IPV6
LogInit:      CURL_VERSION_ASYNCHDNS
LogInit:      CURL_VERSION_LARGEFILE
LogInit:      CURL_VERSION_IDN
LogInit:  CurlRequestOptions (configurable via config and command line):
LogInit:  - bVerifyPeer = false  - Libcurl will NOT verify peer certificate
LogInit:  - bUseHttpProxy = false  - Libcurl will NOT use HTTP proxy
LogInit:  - bDontReuseConnections = false  - Libcurl will reuse connections
LogInit:  - CertBundlePath = nullptr  - Libcurl will use whatever was configured at build time.
LogInit: Build: ++UE4+Release-4.14-CL-3224400
LogInit: Engine Version: 4.14.1-3224400+++UE4+Release-4.14
LogInit: Compatible Engine Version: 4.14.0-3195953+++UE4+Release-4.14
LogInit: Net CL: 3195953
LogDevObjectVersion: Number of dev versions registered: 13
LogDevObjectVersion:   Dev-Blueprints (B0D832E4-1F89-4F0D-ACCF-7EB736FD4AA2): 7
LogDevObjectVersion:   Dev-Build (E1C64328-A22C-4D53-A36C-8E866417BD8C): 0
LogDevObjectVersion:   Dev-Core (375EC13C-06E4-48FB-B500-84F0262A717E): 1
LogDevObjectVersion:   Dev-Editor (E4B068ED-F494-42E9-A231-DA0B2E46BB41): 8
LogDevObjectVersion:   Dev-Framework (CFFC743F-43B0-4480-9391-14DF171D2073): 17
LogDevObjectVersion:   Dev-Mobile (B02B49B5-BB20-44E9-A304-32B752E40360): 0
LogDevObjectVersion:   Dev-Networking (A4E4105C-59A1-49B5-A7C5-40C4547EDFEE): 0
LogDevObjectVersion:   Dev-Online (39C831C9-5AE6-47DC-9A44-9C173E1C8E7C): 0
LogDevObjectVersion:   Dev-Physics (78F01B33-EBEA-4F98-B9B4-84EACCB95AA2): 0
LogDevObjectVersion:   Dev-Platform (6631380F-2D4D-43E0-8009-CF276956A95A): 0
LogDevObjectVersion:   Dev-Rendering (12F88B9F-8875-4AFC-A67C-D90C383ABD29): 12
LogDevObjectVersion:   Dev-Sequencer (7B5AE74C-D270-4C10-A958-57980B212A5A): 1
LogDevObjectVersion:   Dev-VR (D7296918-1DD6-4BDD-9DE2-64A83CC13884): 0
LogInit: Compiled (64-bit): Dec  7 2016 02:14:32
LogInit: Compiled with Visual C++: 19.00.23026.00
LogInit: Build Configuration: Development
LogInit: Branch Name: ++UE4+Release-4.14
LogInit: Command line: -EpicPortal 
LogInit: Base directory: C:/Program Files (x86)/Epic Games/4.14/Engine/Binaries/Win64/
LogInit: Installed Engine Build: 1
LogInit: Presizing for max 8388607 objects, including 0 objects not considered by GC, pre-allocating 0 bytes for permanent pool.
LogInit: Object subsystem initialized
[2016.12.21-10.13.43:251][  0]LogInit: Selected Device Profile: [Windows]
[2016.12.21-10.13.43:251][  0]LogInit: Applying CVar settings loaded from the selected device profile: [Windows]
[2016.12.21-10.13.43:260][  0]LogInit: Computer: DESKTOP-VB28MJU
[2016.12.21-10.13.43:260][  0]LogInit: User: Tommy
[2016.12.21-10.13.43:260][  0]LogInit: CPU Page size=65536, Cores=4
[2016.12.21-10.13.43:260][  0]LogInit: High frequency timer resolution =3.312792 MHz
[2016.12.21-10.13.43:260][  0]LogMemory: Memory total: Physical=7.9GB (8GB approx)
[2016.12.21-10.13.43:260][  0]LogMemory: Platform Memory Stats for Windows
[2016.12.21-10.13.43:260][  0]LogMemory: Process Physical Memory: 265.07 MB used, 265.07 MB peak
[2016.12.21-10.13.43:260][  0]LogMemory: Process Virtual Memory: 262.92 MB used, 262.92 MB peak
[2016.12.21-10.13.43:260][  0]LogMemory: Physical Memory: 5099.07 MB used,  2986.11 MB free, 8085.18 MB total
[2016.12.21-10.13.43:260][  0]LogMemory: Virtual Memory: 676.38 MB used,  2986.11 MB free, 134217728.00 MB total
[2016.12.21-10.13.43:287][  0]LogTextLocalizationManager: No specific translations for ('en-AU') exist, so ('en') translations will be used.
[2016.12.21-10.13.43:882][  0]LogD3D11RHI: D3D11 adapters:
[2016.12.21-10.13.43:905][  0]LogD3D11RHI:    0. 'NVIDIA GeForce GTX 960' (Feature Level 11_0)
[2016.12.21-10.13.43:905][  0]LogD3D11RHI:       2016/0/4042 MB DedicatedVideo/DedicatedSystem/SharedSystem, Outputs:1, VendorId:0x10de
[2016.12.21-10.13.43:908][  0]LogD3D11RHI:    1. 'Intel(R) HD Graphics 4000' (Feature Level 11_0)
[2016.12.21-10.13.43:908][  0]LogD3D11RHI:       32/0/1760 MB DedicatedVideo/DedicatedSystem/SharedSystem, Outputs:0, VendorId:0x8086
[2016.12.21-10.13.43:909][  0]LogD3D11RHI:    2. 'Microsoft Basic Render Driver' (Feature Level 11_0)
[2016.12.21-10.13.43:909][  0]LogD3D11RHI:       0/0/4042 MB DedicatedVideo/DedicatedSystem/SharedSystem, Outputs:0, VendorId:0x1414
[2016.12.21-10.13.43:909][  0]LogD3D11RHI: Chosen D3D11 Adapter: 0
[2016.12.21-10.13.43:913][  0]LogD3D11RHI: Creating new Direct3DDevice
[2016.12.21-10.13.43:913][  0]LogD3D11RHI:     GPU DeviceId: 0x1401 (for the marketing name, search the web for "GPU Device Id")
[2016.12.21-10.13.43:913][  0]LogWindows: EnumDisplayDevices:
[2016.12.21-10.13.43:913][  0]LogWindows:    0. 'NVIDIA GeForce GTX 960' (P:1 D:1)
[2016.12.21-10.13.43:913][  0]LogWindows:    1. 'NVIDIA GeForce GTX 960' (P:0 D:0)
[2016.12.21-10.13.43:913][  0]LogWindows:    2. 'NVIDIA GeForce GTX 960' (P:0 D:0)
[2016.12.21-10.13.43:913][  0]LogWindows:    3. 'NVIDIA GeForce GTX 960' (P:0 D:0)
[2016.12.21-10.13.43:914][  0]LogWindows:    4. 'Intel(R) HD Graphics 4000' (P:0 D:0)
[2016.12.21-10.13.43:914][  0]LogWindows:    5. 'Intel(R) HD Graphics 4000' (P:0 D:0)
[2016.12.21-10.13.43:914][  0]LogWindows: DebugString: PrimaryIsNotTheChoosenAdapter PrimaryIsNotTheChoosenAdapter FoundDriverCount:4 
[2016.12.21-10.13.43:914][  0]LogD3D11RHI:     Adapter Name: NVIDIA GeForce GTX 960
[2016.12.21-10.13.43:914][  0]LogD3D11RHI:   Driver Version: 368.81 (internal:10.18.13.6881, unified:368.81)
[2016.12.21-10.13.43:914][  0]LogD3D11RHI:      Driver Date: 7-10-2016
[2016.12.21-10.13.43:914][  0]LogRHI: Texture pool is 1361 MB (70% of 1945 MB)
[2016.12.21-10.13.43:926][  0]LogD3D11RHI: Async texture creation enabled
[2016.12.21-10.13.43:936][  0]LogD3D11RHI: GPU Timing Frequency: 1000.000000 (Debug: 2 1)
[2016.12.21-10.13.43:936][  0]LogShaderCompilers: Guid format shader working directory is 11 characters bigger than the processId version (E:/Unreal Projects/BananaTurntable/Intermediate/Shaders/WorkingDirectory/14476/).
[2016.12.21-10.13.43:937][  0]LogShaderCompilers: Cleaned the shader compiler working directory 'C:/Users/Tommy/AppData/Local/Temp/UnrealShaderWorkingDir/E0991D964D49A845737B35ADA7AEABCF/'.
[2016.12.21-10.13.43:937][  0]LogShaderCompilers:Display: Using Local Shader Compiler.
[2016.12.21-10.13.44:960][  0]LogTemp:Display: Loaded TP AllDesktopTargetPlatform
[2016.12.21-10.13.45:017][  0]LogTemp:Display: Loaded TP MacClientTargetPlatform
[2016.12.21-10.13.45:074][  0]LogTemp:Display: Loaded TP MacNoEditorTargetPlatform
[2016.12.21-10.13.45:132][  0]LogTemp:Display: Loaded TP MacServerTargetPlatform
[2016.12.21-10.13.45:192][  0]LogTemp:Display: Loaded TP MacTargetPlatform
[2016.12.21-10.13.45:250][  0]LogTemp:Display: Loaded TP WindowsClientTargetPlatform
[2016.12.21-10.13.45:308][  0]LogTemp:Display: Loaded TP WindowsNoEditorTargetPlatform
[2016.12.21-10.13.45:367][  0]LogTemp:Display: Loaded TP WindowsServerTargetPlatform
[2016.12.21-10.13.45:416][  0]LogTemp:Display: Loaded TP WindowsTargetPlatform
[2016.12.21-10.13.45:473][  0]LogTemp:Display: Loaded TP AndroidTargetPlatform
[2016.12.21-10.13.45:530][  0]LogTemp:Display: Loaded TP Android_ASTCTargetPlatform
[2016.12.21-10.13.45:586][  0]LogTemp:Display: Loaded TP Android_ATCTargetPlatform
[2016.12.21-10.13.45:641][  0]LogTemp:Display: Loaded TP Android_DXTTargetPlatform
[2016.12.21-10.13.45:697][  0]LogTemp:Display: Loaded TP Android_ETC1TargetPlatform
[2016.12.21-10.13.45:753][  0]LogTemp:Display: Loaded TP Android_ETC2TargetPlatform
[2016.12.21-10.13.45:866][  0]LogTemp:Display: Loaded TP Android_MultiTargetPlatform
[2016.12.21-10.13.45:866][  0]LogTemp:Display: Loaded TP Android_PVRTCTargetPlatform
[2016.12.21-10.13.45:907][  0]LogTemp:Display: Loaded TP HTML5TargetPlatform
[2016.12.21-10.13.45:996][  0]LogTemp:Display: Loaded TP IOSTargetPlatform
[2016.12.21-10.13.46:032][  0]LogTemp:Display: Loaded TP TVOSTargetPlatform
[2016.12.21-10.13.46:087][  0]LogTemp:Display: Loaded TP LinuxClientTargetPlatform
[2016.12.21-10.13.46:144][  0]LogTemp:Display: Loaded TP LinuxNoEditorTargetPlatform
[2016.12.21-10.13.46:200][  0]LogTemp:Display: Loaded TP LinuxServerTargetPlatform
[2016.12.21-10.13.46:256][  0]LogTemp:Display: Loaded TP LinuxTargetPlatform
[2016.12.21-10.13.46:256][  0]LogTargetPlatformManager:Display: Building Assets For Windows
[2016.12.21-10.13.46:685][  0]LogDerivedDataCache:Display: Max Cache Size: 512 MB
[2016.12.21-10.13.46:730][  0]LogDerivedDataCache: Loaded boot cache 0.04s 50MB C:/Users/Tommy/AppData/Local/UnrealEngine/4.14/DerivedDataCache/Boot.ddc.
[2016.12.21-10.13.46:730][  0]LogDerivedDataCache:Display: Loaded Boot cache: C:/Users/Tommy/AppData/Local/UnrealEngine/4.14/DerivedDataCache/Boot.ddc
[2016.12.21-10.13.46:730][  0]LogDerivedDataCache: FDerivedDataBackendGraph:  Pak pak cache file E:/Unreal Projects/BananaTurntable/DerivedDataCache/DDC.ddp not found, will not use a pak cache.
[2016.12.21-10.13.46:730][  0]LogDerivedDataCache: Unable to find inner node Pak for hierarchical cache Hierarchy.
[2016.12.21-10.13.46:730][  0]LogDerivedDataCache: FDerivedDataBackendGraph:  CompressedPak pak cache file E:/Unreal Projects/BananaTurntable/DerivedDataCache/Compressed.ddp not found, will not use a pak cache.
[2016.12.21-10.13.46:730][  0]LogDerivedDataCache: Unable to find inner node CompressedPak for hierarchical cache Hierarchy.
[2016.12.21-10.13.46:746][  0]LogDerivedDataCache:Display: Pak cache opened for reading ../../../Engine/DerivedDataCache/Compressed.ddp.
[2016.12.21-10.13.46:758][  0]LogDerivedDataCache: Using Local data cache path C:/Users/Tommy/AppData/Local/UnrealEngine/Common/DerivedDataCache: Writable
[2016.12.21-10.13.46:973][  0]LogInit: Selected Device Profile: [Windows]
[2016.12.21-10.13.46:976][  0]LogContentStreaming: Texture pool size is 0.00 MB
[2016.12.21-10.13.47:182][  0]LogMeshUtilities: Using QuadricMeshReduction for automatic static mesh reduction
[2016.12.21-10.13.47:228][  0]LogSimplygon: Simplygon DLL not present - disabling.
[2016.12.21-10.13.47:278][  0]LogMeshUtilities: Using SimplygonSwarm for distributed automatic mesh merging
[2016.12.21-10.13.47:278][  0]LogMeshUtilities: No automatic skeletal mesh reduction module available
[2016.12.21-10.13.47:278][  0]LogMeshUtilities: No automatic mesh merging module available
[2016.12.21-10.13.47:751][  0]LogNetVersion: GetLocalNetworkVersion: CL: 3195953, ProjectName: bananaturntable, ProjectVersion: , EngineNetworkVersion: 2, GameNetworkVersion: 0, NetworkChecksum: 3064809256
[2016.12.21-10.13.47:810][  0]LogAssetRegistry: FAssetRegistry took 0.0222 seconds to start up
[2016.12.21-10.13.47:856][  0]LogPackageLocalizationCache: Processed 3 localized package path(s) for 2 prioritized culture(s) in 0.021784 seconds
[2016.12.21-10.13.47:862][  0]LogUObjectArray: 31946 objects as part of root set at end of initial load.
[2016.12.21-10.13.47:862][  0]LogUObjectAllocator: 6935848 out of 0 bytes used by permanent object pool.
[2016.12.21-10.13.47:862][  0]LogUObjectArray: CloseDisregardForGC: 0/0 objects in disregard for GC pool
[2016.12.21-10.13.47:934][  0]LogInit: WinSock: version 1.1 (2.2), MaxSocks=32767, MaxUdp=65467
[2016.12.21-10.13.48:746][  0]LogSlate: Using Freetype 2.6.0
[2016.12.21-10.13.48:747][  0]LogSlate: SlateFontCache - WITH_FREETYPE: 1, WITH_HARFBUZZ: 1
[2016.12.21-10.13.48:747][  0]LogSlate: SlateFontCache - WITH_FREETYPE: 1, WITH_HARFBUZZ: 1
[2016.12.21-10.13.49:538][  0]LogTcpMessaging: Initializing TcpMessaging bridge
[2016.12.21-10.13.49:599][  0]LogUdpMessaging: Initializing bridge on interface 0.0.0.0:0 to multicast group 230.0.0.1:6666.
[2016.12.21-10.13.49:909][  0]LogMaterial: Uniform references updated for custom material expression Custom.
[2016.12.21-10.13.50:300][  0]SourceControl: Info Source control is disabled
[2016.12.21-10.13.50:326][  0]SourceControl: Info Source control is disabled
[2016.12.21-10.13.50:376][  0]SourceControl: Info Source control is disabled
[2016.12.21-10.13.50:425][  0]SourceControl: Info Source control is disabled
[2016.12.21-10.13.51:759][  0]LogEngine: Initializing Engine...
[2016.12.21-10.13.51:760][  0]LogHMD: Failed to initialize OpenVR with code 110
[2016.12.21-10.13.51:995][  0]LogAIModule: Creating AISystem for world Untitled
[2016.12.21-10.13.52:004][  0]LogInit: XAudio2 using 'Speakers (Realtek High Definition Audio)' : 2 channels at 48 kHz using 32 bits per sample (channel mask 0x3)
[2016.12.21-10.13.52:024][  0]LogInit: FAudioDevice initialized.
[2016.12.21-10.13.52:046][  0]LogDerivedDataCache: Saved boot cache 0.02s 50MB C:/Users/Tommy/AppData/Local/UnrealEngine/4.14/DerivedDataCache/Boot.ddc.
[2016.12.21-10.13.52:054][  0]LogInit: Texture streaming: Enabled
[2016.12.21-10.13.52:246][  0]LogInit: Transaction tracking system initialized
[2016.12.21-10.13.52:601][  0]BlueprintLog: New page: Editor Load
[2016.12.21-10.13.53:571][  0]LocalizationService: Info Localization service is disabled
[2016.12.21-10.13.54:451][  0]LogConsoleResponse:Display: 
[2016.12.21-10.13.54:588][  0]LogFileCache: Scanning file cache for directory 'E:/Unreal Projects/BananaTurntable/Content/' took 0.01s
[2016.12.21-10.13.54:588][  0]LogCook:Display: Max memory allowance for cook 16384mb min free memory 0mb
[2016.12.21-10.13.54:588][  0]LogCook:Display: Mobile HDR setting 1
[2016.12.21-10.13.55:598][  0]SourceControl: Info Source control is disabled
[2016.12.21-10.13.55:598][  0]Cmd: MAP LOAD FILE="../../../Engine/Content/Maps/Templates/Template_Default.umap" TEMPLATE=1 SHOWPROGRESS=1 FEATURELEVEL=3
[2016.12.21-10.13.55:598][  0]LightingResults: New page: Lighting Build
[2016.12.21-10.13.55:640][  0]MapCheck: New page: Map Check
[2016.12.21-10.13.55:640][  0]LightingResults: New page: Lighting Build
[2016.12.21-10.13.55:869][  0]LogAIModule: Creating AISystem for world Untitled_1
[2016.12.21-10.13.55:869][  0]LogActorComponent: RegisterComponentWithWorld: (/Temp/Untitled_1.Untitled_1:PersistentLevel.WorldSettings_1.StaticMeshComponent0) Trying to register component with IsPendingKill() == true. Aborting.
[2016.12.21-10.13.55:873][  0]LogEditorServer: Finished looking for orphan Actors (0.000 secs)
[2016.12.21-10.13.55:876][  0]Cmd: MAP CHECKDEP NOCLEARLOG
[2016.12.21-10.13.55:917][  0]MapCheck: Info Map check complete: 0 Error(s), 0 Warning(s), took 40.722ms to complete.
[2016.12.21-10.13.55:917][  0]LogFileHelpers: Loading map 'Template_Default' took 0.320
[2016.12.21-10.13.56:043][  0]LogCollectionManager: Loaded 0 collections in 0.001693 seconds
[2016.12.21-10.13.56:121][  0]LogFileCache: Scanning file cache for directory 'E:/Unreal Projects/BananaTurntable/Saved/Collections/' took 0.01s
[2016.12.21-10.13.56:121][  0]LogFileCache: Scanning file cache for directory 'E:/Unreal Projects/BananaTurntable/Content/Developers/Tommy/Collections/' took 0.01s
[2016.12.21-10.13.56:121][  0]LogFileCache: Scanning file cache for directory 'E:/Unreal Projects/BananaTurntable/Content/Collections/' took 0.01s
[2016.12.21-10.13.56:121][  0]LogCollectionManager: Rebuilt the GUID cache for 0 collections in 0.000002 seconds
[2016.12.21-10.13.56:131][  0]LogContentBrowser: Native class hierarchy populated in 0.0093 seconds. Added 2190 classes and 428 folders.
[2016.12.21-10.13.56:174][  0]LogStats: UGameplayTagsManager::ConstructGameplayTagTree: Construct from data asset -  0.000 s
[2016.12.21-10.13.56:174][  0]LogStats: UGameplayTagsManager::ConstructGameplayTagTree: GameplayTagTreeChangedEvent.Broadcast -  0.000 s
[2016.12.21-10.13.56:174][  0]LogContentBrowser: Native class hierarchy updated for 'GameplayTags' in 0.0005 seconds. Added 13 classes and 0 folders.
[2016.12.21-10.13.56:238][  0]LogContentBrowser: Native class hierarchy updated for 'WidgetCarousel' in 0.0004 seconds. Added 0 classes and 0 folders.
[2016.12.21-10.13.56:279][  0]LogContentBrowser: Native class hierarchy updated for 'AddContentDialog' in 0.0004 seconds. Added 0 classes and 0 folders.
[2016.12.21-10.13.56:323][  0]LogContentBrowser: Native class hierarchy updated for 'SceneOutliner' in 0.0004 seconds. Added 1 classes and 2 folders.
[2016.12.21-10.13.56:396][  0]LogCrashTracker: Crashtracker disabled due to settings.
[2016.12.21-10.13.56:402][  0]LogUObjectGlobals:Warning: Failed to find object 'Class None.'
[2016.12.21-10.13.56:469][  0]LogContentBrowser: Native class hierarchy updated for 'HierarchicalLODOutliner' in 0.0005 seconds. Added 1 classes and 2 folders.
[2016.12.21-10.13.56:470][  0]LogLoad: (Engine Initialization) Total time: 14.59 seconds
[2016.12.21-10.13.56:470][  0]LogLoad: (Engine Initialization) Total Blueprint compile time: 0.10 seconds
[2016.12.21-10.13.56:470][  0]LogExternalProfiler: Found external profiler: VSPerf
[2016.12.21-10.13.56:470][  0]LogExternalProfiler: Using external profiler: VSPerf
[2016.12.21-10.13.56:809][  0]LogOcInput: OculusInput pre-init called
[2016.12.21-10.13.56:832][  0]LogContentStreaming: Texture pool size now 600 MB
[2016.12.21-10.13.56:979][  0]LogRenderer: Reallocating scene render targets to support 1208x596 NumSamples 1 (Frame:2).
[2016.12.21-10.13.57:145][  1]LogAssetRegistry: Asset discovery search completed in 9.3575 seconds
[2016.12.21-10.13.57:145][  1]LogCollectionManager: Rebuilt the object cache for 0 collections in 0.000001 seconds (found 0 objects)
[2016.12.21-10.13.57:145][  1]LogCollectionManager: Fixed up redirectors for 0 collections in 0.000016 seconds (updated 0 objects)
[2016.12.21-10.14.01:708][358]LogSlate: Only BGRA pngs, bmps or icos are supported in by External Image Picker
[2016.12.21-10.14.01:750][359]LogTemp:Display: Executing iPhonePackager certificates Engine -bundlename com.YourCompany.BananaTurntable

[2016.12.21-10.14.01:750][359]LogTemp:Display: CWD: C:\Program Files (x86)\Epic Games\4.14\Engine\Binaries\DotNet\IOS

[2016.12.21-10.14.01:750][359]LogTemp:Display: Initial Dir: C:\Program Files (x86)\Epic Games\4.14

[2016.12.21-10.14.01:750][359]LogTemp:Display: Env CWD: C:\Program Files (x86)\Epic Games\4.14\Engine\Binaries\DotNet\IOS

[2016.12.21-10.14.01:750][359]LogTemp:Display: BranchPath = DESKTOP-VB28MJU/C/Program Files (x86)/Epic Games/4.14/Engine/Binaries --- GameBranchPath = DESKTOP-VB28MJU/C/Program Files (x86)/Epic Games/4.14/Engine/Binaries

[2016.12.21-10.14.01:767][360]LogTemp:Display: IPP ERROR: Application exception: System.IO.DirectoryNotFoundException: Could not find a part of the path 'C:\Users\Tommy\AppData\Local\Apple Computer\MobileDevice\Provisioning Profiles'.

[2016.12.21-10.14.01:767][360]LogTemp:Display:    at System.IO.__Error.WinIOError(Int32 errorCode, String maybeFullPath)

[2016.12.21-10.14.01:767][360]LogTemp:Display:    at System.IO.FileSystemEnumerableIterator`1.CommonInit()

[2016.12.21-10.14.01:767][360]LogTemp:Display:    at System.IO.Directory.EnumerateFiles(String path, String searchPattern)

[2016.12.21-10.14.01:767][360]LogTemp:Display:    at iPhonePackager.CodeSignatureBuilder.FindProvisions(String CFBundleIdentifier)

[2016.12.21-10.14.01:767][360]LogTemp:Display:    at iPhonePackager.Program.Main(String[] args)

[2016.12.21-10.49.32:386][569]LogEditorViewport: Clicking on Actor (LMB): BP_Sky_Sphere_C (Sky Sphere)
[2016.12.21-11.14.12:250][ 23]LogTemp: Repeting last play command: Selected Viewport
[2016.12.21-11.14.12:269][ 23]LogPlayLevel: PlayLevel: No blueprints needed recompiling
[2016.12.21-11.14.12:271][ 23]PIE: New page: PIE session: Untitled_1 (22 Dec 2016 1:14:12 pm)
[2016.12.21-11.14.12:272][ 23]LogPlayLevel: Creating play world package: /Temp/UEDPIE_0_Untitled_1
[2016.12.21-11.14.12:285][ 23]LogPlayLevel: PIE: StaticDuplicateObject took: (0.012958s)
[2016.12.21-11.14.12:287][ 23]LogAIModule: Creating AISystem for world Untitled_1
[2016.12.21-11.14.12:288][ 23]LogPlayLevel: PIE: World Init took: (0.002787s)
[2016.12.21-11.14.12:289][ 23]LogPlayLevel: PIE: Created PIE world by copying editor world from /Temp/Untitled_1.Untitled_1 to /Temp/UEDPIE_0_Untitled_1.Untitled_1 (0.016983s)
[2016.12.21-11.14.12:340][ 23]LogInit: XAudio2 using 'Speakers (Realtek High Definition Audio)' : 2 channels at 48 kHz using 32 bits per sample (channel mask 0x3)
[2016.12.21-11.14.12:350][ 23]LogInit: FAudioDevice initialized.
[2016.12.21-11.14.12:398][ 23]LogLoad: Game class is 'GameModeBase'
[2016.12.21-11.14.12:402][ 23]LogWorld: Bringing World /Temp/UEDPIE_0_Untitled_1.Untitled_1 up for play (max tick rate 0) at 2016.12.22-00.14.12
[2016.12.21-11.14.12:402][ 23]LogWorld: Bringing up level for play took: 0.001483
[2016.12.21-11.14.12:452][ 23]LogContentBrowser: Native class hierarchy updated for 'MovieSceneCapture' in 0.0014 seconds. Added 11 classes and 0 folders.
[2016.12.21-11.14.12:456][ 23]PIE: Info Play in editor start time for /Temp/UEDPIE_0_Untitled_1 0.759
[2016.12.21-12.06.27:239][839]LogFactory: FactoryCreateFile: StaticMesh with FbxFactory (0 0 D:/OneDrive/Freelance/Ray Wenderlich/Unreal Engine 4 Tutorial - Getting Started/Banana/Banana.fbx)
[2016.12.21-12.06.27:271][839]LogFbx: ItemName: GlobalSettings, ItemCount : 1
[2016.12.21-12.06.27:271][839]LogFbx: ItemName: AnimationStack, ItemCount : 1
[2016.12.21-12.06.27:271][839]LogFbx: ItemName: AnimationLayer, ItemCount : 1
[2016.12.21-12.06.27:271][839]LogFbx: ItemName: Geometry, ItemCount : 1
[2016.12.21-12.06.27:271][839]LogFbx: ItemName: Material, ItemCount : 1
[2016.12.21-12.06.27:271][839]LogFbx: ItemName: Model, ItemCount : 1
[2016.12.21-12.06.27:271][839]LogFbx: ItemName: CollectionExclusive, ItemCount : 1
[2016.12.21-12.06.27:280][839]LogFbx: Loading FBX Scene from D:/OneDrive/Freelance/Ray Wenderlich/Unreal Engine 4 Tutorial - Getting Started/Banana/Banana.fbx
[2016.12.21-12.06.27:294][839]LogFbx: FBX Scene Loaded Succesfully
[2016.12.21-12.06.50:417][839]LogFbx: Loading FBX Scene from D:/OneDrive/Freelance/Ray Wenderlich/Unreal Engine 4 Tutorial - Getting Started/Banana/Banana.fbx
[2016.12.21-12.06.50:425][839]LogFbx: FBX Scene Loaded Succesfully
[2016.12.21-12.06.50:433][839]LogLinker: Can't find file '/Game/lambert1'
[2016.12.21-12.06.50:433][839]LogLinker: Can't find file '/Game/lambert1'
[2016.12.21-12.06.50:446][839]LogMaterial: Missing cached shader map for material lambert1, compiling. 
[2016.12.21-12.06.50:500][839]LogFbx:Warning: Triangulating static mesh pCylinder1
[2016.12.21-12.06.51:213][839]LogStaticMesh: Building static mesh Banana...
[2016.12.21-12.06.51:337][839]LogStaticMesh: Built static mesh [0.12s] /Game/Banana.Banana
[2016.12.21-12.06.51:417][839]LogFactory: FactoryCreateFile: Texture with ReimportTextureFactory (0 0 D:/OneDrive/Freelance/Ray Wenderlich/Unreal Engine 4 Tutorial - Getting Started/Banana/Banana.jpg)
[2016.12.21-12.06.51:453][839]LogTexture:Display: Building textures: Banana_0 (AutoDXT)
[2016.12.21-12.06.54:859][163]LogFileHelpers: Editor autosave (incl. sublevels) for '/Temp/Untitled_1' took 0.014
[2016.12.21-12.06.54:862][163]OBJ SavePackage: Generating thumbnails for [2] asset(s) in package [/Game/Banana] ([2] browsable assets)...
[2016.12.21-12.06.54:876][163]OBJ SavePackage:     Rendered thumbnail for [StaticMesh /Game/Banana.Banana]
[2016.12.21-12.06.54:885][163]OBJ SavePackage:     Rendered thumbnail for [Texture2D /Game/Banana.Banana_0]
[2016.12.21-12.06.54:885][163]OBJ SavePackage: Finished generating thumbnails for package [/Game/Banana]
[2016.12.21-12.06.54:885][163]Cmd: OBJ SAVEPACKAGE PACKAGE="/Game/Banana" FILE="E:/Unreal Projects/BananaTurntable/Saved/Autosaves/Game/Banana_Auto1.uasset" SILENT=false AUTOSAVING=true
[2016.12.21-12.06.54:919][163]LogSavePackage: Save=32.17ms
[2016.12.21-12.06.54:919][163]LogSavePackage: Moving 'E:/Unreal Projects/BananaTurntable/Saved/Banana_Auto1A4DB7AD9483C3FAE77787E995CA7D598.tmp' to 'E:/Unreal Projects/BananaTurntable/Saved/Autosaves/Game/Banana_Auto1.uasset'
[2016.12.21-12.06.54:920][163]LogSavePackage:Display: Finished SavePackage E:/Unreal Projects/BananaTurntable/Saved/Autosaves/Game/Banana_Auto1.uasset
[2016.12.21-12.06.54:920][163]OBJ SavePackage: Generating thumbnails for [1] asset(s) in package [/Game/lambert1] ([1] browsable assets)...
[2016.12.21-12.06.54:934][163]OBJ SavePackage:     Rendered thumbnail for [Material /Game/lambert1.lambert1]
[2016.12.21-12.06.54:934][163]OBJ SavePackage: Finished generating thumbnails for package [/Game/lambert1]
[2016.12.21-12.06.54:934][163]Cmd: OBJ SAVEPACKAGE PACKAGE="/Game/lambert1" FILE="E:/Unreal Projects/BananaTurntable/Saved/Autosaves/Game/lambert1_Auto1.uasset" SILENT=false AUTOSAVING=true
[2016.12.21-12.06.54:948][163]LogSavePackage: Save=13.40ms
[2016.12.21-12.06.54:948][163]LogSavePackage: Moving 'E:/Unreal Projects/BananaTurntable/Saved/lambert1_Auto11EFD19D54D311FF0724F31A3BFB30BB0.tmp' to 'E:/Unreal Projects/BananaTurntable/Saved/Autosaves/Game/lambert1_Auto1.uasset'
[2016.12.21-12.06.54:948][163]LogSavePackage:Display: Finished SavePackage E:/Unreal Projects/BananaTurntable/Saved/Autosaves/Game/lambert1_Auto1.uasset
[2016.12.21-12.06.54:948][163]LogFileHelpers: Auto-saving content packages took 0.088
[2016.12.21-12.06.58:671][529]LogRenderer: Reallocating scene render targets to support 1432x924 NumSamples 1 (Frame:43412).
[2016.12.21-12.10.56:604][569]LogFactory: FactoryCreateFile: StaticMesh with FbxFactory (0 0 D:/OneDrive/Freelance/Ray Wenderlich/Unreal Engine 4 Tutorial - Getting Started/Banana/Banana.fbx)
[2016.12.21-12.10.56:608][569]LogFbx: ItemName: GlobalSettings, ItemCount : 1
[2016.12.21-12.10.56:608][569]LogFbx: ItemName: AnimationStack, ItemCount : 1
[2016.12.21-12.10.56:608][569]LogFbx: ItemName: AnimationLayer, ItemCount : 1
[2016.12.21-12.10.56:608][569]LogFbx: ItemName: Geometry, ItemCount : 1
[2016.12.21-12.10.56:608][569]LogFbx: ItemName: Material, ItemCount : 1
[2016.12.21-12.10.56:608][569]LogFbx: ItemName: Model, ItemCount : 1
[2016.12.21-12.10.56:608][569]LogFbx: ItemName: CollectionExclusive, ItemCount : 1
[2016.12.21-12.10.56:613][569]LogFbx: Loading FBX Scene from D:/OneDrive/Freelance/Ray Wenderlich/Unreal Engine 4 Tutorial - Getting Started/Banana/Banana.fbx
[2016.12.21-12.10.56:621][569]LogFbx: FBX Scene Loaded Succesfully
[2016.12.21-12.11.00:593][569]LogFbx: Loading FBX Scene from D:/OneDrive/Freelance/Ray Wenderlich/Unreal Engine 4 Tutorial - Getting Started/Banana/Banana.fbx
[2016.12.21-12.11.00:600][569]LogFbx: FBX Scene Loaded Succesfully
[2016.12.21-12.11.00:607][569]LogFbx:Warning: Triangulating static mesh pCylinder1
[2016.12.21-12.11.01:275][569]LogStaticMesh: Building static mesh Banana...
[2016.12.21-12.11.01:364][569]LogStaticMesh: Built static mesh [0.09s] /Game/Banana.Banana
[2016.12.21-12.11.01:401][569]LogFactory: FactoryCreateFile: Texture with ReimportTextureFactory (0 0 D:/OneDrive/Freelance/Ray Wenderlich/Unreal Engine 4 Tutorial - Getting Started/Banana/Banana.jpg)
[2016.12.21-12.11.01:428][569]LogTexture:Display: Building textures: Banana_1 (AutoDXT)
[2016.12.21-12.11.56:131][461]LogMaterial: Missing cached shader map for material NewMaterial, compiling. 
[2016.12.21-12.11.56:248][461]LogMaterial: Missing cached shader map for material NewMaterial, compiling. 
[2016.12.21-12.11.56:257][461]LogMaterial: 0.00 seconds spent updating 1 materials, 1 interfaces, 0 instances, 0 with static permutations.
[2016.12.21-12.11.57:221][503]MaterialEditorStats: Info Base pass shader with only dynamic lighting: 22 instructions
[2016.12.21-12.11.57:221][503]MaterialEditorStats: Info Vertex shader: 29 instructions
[2016.12.21-12.11.57:221][503]MaterialEditorStats: Info Texture samplers: 0/16
[2016.12.21-12.12.00:208][755]LogMaterial: Missing cached shader map for material NewMaterial, compiling. 
[2016.12.21-12.12.00:218][755]LogMaterial: 0.00 seconds spent updating 1 materials, 1 interfaces, 0 instances, 0 with static permutations.
[2016.12.21-12.12.00:219][755]LogMaterial: Missing cached shader map for material FMatExpressionPreview MaterialExpressionTextureSample_0, compiling. 
[2016.12.21-12.12.00:251][755]LogMaterial: Missing cached shader map for material FMatExpressionPreview MaterialExpressionTextureSample_0, compiling. 
[2016.12.21-12.12.00:932][789]MaterialEditorStats: Info Base pass shader with only dynamic lighting: 22 instructions
[2016.12.21-12.12.00:932][789]MaterialEditorStats: Info Vertex shader: 29 instructions
[2016.12.21-12.12.00:932][789]MaterialEditorStats: Info Texture samplers: 0/16
[2016.12.21-12.12.01:402][829]LogMaterial: Missing cached shader map for material NewMaterial, compiling. 
[2016.12.21-12.12.01:412][829]LogMaterial: 0.00 seconds spent updating 1 materials, 1 interfaces, 0 instances, 0 with static permutations.
[2016.12.21-12.12.01:437][829]LogMaterial: Missing cached shader map for material FMatExpressionPreview MaterialExpressionTextureSample_0, compiling. 
[2016.12.21-12.12.02:168][868]MaterialEditorStats: Info Base pass shader with only dynamic lighting: 23 instructions
[2016.12.21-12.12.02:168][868]MaterialEditorStats: Info Vertex shader: 31 instructions
[2016.12.21-12.12.02:168][868]MaterialEditorStats: Info Texture samplers: 1/16
[2016.12.21-12.12.10:604][621]LogMaterialEditor: Applying material NewMaterial
[2016.12.21-12.12.11:676][621]LogMaterial: Missing cached shader map for material NewMaterial, compiling. 
[2016.12.21-12.12.11:697][621]LogMaterial: 0.00 seconds spent updating 1 materials, 1 interfaces, 0 instances, 0 with static permutations.
[2016.12.21-12.12.11:713][621]LogMaterial: Missing cached shader map for material NewMaterial, compiling. 
[2016.12.21-12.12.11:740][621]LogMaterial: Missing cached shader map for material NewMaterial, compiling. 
[2016.12.21-12.12.11:757][621]LogMaterial: 0.00 seconds spent updating 1 materials, 1 interfaces, 0 instances, 0 with static permutations.
[2016.12.21-12.12.18:996][222]LogActorFactory: Actor Factory created Banana
[2016.12.21-12.12.19:831][315]LogActorFactory: Actor Factory created Banana
[2016.12.21-12.12.20:959][441]Cmd: SELECT NONE
[2016.12.21-12.13.25:902][199]LogEditorActor: Deleted Actor: StaticMeshActor
[2016.12.21-12.13.25:914][199]LogEditorActor: Deleted 1 Actors (0.013 secs)
[2016.12.21-12.13.38:932][341]Cmd: MAP LOAD FILE="../../../Engine/Content/Maps/Templates/Template_Default.umap" TEMPLATE=1 SHOWPROGRESS=1 FEATURELEVEL=3
[2016.12.21-12.13.38:946][341]LightingResults: New page: Lighting Build
[2016.12.21-12.13.38:947][341]LoadErrors: New page: Loading map: Template_Default.umap
[2016.12.21-12.13.38:949][341]MapCheck: New page: Map Check
[2016.12.21-12.13.38:949][341]LightingResults: New page: Lighting Build
[2016.12.21-12.13.38:983][341]LogAIModule: Creating AISystem for world Untitled_2
[2016.12.21-12.13.39:000][341]LogActorComponent: RegisterComponentWithWorld: (/Temp/Untitled_2.Untitled_2:PersistentLevel.WorldSettings_1.StaticMeshComponent0) Trying to register component with IsPendingKill() == true. Aborting.
[2016.12.21-12.13.39:047][341]LogEditorServer: Finished looking for orphan Actors (0.000 secs)
[2016.12.21-12.13.39:054][341]Cmd: MAP CHECKDEP NOCLEARLOG
[2016.12.21-12.13.39:269][341]MapCheck: Info Map check complete: 0 Error(s), 0 Warning(s), took 214.046ms to complete.
[2016.12.21-12.13.39:269][341]LogFileHelpers: Loading map 'Template_Default' took 0.343
[2016.12.21-12.23.36:875][143]LogFileHelpers: Editor autosave (incl. sublevels) for '/Temp/Untitled_2' took 0.012
[2016.12.21-12.23.36:876][143]Cmd: OBJ SAVEPACKAGE PACKAGE="/Game/Banana" FILE="E:/Unreal Projects/BananaTurntable/Saved/Autosaves/Game/Banana_Auto2.uasset" SILENT=false AUTOSAVING=true
[2016.12.21-12.23.36:881][143]LogSavePackage: Save=3.79ms
[2016.12.21-12.23.36:881][143]LogSavePackage: Moving 'E:/Unreal Projects/BananaTurntable/Saved/Banana_Auto2609366344E17AF44484D4598112BC748.tmp' to 'E:/Unreal Projects/BananaTurntable/Saved/Autosaves/Game/Banana_Auto2.uasset'
[2016.12.21-12.23.36:882][143]LogSavePackage:Display: Finished SavePackage E:/Unreal Projects/BananaTurntable/Saved/Autosaves/Game/Banana_Auto2.uasset
[2016.12.21-12.23.36:882][143]LogFileHelpers: Auto-saving content packages took 0.006
[2016.12.21-12.30.45:507][139]LogFactory: FactoryCreateFile: StaticMesh with FbxFactory (0 0 D:/OneDrive/Freelance/Ray Wenderlich/Unreal Engine 4 Tutorial - Getting Started/Banana/Banana.fbx)
[2016.12.21-12.30.45:512][139]LogFbx: ItemName: GlobalSettings, ItemCount : 1
[2016.12.21-12.30.45:512][139]LogFbx: ItemName: AnimationStack, ItemCount : 1
[2016.12.21-12.30.45:512][139]LogFbx: ItemName: AnimationLayer, ItemCount : 1
[2016.12.21-12.30.45:512][139]LogFbx: ItemName: Geometry, ItemCount : 1
[2016.12.21-12.30.45:512][139]LogFbx: ItemName: Material, ItemCount : 1
[2016.12.21-12.30.45:512][139]LogFbx: ItemName: Model, ItemCount : 1
[2016.12.21-12.30.45:512][139]LogFbx: ItemName: CollectionExclusive, ItemCount : 1
[2016.12.21-12.30.45:516][139]LogFbx: Loading FBX Scene from D:/OneDrive/Freelance/Ray Wenderlich/Unreal Engine 4 Tutorial - Getting Started/Banana/Banana.fbx
[2016.12.21-12.30.45:524][139]LogFbx: FBX Scene Loaded Succesfully
[2016.12.21-12.32.10:742][139]LogFbx: Loading FBX Scene from D:/OneDrive/Freelance/Ray Wenderlich/Unreal Engine 4 Tutorial - Getting Started/Banana/Banana.fbx
[2016.12.21-12.32.10:750][139]LogFbx: FBX Scene Loaded Succesfully
[2016.12.21-12.32.10:755][139]LogFbx:Warning: Triangulating static mesh pCylinder1
[2016.12.21-12.32.11:425][139]LogStaticMesh: Building static mesh Banana...
[2016.12.21-12.32.11:514][139]LogStaticMesh: Built static mesh [0.09s] /Game/Banana.Banana
[2016.12.21-12.32.11:553][139]LogFactory: FactoryCreateFile: Texture with ReimportTextureFactory (0 0 D:/OneDrive/Freelance/Ray Wenderlich/Unreal Engine 4 Tutorial - Getting Started/Banana/Banana.jpg)
[2016.12.21-12.32.11:580][139]LogTexture:Display: Building textures: Banana_2 (AutoDXT)
[2016.12.21-12.32.58:597][  4]LogFactory: FactoryCreateFile: StaticMesh with FbxFactory (0 0 D:/OneDrive/Freelance/Ray Wenderlich/Unreal Engine 4 Tutorial - Getting Started/Banana/Banana.fbx)
[2016.12.21-12.32.58:601][  4]LogFbx: ItemName: GlobalSettings, ItemCount : 1
[2016.12.21-12.32.58:601][  4]LogFbx: ItemName: AnimationStack, ItemCount : 1
[2016.12.21-12.32.58:601][  4]LogFbx: ItemName: AnimationLayer, ItemCount : 1
[2016.12.21-12.32.58:601][  4]LogFbx: ItemName: Geometry, ItemCount : 1
[2016.12.21-12.32.58:601][  4]LogFbx: ItemName: Material, ItemCount : 1
[2016.12.21-12.32.58:601][  4]LogFbx: ItemName: Model, ItemCount : 1
[2016.12.21-12.32.58:601][  4]LogFbx: ItemName: CollectionExclusive, ItemCount : 1
[2016.12.21-12.32.58:605][  4]LogFbx: Loading FBX Scene from D:/OneDrive/Freelance/Ray Wenderlich/Unreal Engine 4 Tutorial - Getting Started/Banana/Banana.fbx
[2016.12.21-12.32.58:613][  4]LogFbx: FBX Scene Loaded Succesfully
[2016.12.21-12.36.38:012][  4]LogFbx: Loading FBX Scene from D:/OneDrive/Freelance/Ray Wenderlich/Unreal Engine 4 Tutorial - Getting Started/Banana/Banana.fbx
[2016.12.21-12.36.38:019][  4]LogFbx: FBX Scene Loaded Succesfully
[2016.12.21-12.36.38:025][  4]LogFbx:Warning: Triangulating static mesh pCylinder1
[2016.12.21-12.36.38:692][  4]LogStaticMesh: Building static mesh Banana...
[2016.12.21-12.36.38:780][  4]LogStaticMesh: Built static mesh [0.09s] /Game/Banana.Banana
[2016.12.21-12.36.38:819][  4]LogFactory: FactoryCreateFile: Texture with ReimportTextureFactory (0 0 D:/OneDrive/Freelance/Ray Wenderlich/Unreal Engine 4 Tutorial - Getting Started/Banana/Banana.jpg)
[2016.12.21-12.36.38:846][  4]LogTexture:Display: Building textures: Banana_3 (AutoDXT)
[2016.12.21-12.37.09:942][866]LogFileHelpers: Editor autosave (incl. sublevels) for '/Temp/Untitled_2' took 0.008
[2016.12.21-12.37.09:943][866]OBJ SavePackage: Generating thumbnails for [2] asset(s) in package [/Game/Banana] ([2] browsable assets)...
[2016.12.21-12.37.09:969][866]OBJ SavePackage:     Rendered thumbnail for [StaticMesh /Game/Banana.Banana]
[2016.12.21-12.37.09:979][866]OBJ SavePackage:     Rendered thumbnail for [Texture2D /Game/Banana.Banana_3]
[2016.12.21-12.37.09:979][866]OBJ SavePackage: Finished generating thumbnails for package [/Game/Banana]
[2016.12.21-12.37.09:979][866]Cmd: OBJ SAVEPACKAGE PACKAGE="/Game/Banana" FILE="E:/Unreal Projects/BananaTurntable/Saved/Autosaves/Game/Banana_Auto3.uasset" SILENT=false AUTOSAVING=true
[2016.12.21-12.37.10:004][866]LogSavePackage: Save=22.64ms
[2016.12.21-12.37.10:005][866]LogSavePackage: Moving 'E:/Unreal Projects/BananaTurntable/Saved/Banana_Auto3F6DB87FF4DC26FC3DD19329AF9BCCDA9.tmp' to 'E:/Unreal Projects/BananaTurntable/Saved/Autosaves/Game/Banana_Auto3.uasset'
[2016.12.21-12.37.10:005][866]LogSavePackage:Display: Finished SavePackage E:/Unreal Projects/BananaTurntable/Saved/Autosaves/Game/Banana_Auto3.uasset
[2016.12.21-12.37.10:005][866]LogFileHelpers: Auto-saving content packages took 0.062
[2016.12.21-12.38.55:809][460]Cmd: QUIT_EDITOR
[2016.12.21-12.38.56:384][460]LogWindowsTextInputMethodSystem:Display: IME system now deactivated.
[2016.12.21-12.38.56:384][460]LogWindowsTextInputMethodSystem:Display: IME system now deactivated.
[2016.12.21-12.38.56:415][460]LogExit: Preparing to exit.
[2016.12.21-12.38.57:610][460]LogExit: Editor shut down
[2016.12.21-12.38.57:611][460]LogExit: Transaction tracking system shut down
[2016.12.21-12.38.57:802][460]LogObj: Freed 0b from 0 cluster array pools.
[2016.12.21-12.38.57:803][460]LogExit: Object subsystem successfully closed.
[2016.12.21-12.38.57:835][460]LogD3D11RHI: Shutdown
[2016.12.21-12.38.57:836][460]LogD3D11RHI: CleanupD3DDevice
[2016.12.21-12.38.57:907][460]LogD3D11RHI: ~FD3D11DynamicRHI
[2016.12.21-12.38.57:954][460]LogHttp:Display: Http module shutting down, but needs to wait on 1 outstanding Http requests:
[2016.12.21-12.38.57:954][460]LogHttp:Display: 	verb=[POST] url=[https://datarouter.ol.epicgames.com/datarouter/api/v1/public/data?SessionID=%7B5FA7474C-44C0-6BFF-C127-48BFD6AD8019%7D&AppID=UEEditor.Rocket.Release&AppVersion=4.14.1-3224400%2B%2B%2BUE4%2BRelease-4.14&UserID=1bda2ee54da093b2a50b8c91a368fe62%7Cddaae3d7adad4251b47aebd4e1f1f19e%7C69959759-ac70-48c0-a241-92f33d26a024&AppEnvironment=datacollector-binary&UploadType=eteventstream] status=Processing
[2016.12.21-12.38.57:962][460]LogModuleManager: Shutting down and abandoning module NewLevelDialog (246)
[2016.12.21-12.38.57:962][460]LogModuleManager: Shutting down and abandoning module MaterialEditor (245)
[2016.12.21-12.38.57:962][460]LogModuleManager: Shutting down and abandoning module StaticMeshEditor (244)
[2016.12.21-12.38.57:962][460]LogModuleManager: Shutting down and abandoning module MovieSceneCapture (243)
[2016.12.21-12.38.57:962][460]LogModuleManager: Shutting down and abandoning module ExternalImagePicker (242)
[2016.12.21-12.38.57:962][460]LogModuleManager: Shutting down and abandoning module HierarchicalLODOutliner (241)
[2016.12.21-12.38.57:962][460]LogModuleManager: Shutting down and abandoning module CrashTracker (240)
[2016.12.21-12.38.57:963][460]LogModuleManager: Shutting down and abandoning module SceneOutliner (239)
[2016.12.21-12.38.57:963][460]LogModuleManager: Shutting down and abandoning module WidgetCarousel (238)
[2016.12.21-12.38.57:963][460]LogModuleManager: Shutting down and abandoning module AddContentDialog (237)
[2016.12.21-12.38.57:965][460]LogDirectoryWatcher: A directory notification for 'C:/Program Files (x86)/Epic Games/4.14/FeaturePacks/' was aborted.
[2016.12.21-12.38.57:970][460]LogModuleManager: Shutting down and abandoning module GameplayTags (236)
[2016.12.21-12.38.57:970][460]LogModuleManager: Shutting down and abandoning module EditorWidgets (235)
[2016.12.21-12.38.57:970][460]LogModuleManager: Shutting down and abandoning module CollectionManager (234)
[2016.12.21-12.38.57:970][460]LogDirectoryWatcher: A directory notification for 'E:/Unreal Projects/BananaTurntable/Content/Collections/' was aborted.
[2016.12.21-12.38.57:971][460]LogDirectoryWatcher: A directory notification for 'E:/Unreal Projects/BananaTurntable/Content/Developers/Tommy/Collections/' was aborted.
[2016.12.21-12.38.57:971][460]LogDirectoryWatcher: A directory notification for 'E:/Unreal Projects/BananaTurntable/Saved/Collections/' was aborted.
[2016.12.21-12.38.57:971][460]LogModuleManager: Shutting down and abandoning module StatsViewer (233)
[2016.12.21-12.38.57:972][460]LogModuleManager: Shutting down and abandoning module FoliageEdit (232)
[2016.12.21-12.38.57:972][460]LogModuleManager: Shutting down and abandoning module LandscapeEditor (231)
[2016.12.21-12.38.57:973][460]LogModuleManager: Shutting down and abandoning module SceneDepthPickerMode (230)
[2016.12.21-12.38.57:973][460]LogModuleManager: Shutting down and abandoning module ActorPickerMode (229)
[2016.12.21-12.38.57:973][460]LogModuleManager: Shutting down and abandoning module GeometryMode (228)
[2016.12.21-12.38.57:973][460]LogModuleManager: Shutting down and abandoning module TextureAlignMode (227)
[2016.12.21-12.38.57:973][460]LogModuleManager: Shutting down and abandoning module BspMode (226)
[2016.12.21-12.38.57:973][460]LogModuleManager: Shutting down and abandoning module HardwareSurvey (225)
[2016.12.21-12.38.57:973][460]LogModuleManager: Shutting down and abandoning module SequenceRecorderSections (224)
[2016.12.21-12.38.57:974][460]LogModuleManager: Shutting down and abandoning module AutomationWorker (223)
[2016.12.21-12.38.57:974][460]LogModuleManager: Shutting down and abandoning module MatineeToLevelSequence (222)
[2016.12.21-12.38.57:974][460]LogModuleManager: Shutting down and abandoning module PlacementMode (221)
[2016.12.21-12.38.57:976][460]LogModuleManager: Shutting down and abandoning module LevelSequenceEditor (220)
[2016.12.21-12.38.57:978][460]LogModuleManager: Shutting down and abandoning module WmfMediaFactory (219)
[2016.12.21-12.38.57:978][460]LogModuleManager: Shutting down and abandoning module WmfMediaEditor (218)
[2016.12.21-12.38.57:978][460]LogModuleManager: Shutting down and abandoning module AvfMediaFactory (217)
[2016.12.21-12.38.57:978][460]LogModuleManager: Shutting down and abandoning module AvfMediaEditor (216)
[2016.12.21-12.38.57:978][460]LogModuleManager: Shutting down and abandoning module Media (215)
[2016.12.21-12.38.57:978][460]LogModuleManager: Shutting down and abandoning module AndroidMediaFactory (214)
[2016.12.21-12.38.57:978][460]LogModuleManager: Shutting down and abandoning module AndroidMediaEditor (213)
[2016.12.21-12.38.57:978][460]LogModuleManager: Shutting down and abandoning module CharacterAI (212)
[2016.12.21-12.38.57:978][460]LogModuleManager: Shutting down and abandoning module SequenceRecorder (211)
[2016.12.21-12.38.57:979][460]LogModuleManager: Shutting down and abandoning module AudioCapture (210)
[2016.12.21-12.38.57:979][460]LogModuleManager: Shutting down and abandoning module SmartSnapping (209)
[2016.12.21-12.38.57:979][460]LogModuleManager: Shutting down and abandoning module SessionServices (208)
[2016.12.21-12.38.57:979][460]LogModuleManager: Shutting down and abandoning module ViewportSnapping (207)
[2016.12.21-12.38.57:979][460]LogModuleManager: Shutting down and abandoning module ViewportInteraction (206)
[2016.12.21-12.38.57:979][460]LogModuleManager: Shutting down and abandoning module LogVisualizer (205)
[2016.12.21-12.38.57:981][460]LogModuleManager: Shutting down and abandoning module GameProjectGeneration (204)
[2016.12.21-12.38.57:982][460]LogModuleManager: Shutting down and abandoning module IntroTutorials (203)
[2016.12.21-12.38.57:983][460]LogModuleManager: Shutting down and abandoning module EditorLiveStreaming (202)
[2016.12.21-12.38.57:983][460]LogModuleManager: Shutting down and abandoning module IOSPlatformEditor (201)
[2016.12.21-12.38.57:983][460]LogModuleManager: Shutting down and abandoning module HTML5PlatformEditor (200)
[2016.12.21-12.38.57:983][460]LogModuleManager: Shutting down and abandoning module AndroidDeviceDetection (199)
[2016.12.21-12.38.58:935][460]LogModuleManager: Shutting down and abandoning module AndroidPlatformEditor (198)
[2016.12.21-12.38.58:935][460]LogModuleManager: Shutting down and abandoning module IOSRuntimeSettings (197)
[2016.12.21-12.38.58:935][460]LogModuleManager: Shutting down and abandoning module AndroidRuntimeSettings (196)
[2016.12.21-12.38.58:935][460]LogModuleManager: Shutting down and abandoning module InputBindingEditor (195)
[2016.12.21-12.38.58:935][460]LogModuleManager: Shutting down and abandoning module NiagaraEditor (194)
[2016.12.21-12.38.58:938][460]LogModuleManager: Shutting down and abandoning module MergeActors (193)
[2016.12.21-12.38.58:938][460]LogModuleManager: Shutting down and abandoning module SizeMap (192)
[2016.12.21-12.38.58:939][460]LogModuleManager: Shutting down and abandoning module TreeMap (191)
[2016.12.21-12.38.58:940][460]LogModuleManager: Shutting down and abandoning module ReferenceViewer (190)
[2016.12.21-12.38.58:940][460]LogModuleManager: Shutting down and abandoning module LocalizationService (189)
[2016.12.21-12.38.58:940][460]LogModuleManager: Shutting down and abandoning module LocalizationDashboard (188)
[2016.12.21-12.38.58:942][460]LogModuleManager: Shutting down and abandoning module HardwareTargeting (187)
[2016.12.21-12.38.58:942][460]LogModuleManager: Shutting down and abandoning module DeviceProfileEditor (186)
[2016.12.21-12.38.58:942][460]LogModuleManager: Shutting down and abandoning module UndoHistory (185)
[2016.12.21-12.38.58:943][460]LogModuleManager: Shutting down and abandoning module UserFeedback (184)
[2016.12.21-12.38.58:943][460]LogModuleManager: Shutting down and abandoning module XmlParser (183)
[2016.12.21-12.38.58:943][460]LogModuleManager: Shutting down and abandoning module Blutility (182)
[2016.12.21-12.38.58:944][460]LogModuleManager: Shutting down and abandoning module ProjectTargetPlatformEditor (181)
[2016.12.21-12.38.58:944][460]LogModuleManager: Shutting down and abandoning module ProjectSettingsViewer (180)
[2016.12.21-12.38.58:944][460]LogModuleManager: Shutting down and abandoning module EditorSettingsViewer (179)
[2016.12.21-12.38.58:944][460]LogModuleManager: Shutting down and abandoning module SettingsEditor (178)
[2016.12.21-12.38.58:944][460]LogModuleManager: Shutting down and abandoning module ProjectLauncher (177)
[2016.12.21-12.38.58:945][460]LogModuleManager: Shutting down and abandoning module SessionFrontend (176)
[2016.12.21-12.38.58:946][460]LogModuleManager: Shutting down and abandoning module ProfilerClient (175)
[2016.12.21-12.38.58:947][460]LogModuleManager: Shutting down and abandoning module TargetDeviceServices (174)
[2016.12.21-12.38.58:947][460]LogModuleManager: Shutting down and abandoning module DeviceManager (173)
[2016.12.21-12.38.58:990][460]LogModuleManager: Shutting down and abandoning module AutomationController (172)
[2016.12.21-12.38.58:991][460]LogModuleManager: Shutting down and abandoning module AutomationWindow (171)
[2016.12.21-12.38.58:992][460]LogModuleManager: Shutting down and abandoning module Layers (170)
[2016.12.21-12.38.58:995][460]LogModuleManager: Shutting down and abandoning module ComponentVisualizers (169)
[2016.12.21-12.38.58:995][460]LogModuleManager: Shutting down and abandoning module DetailCustomizations (168)
[2016.12.21-12.38.58:995][460]LogModuleManager: Shutting down and abandoning module PackagesDialog (167)
[2016.12.21-12.38.58:996][460]LogModuleManager: Shutting down and abandoning module AnimGraph (166)
[2016.12.21-12.38.58:996][460]LogModuleManager: Shutting down and abandoning module Persona (165)
[2016.12.21-12.38.58:996][460]LogModuleManager: Shutting down and abandoning module Kismet (164)
[2016.12.21-12.38.58:997][460]LogModuleManager: Shutting down and abandoning module GraphEditor (163)
[2016.12.21-12.38.58:997][460]LogModuleManager: Shutting down and abandoning module ClassViewer (162)
[2016.12.21-12.38.58:998][460]LogModuleManager: Shutting down and abandoning module Toolbox (161)
[2016.12.21-12.38.58:998][460]LogModuleManager: Shutting down and abandoning module ModuleUI (160)
[2016.12.21-12.38.58:999][460]LogModuleManager: Shutting down and abandoning module MovieSceneTools (159)
[2016.12.21-12.38.59:000][460]LogModuleManager: Shutting down and abandoning module OutputLog (158)
[2016.12.21-12.38.59:001][460]LogModuleManager: Shutting down and abandoning module GammaUI (157)
[2016.12.21-12.38.59:002][460]LogModuleManager: Shutting down and abandoning module Documentation (156)
[2016.12.21-12.38.59:003][460]LogModuleManager: Shutting down and abandoning module Niagara (155)
[2016.12.21-12.38.59:003][460]LogModuleManager: Shutting down and abandoning module StreamingPauseRendering (154)
[2016.12.21-12.38.59:003][460]LogModuleManager: Shutting down and abandoning module AnalyticsET (153)
[2016.12.21-12.38.59:003][460]LogModuleManager: Shutting down and abandoning module PortalServices (152)
[2016.12.21-12.38.59:003][460]LogModuleManager: Shutting down and abandoning module PortalRpc (151)
[2016.12.21-12.38.59:003][460]LogModuleManager: Shutting down and abandoning module MessagingRpc (150)
[2016.12.21-12.38.59:003][460]LogModuleManager: Shutting down and abandoning module GameplayDebugger (149)
[2016.12.21-12.38.59:003][460]LogModuleManager: Shutting down and abandoning module AITestSuite (148)
[2016.12.21-12.38.59:003][460]LogModuleManager: Shutting down and abandoning module AIModule (147)
[2016.12.21-12.38.59:003][460]LogModuleManager: Shutting down and abandoning module ProfilerService (146)
[2016.12.21-12.38.59:206][460]LogModuleManager: Shutting down and abandoning module TaskGraph (145)
[2016.12.21-12.38.59:208][460]LogModuleManager: Shutting down and abandoning module SlateRemote (144)
[2016.12.21-12.38.59:208][460]LogModuleManager: Shutting down and abandoning module SteamVRController (143)
[2016.12.21-12.38.59:208][460]LogModuleManager: Shutting down and abandoning module SteamVR (142)
[2016.12.21-12.38.59:208][460]LogModuleManager: Shutting down and abandoning module ProceduralMeshComponentEditor (141)
[2016.12.21-12.38.59:208][460]LogModuleManager: Shutting down and abandoning module ProceduralMeshComponent (140)
[2016.12.21-12.38.59:209][460]LogModuleManager: Shutting down and abandoning module OculusLibrary (139)
[2016.12.21-12.38.59:209][460]LogModuleManager: Shutting down and abandoning module OculusInput (138)
[2016.12.21-12.38.59:209][460]LogModuleManager: Shutting down and abandoning module MobilePatchingUtils (137)
[2016.12.21-12.38.59:209][460]LogModuleManager: Shutting down and abandoning module CustomMeshComponent (136)
[2016.12.21-12.38.59:209][460]LogModuleManager: Shutting down and abandoning module CableComponent (135)
[2016.12.21-12.38.59:209][460]LogModuleManager: Shutting down and abandoning module ArchVisCharacter (134)
[2016.12.21-12.38.59:209][460]LogModuleManager: Shutting down and abandoning module MediaPlayerEditor (132)
[2016.12.21-12.38.59:213][460]LogModuleManager: Shutting down and abandoning module HTML5Networking (131)
[2016.12.21-12.38.59:213][460]LogModuleManager: Shutting down and abandoning module GeometryCacheEd (130)
[2016.12.21-12.38.59:213][460]LogModuleManager: Shutting down and abandoning module GeometryCache (129)
[2016.12.21-12.38.59:213][460]LogModuleManager: Shutting down and abandoning module AlembicLibrary (128)
[2016.12.21-12.38.59:213][460]LogModuleManager: Shutting down and abandoning module AlembicImporter (127)
[2016.12.21-12.38.59:214][460]LogModuleManager: Shutting down and abandoning module SuperSearch (126)
[2016.12.21-12.38.59:214][460]LogModuleManager: Shutting down and abandoning module SuperSearchEditor (125)
[2016.12.21-12.38.59:214][460]LogModuleManager: Shutting down and abandoning module SpeedTreeImporter (124)
[2016.12.21-12.38.59:214][460]LogModuleManager: Shutting down and abandoning module PluginBrowser (123)
[2016.12.21-12.38.59:215][460]LogModuleManager: Shutting down and abandoning module MobileLauncherProfileWizard (122)
[2016.12.21-12.38.59:216][460]LogModuleManager: Shutting down and abandoning module EpicSurvey (121)
[2016.12.21-12.38.59:216][460]LogModuleManager: Shutting down and abandoning module DesktopPlatform (120)
[2016.12.21-12.38.59:216][460]LogModuleManager: Shutting down and abandoning module VisualStudioSourceCodeAccess (119)
[2016.12.21-12.38.59:217][460]LogModuleManager: Shutting down and abandoning module UObjectPlugin (118)
[2016.12.21-12.38.59:217][460]LogModuleManager: Shutting down and abandoning module SubversionSourceControl (117)
[2016.12.21-12.38.59:218][460]LogModuleManager: Shutting down and abandoning module PerforceSourceControl (116)
[2016.12.21-12.38.59:218][460]LogModuleManager: Shutting down and abandoning module SourceControl (115)
[2016.12.21-12.38.59:219][460]LogModuleManager: Shutting down and abandoning module GitSourceControl (114)
[2016.12.21-12.38.59:219][460]LogModuleManager: Shutting down and abandoning module LightPropagationVolumeEditor (113)
[2016.12.21-12.38.59:219][460]LogModuleManager: Shutting down and abandoning module PaperTiledImporter (112)
[2016.12.21-12.38.59:219][460]LogModuleManager: Shutting down and abandoning module PaperSpriteSheetImporter (111)
[2016.12.21-12.38.59:219][460]LogModuleManager: Shutting down and abandoning module MeshPaint (110)
[2016.12.21-12.38.59:219][460]LogModuleManager: Shutting down and abandoning module PixelInspectorModule (109)
[2016.12.21-12.38.59:220][460]LogModuleManager: Shutting down and abandoning module HotReload (108)
[2016.12.21-12.38.59:220][460]LogModuleManager: Shutting down and abandoning module MainFrame (107)
[2016.12.21-12.38.59:220][460]LogModuleManager: Shutting down and abandoning module LevelEditor (106)
[2016.12.21-12.38.59:222][460]LogModuleManager: Shutting down and abandoning module ContentBrowser (105)
[2016.12.21-12.38.59:224][460]LogModuleManager: Shutting down and abandoning module Paper2DEditor (104)
[2016.12.21-12.38.59:225][460]LogModuleManager: Shutting down and abandoning module UdpMessaging (103)
[2016.12.21-12.38.59:326][460]LogModuleManager: Shutting down and abandoning module TcpMessaging (102)
[2016.12.21-12.38.59:427][460]LogModuleManager: Shutting down and abandoning module LightPropagationVolumeRuntime (101)
[2016.12.21-12.38.59:427][460]LogModuleManager: Shutting down and abandoning module Paper2D (100)
[2016.12.21-12.38.59:427][460]LogModuleManager: Shutting down and abandoning module WindowsMoviePlayer (99)
[2016.12.21-12.38.59:428][460]LogModuleManager: Shutting down and abandoning module WmfMedia (98)
[2016.12.21-12.38.59:429][460]LogModuleManager: Shutting down and abandoning module MediaAssets (97)
[2016.12.21-12.38.59:429][460]LogModuleManager: Shutting down and abandoning module GameLiveStreaming (96)
[2016.12.21-12.38.59:430][460]LogModuleManager: Shutting down and abandoning module GameplayTagsEditor (95)
[2016.12.21-12.38.59:430][460]LogModuleManager: Shutting down and abandoning module VREditor (94)
[2016.12.21-12.38.59:430][460]LogModuleManager: Shutting down and abandoning module GameplayTasksEditor (93)
[2016.12.21-12.38.59:430][460]LogModuleManager: Shutting down and abandoning module BehaviorTreeEditor (92)
[2016.12.21-12.38.59:431][460]LogModuleManager: Shutting down and abandoning module FunctionalTesting (91)
[2016.12.21-12.38.59:432][460]LogModuleManager: Shutting down and abandoning module CollisionAnalyzer (90)
[2016.12.21-12.38.59:433][460]LogModuleManager: Shutting down and abandoning module Sequencer (89)
[2016.12.21-12.38.59:435][460]LogModuleManager: Shutting down and abandoning module WorkspaceMenuStructure (88)
[2016.12.21-12.38.59:435][460]LogModuleManager: Shutting down and abandoning module MessageLog (87)
[2016.12.21-12.38.59:435][460]LogModuleManager: Shutting down and abandoning module AssetTools (86)
[2016.12.21-12.38.59:436][460]LogModuleManager: Shutting down and abandoning module UMGEditor (85)
[2016.12.21-12.38.59:438][460]LogModuleManager: Shutting down and abandoning module UMG (84)
[2016.12.21-12.38.59:439][460]LogModuleManager: Shutting down and abandoning module SlateReflector (83)
[2016.12.21-12.38.59:441][460]LogModuleManager: Shutting down and abandoning module Slate (82)
[2016.12.21-12.38.59:442][460]LogModuleManager: Shutting down and abandoning module EditorStyle (81)
[2016.12.21-12.38.59:444][460]LogModuleManager: Shutting down and abandoning module SourceCodeAccess (80)
[2016.12.21-12.38.59:444][460]LogModuleManager: Shutting down and abandoning module HeadMountedDisplay (79)
[2016.12.21-12.38.59:444][460]LogModuleManager: Shutting down and abandoning module XAudio2 (78)
[2016.12.21-12.38.59:444][460]LogModuleManager: Shutting down and abandoning module Networking (76)
[2016.12.21-12.38.59:444][460]LogModuleManager: Shutting down and abandoning module Core (75)
[2016.12.21-12.38.59:444][460]LogModuleManager: Shutting down and abandoning module DirectoryWatcher (74)
[2016.12.21-12.38.59:444][460]LogDirectoryWatcher: A directory notification for '../../../Engine/Content/' was aborted.
[2016.12.21-12.38.59:445][460]LogDirectoryWatcher: A directory notification for 'E:/Unreal Projects/BananaTurntable/Content/' was aborted.
[2016.12.21-12.38.59:445][460]LogDirectoryWatcher: A directory notification for '../../../Engine/Plugins/2D/Paper2D/Content/' was aborted.
[2016.12.21-12.38.59:448][460]LogModuleManager: Shutting down and abandoning module AssetRegistry (73)
[2016.12.21-12.38.59:574][460]LogModuleManager: Shutting down and abandoning module KismetCompiler (72)
[2016.12.21-12.38.59:574][460]LogModuleManager: Shutting down and abandoning module PhysXFormats (71)
[2016.12.21-12.38.59:574][460]LogModuleManager: Shutting down and abandoning module SimplygonSwarm (70)
[2016.12.21-12.38.59:574][460]LogModuleManager: Shutting down and abandoning module SimplygonMeshReduction (69)
[2016.12.21-12.38.59:575][460]LogModuleManager: Shutting down and abandoning module QuadricMeshReduction (68)
[2016.12.21-12.38.59:575][460]LogModuleManager: Shutting down and abandoning module PropertyEditor (67)
[2016.12.21-12.38.59:576][460]LogModuleManager: Shutting down and abandoning module MeshUtilities (66)
[2016.12.21-12.38.59:576][460]LogModuleManager: Shutting down and abandoning module DerivedDataCache (65)
[2016.12.21-12.38.59:578][460]LogDerivedDataCache: Shutdown
[2016.12.21-12.38.59:578][460]LogModuleManager: Shutting down and abandoning module VulkanShaderFormat (64)
[2016.12.21-12.38.59:578][460]LogModuleManager: Shutting down and abandoning module ShaderFormatOpenGL (63)
[2016.12.21-12.38.59:579][460]LogModuleManager: Shutting down and abandoning module ShaderFormatD3D (62)
[2016.12.21-12.38.59:580][460]LogModuleManager: Shutting down and abandoning module MetalShaderFormat (61)
[2016.12.21-12.38.59:580][460]LogModuleManager: Shutting down and abandoning module TextureFormatUncompressed (60)
[2016.12.21-12.38.59:580][460]LogModuleManager: Shutting down and abandoning module TextureFormatPVR (59)
[2016.12.21-12.38.59:581][460]LogModuleManager: Shutting down and abandoning module TextureFormatDXT (58)
[2016.12.21-12.38.59:581][460]LogModuleManager: Shutting down and abandoning module TextureFormatIntelISPCTexComp (57)
[2016.12.21-12.38.59:581][460]LogModuleManager: Shutting down and abandoning module ImageWrapper (56)
[2016.12.21-12.38.59:581][460]LogModuleManager: Shutting down and abandoning module TextureFormatASTC (55)
[2016.12.21-12.38.59:581][460]LogModuleManager: Shutting down and abandoning module TextureFormatAndroid (54)
[2016.12.21-12.38.59:581][460]LogModuleManager: Shutting down and abandoning module AudioFormatOpus (53)
[2016.12.21-12.38.59:582][460]LogModuleManager: Shutting down and abandoning module AudioFormatOgg (52)
[2016.12.21-12.38.59:582][460]LogModuleManager: Shutting down and abandoning module AudioFormatADPCM (51)
[2016.12.21-12.38.59:582][460]LogModuleManager: Shutting down and abandoning module LinuxTargetPlatform (50)
[2016.12.21-12.38.59:582][460]LogModuleManager: Shutting down and abandoning module LinuxServerTargetPlatform (49)
[2016.12.21-12.38.59:583][460]LogModuleManager: Shutting down and abandoning module LinuxNoEditorTargetPlatform (48)
[2016.12.21-12.38.59:583][460]LogModuleManager: Shutting down and abandoning module LinuxClientTargetPlatform (47)
[2016.12.21-12.38.59:584][460]LogModuleManager: Shutting down and abandoning module TVOSTargetPlatform (46)
[2016.12.21-12.38.59:584][460]LogModuleManager: Shutting down and abandoning module Messaging (45)
[2016.12.21-12.38.59:584][460]LogModuleManager: Shutting down and abandoning module IOSTargetPlatform (44)
[2016.12.21-12.38.59:584][460]LogModuleManager: Shutting down and abandoning module HTML5TargetPlatform (43)
[2016.12.21-12.38.59:584][460]LogModuleManager: Shutting down and abandoning module Android_PVRTCTargetPlatform (42)
[2016.12.21-12.38.59:584][460]LogModuleManager: Shutting down and abandoning module Android_MultiTargetPlatform (41)
[2016.12.21-12.38.59:584][460]LogModuleManager: Shutting down and abandoning module Android_ETC2TargetPlatform (40)
[2016.12.21-12.38.59:584][460]LogModuleManager: Shutting down and abandoning module Android_ETC1TargetPlatform (39)
[2016.12.21-12.38.59:584][460]LogModuleManager: Shutting down and abandoning module Android_DXTTargetPlatform (38)
[2016.12.21-12.38.59:584][460]LogModuleManager: Shutting down and abandoning module Android_ATCTargetPlatform (37)
[2016.12.21-12.38.59:584][460]LogModuleManager: Shutting down and abandoning module Android_ASTCTargetPlatform (36)
[2016.12.21-12.38.59:584][460]LogModuleManager: Shutting down and abandoning module AndroidTargetPlatform (35)
[2016.12.21-12.38.59:584][460]LogModuleManager: Shutting down and abandoning module WindowsTargetPlatform (34)
[2016.12.21-12.38.59:584][460]LogModuleManager: Shutting down and abandoning module WindowsServerTargetPlatform (33)
[2016.12.21-12.38.59:584][460]LogModuleManager: Shutting down and abandoning module WindowsNoEditorTargetPlatform (32)
[2016.12.21-12.38.59:585][460]LogModuleManager: Shutting down and abandoning module WindowsClientTargetPlatform (31)
[2016.12.21-12.38.59:585][460]LogModuleManager: Shutting down and abandoning module MacTargetPlatform (30)
[2016.12.21-12.38.59:585][460]LogModuleManager: Shutting down and abandoning module MacServerTargetPlatform (29)
[2016.12.21-12.38.59:585][460]LogModuleManager: Shutting down and abandoning module MacNoEditorTargetPlatform (28)
[2016.12.21-12.38.59:585][460]LogModuleManager: Shutting down and abandoning module MacClientTargetPlatform (27)
[2016.12.21-12.38.59:585][460]LogModuleManager: Shutting down and abandoning module AllDesktopTargetPlatform (26)
[2016.12.21-12.38.59:585][460]LogModuleManager: Shutting down and abandoning module TargetPlatform (25)
[2016.12.21-12.38.59:585][460]LogModuleManager: Shutting down and abandoning module InputCore (24)
[2016.12.21-12.38.59:585][460]LogModuleManager: Shutting down and abandoning module Settings (23)
[2016.12.21-12.38.59:585][460]LogModuleManager: Shutting down and abandoning module OculusRift (22)
[2016.12.21-12.38.59:586][460]LogModuleManager: Shutting down and abandoning module ExampleDeviceProfileSelector (21)
[2016.12.21-12.38.59:586][460]LogModuleManager: Shutting down and abandoning module OnlineBlueprintSupport (20)
[2016.12.21-12.38.59:586][460]LogModuleManager: Shutting down and abandoning module OnlineSubsystem (18)
[2016.12.21-12.38.59:586][460]LogOnline:Display: Unloading online subsystem: NULL
[2016.12.21-12.38.59:587][460]LogModuleManager: Shutting down and abandoning module SSL (17)
[2016.12.21-12.38.59:589][460]LogModuleManager: Shutting down and abandoning module HTTP (16)
[2016.12.21-12.38.59:589][460]LogModuleManager: Shutting down and abandoning module XMPP (15)
[2016.12.21-12.38.59:591][460]LogModuleManager: Shutting down and abandoning module TextureCompressor (14)
[2016.12.21-12.38.59:591][460]LogModuleManager: Shutting down and abandoning module ShaderCore (13)
[2016.12.21-12.38.59:591][460]LogModuleManager: Shutting down and abandoning module Landscape (12)
[2016.12.21-12.38.59:591][460]LogModuleManager: Shutting down and abandoning module SlateRHIRenderer (11)
[2016.12.21-12.38.59:595][460]LogModuleManager: Shutting down and abandoning module OpenGLDrv (10)
[2016.12.21-12.38.59:596][460]LogModuleManager: Shutting down and abandoning module D3D11RHI (9)
[2016.12.21-12.38.59:596][460]LogModuleManager: Shutting down and abandoning module AnimGraphRuntime (8)
[2016.12.21-12.38.59:597][460]LogModuleManager: Shutting down and abandoning module Renderer (7)
[2016.12.21-12.38.59:597][460]LogModuleManager: Shutting down and abandoning module Engine (6)
[2016.12.21-12.38.59:597][460]LogModuleManager: Shutting down and abandoning module CoreUObject (5)
[2016.12.21-12.38.59:597][460]LogModuleManager: Shutting down and abandoning module NetworkFile (4)
[2016.12.21-12.38.59:598][460]LogModuleManager: Shutting down and abandoning module StreamingFile (3)
[2016.12.21-12.38.59:598][460]LogModuleManager: Shutting down and abandoning module SandboxFile (2)
[2016.12.21-12.38.59:598][460]LogModuleManager: Shutting down and abandoning module PakFile (1)
[2016.12.21-12.38.59:601][460]LogExit: Exiting.
[2016.12.21-12.38.59:614][460]Log file closed, 12/22/16 01:38:59
