Log file open, 12/22/16 19:27:40
LogInit:Display: Running engine for game: BananaTurntable
LogPlatformFile: Not using cached read wrapper
LogInit:Display: RandInit(-1518832763) SRandInit(-1518832763).
LogTaskGraph: Started task graph with 5 named threads and 8 total threads with 1 sets of task threads.
LogStats: Stats thread started at 0.106036
LogPluginManager: Loaded Plugin Paper2D, From C:/Program Files (x86)/Epic Games/4.14/Engine/Plugins/2D/Paper2D/Paper2D.uplugin
LogPluginManager: Loaded Plugin LightPropagationVolume, From C:/Program Files (x86)/Epic Games/4.14/Engine/Plugins/Blendables/LightPropagationVolume/LightPropagationVolume.uplugin
LogPluginManager: Loaded Plugin BlankPlugin, From C:/Program Files (x86)/Epic Games/4.14/Engine/Plugins/Developer/BlankPlugin/BlankPlugin.uplugin
LogPluginManager: Loaded Plugin CodeLiteSourceCodeAccess, From C:/Program Files (x86)/Epic Games/4.14/Engine/Plugins/Developer/CodeLiteSourceCodeAccess/CodeLiteSourceCodeAccess.uplugin
LogPluginManager: Loaded Plugin GitSourceControl, From C:/Program Files (x86)/Epic Games/4.14/Engine/Plugins/Developer/GitSourceControl/GitSourceControl.uplugin
LogPluginManager: Loaded Plugin KDevelopSourceCodeAccess, From C:/Program Files (x86)/Epic Games/4.14/Engine/Plugins/Developer/KDevelopSourceCodeAccess/KDevelopSourceCodeAccess.uplugin
LogPluginManager: Loaded Plugin NullSourceCodeAccess, From C:/Program Files (x86)/Epic Games/4.14/Engine/Plugins/Developer/NullSourceCodeAccess/NullSourceCodeAccess.uplugin
LogPluginManager: Loaded Plugin OneSkyLocalizationService, From C:/Program Files (x86)/Epic Games/4.14/Engine/Plugins/Developer/OneSkyLocalizationService/OneSkyLocalizationService.uplugin
LogPluginManager: Loaded Plugin PerforceSourceControl, From C:/Program Files (x86)/Epic Games/4.14/Engine/Plugins/Developer/PerforceSourceControl/PerforceSourceControl.uplugin
LogPluginManager: Loaded Plugin SubversionSourceControl, From C:/Program Files (x86)/Epic Games/4.14/Engine/Plugins/Developer/SubversionSourceControl/SubversionSourceControl.uplugin
LogPluginManager: Loaded Plugin UObjectPlugin, From C:/Program Files (x86)/Epic Games/4.14/Engine/Plugins/Developer/UObjectPlugin/UObjectPlugin.uplugin
LogPluginManager: Loaded Plugin VisualStudioSourceCodeAccess, From C:/Program Files (x86)/Epic Games/4.14/Engine/Plugins/Developer/VisualStudioSourceCodeAccess/VisualStudioSourceCodeAccess.uplugin
LogPluginManager: Loaded Plugin XCodeSourceCodeAccess, From C:/Program Files (x86)/Epic Games/4.14/Engine/Plugins/Developer/XCodeSourceCodeAccess/XCodeSourceCodeAccess.uplugin
LogPluginManager: Loaded Plugin AudioCapture, From C:/Program Files (x86)/Epic Games/4.14/Engine/Plugins/Editor/AudioCapture/AudioCapture.uplugin
LogPluginManager: Loaded Plugin EpicSurvey, From C:/Program Files (x86)/Epic Games/4.14/Engine/Plugins/Editor/EpicSurvey/EpicSurvey.uplugin
LogPluginManager: Loaded Plugin MacGraphicsSwitching, From C:/Program Files (x86)/Epic Games/4.14/Engine/Plugins/Editor/MacGraphicsSwitching/MacGraphicsSwitching.uplugin
LogPluginManager: Loaded Plugin MobileLauncherProfileWizard, From C:/Program Files (x86)/Epic Games/4.14/Engine/Plugins/Editor/MobileLauncherProfileWizard/MobileLauncherProfileWizard.uplugin
LogPluginManager: Loaded Plugin PluginBrowser, From C:/Program Files (x86)/Epic Games/4.14/Engine/Plugins/Editor/PluginBrowser/PluginBrowser.uplugin
LogPluginManager: Loaded Plugin SpeedTreeImporter, From C:/Program Files (x86)/Epic Games/4.14/Engine/Plugins/Editor/SpeedTreeImporter/SpeedTreeImporter.uplugin
LogPluginManager: Loaded Plugin SuperSearchEditor, From C:/Program Files (x86)/Epic Games/4.14/Engine/Plugins/Editor/SuperSearchEditor/SuperSearchEditor.uplugin
LogPluginManager: Loaded Plugin AlembicImporter, From C:/Program Files (x86)/Epic Games/4.14/Engine/Plugins/Experimental/AlembicImporter/AlembicImporter.uplugin
LogPluginManager: Loaded Plugin BlueprintStats, From C:/Program Files (x86)/Epic Games/4.14/Engine/Plugins/Experimental/BlueprintStats/BlueprintStats.uplugin
LogPluginManager: Loaded Plugin CharacterAI, From C:/Program Files (x86)/Epic Games/4.14/Engine/Plugins/Experimental/CharacterAI/CharacterAI.uplugin
LogPluginManager: Loaded Plugin CodeEditor, From C:/Program Files (x86)/Epic Games/4.14/Engine/Plugins/Experimental/CodeEditor/CodeEditor.uplugin
LogPluginManager: Loaded Plugin CodeView, From C:/Program Files (x86)/Epic Games/4.14/Engine/Plugins/Experimental/CodeView/CodeView.uplugin
LogPluginManager: Loaded Plugin HTML5Networking, From C:/Program Files (x86)/Epic Games/4.14/Engine/Plugins/Experimental/HTML5Networking/HTML5Networking.uplugin
LogPluginManager: Loaded Plugin OSVR, From C:/Program Files (x86)/Epic Games/4.14/Engine/Plugins/Experimental/OSVR/OSVR.uplugin
LogPluginManager: Loaded Plugin Phya, From C:/Program Files (x86)/Epic Games/4.14/Engine/Plugins/Experimental/Phya/Phya.uplugin
LogPluginManager: Loaded Plugin SignificanceManager, From C:/Program Files (x86)/Epic Games/4.14/Engine/Plugins/Experimental/SignificanceManager/SignificanceManager.uplugin
LogPluginManager: Loaded Plugin SimpleHMD, From C:/Program Files (x86)/Epic Games/4.14/Engine/Plugins/Experimental/SimpleHMD/SimpleHMD.uplugin
LogPluginManager: Loaded Plugin StereoPanorama, From C:/Program Files (x86)/Epic Games/4.14/Engine/Plugins/Experimental/StereoPanorama/StereoPanorama.uplugin
LogPluginManager: Loaded Plugin StructBox, From C:/Program Files (x86)/Epic Games/4.14/Engine/Plugins/Experimental/StructBox/StructBox.uplugin
LogPluginManager: Loaded Plugin AndroidMedia, From C:/Program Files (x86)/Epic Games/4.14/Engine/Plugins/Media/AndroidMedia/AndroidMedia.uplugin
LogPluginManager: Loaded Plugin AvfMedia, From C:/Program Files (x86)/Epic Games/4.14/Engine/Plugins/Media/AvfMedia/AvfMedia.uplugin
LogPluginManager: Loaded Plugin MediaPlayerEditor, From C:/Program Files (x86)/Epic Games/4.14/Engine/Plugins/Media/MediaPlayerEditor/MediaPlayerEditor.uplugin
LogPluginManager: Loaded Plugin WmfMedia, From C:/Program Files (x86)/Epic Games/4.14/Engine/Plugins/Media/WmfMedia/WmfMedia.uplugin
LogPluginManager: Loaded Plugin MessagingDebugger, From C:/Program Files (x86)/Epic Games/4.14/Engine/Plugins/Messaging/MessagingDebugger/MessagingDebugger.uplugin
LogPluginManager: Loaded Plugin TcpMessaging, From C:/Program Files (x86)/Epic Games/4.14/Engine/Plugins/Messaging/TcpMessaging/TcpMessaging.uplugin
LogPluginManager: Loaded Plugin UdpMessaging, From C:/Program Files (x86)/Epic Games/4.14/Engine/Plugins/Messaging/UdpMessaging/UdpMessaging.uplugin
LogPluginManager: Loaded Plugin LevelSequenceEditor, From C:/Program Files (x86)/Epic Games/4.14/Engine/Plugins/MovieScene/LevelSequenceEditor/LevelSequenceEditor.uplugin
LogPluginManager: Loaded Plugin MatineeToLevelSequence, From C:/Program Files (x86)/Epic Games/4.14/Engine/Plugins/MovieScene/MatineeToLevelSequence/MatineeToLevelSequence.uplugin
LogPluginManager: Loaded Plugin NetcodeUnitTest, From C:/Program Files (x86)/Epic Games/4.14/Engine/Plugins/NetcodeUnitTest/NetcodeUnitTest/NetcodeUnitTest.uplugin
LogPluginManager: Loaded Plugin NUTUnrealEngine4, From C:/Program Files (x86)/Epic Games/4.14/Engine/Plugins/NetcodeUnitTest/NUTUnrealEngine4/NUTUnrealEngine4.uplugin
LogPluginManager: Loaded Plugin OnlineSubsystemGameCircle, From C:/Program Files (x86)/Epic Games/4.14/Engine/Plugins/Online/Android/OnlineSubsystemGameCircle/OnlineSubsystemGameCircle.uplugin
LogPluginManager: Loaded Plugin OnlineSubsystemGooglePlay, From C:/Program Files (x86)/Epic Games/4.14/Engine/Plugins/Online/Android/OnlineSubsystemGooglePlay/OnlineSubsystemGooglePlay.uplugin
LogPluginManager: Loaded Plugin OnlineSubsystemIOS, From C:/Program Files (x86)/Epic Games/4.14/Engine/Plugins/Online/IOS/OnlineSubsystemIOS/OnlineSubsystemIOS.uplugin
LogPluginManager: Loaded Plugin OnlineFramework, From C:/Program Files (x86)/Epic Games/4.14/Engine/Plugins/Online/OnlineFramework/OnlineFramework.uplugin
LogPluginManager: Loaded Plugin OnlineSubsystem, From C:/Program Files (x86)/Epic Games/4.14/Engine/Plugins/Online/OnlineSubsystem/OnlineSubsystem.uplugin
LogPluginManager: Loaded Plugin OnlineSubsystemAmazon, From C:/Program Files (x86)/Epic Games/4.14/Engine/Plugins/Online/OnlineSubsystemAmazon/OnlineSubsystemAmazon.uplugin
LogPluginManager: Loaded Plugin OnlineSubsystemFacebook, From C:/Program Files (x86)/Epic Games/4.14/Engine/Plugins/Online/OnlineSubsystemFacebook/OnlineSubsystemFacebook.uplugin
LogPluginManager: Loaded Plugin OnlineSubsystemNull, From C:/Program Files (x86)/Epic Games/4.14/Engine/Plugins/Online/OnlineSubsystemNull/OnlineSubsystemNull.uplugin
LogPluginManager: Loaded Plugin OnlineSubsystemOculus, From C:/Program Files (x86)/Epic Games/4.14/Engine/Plugins/Online/OnlineSubsystemOculus/OnlineSubsystemOculus.uplugin
LogPluginManager: Loaded Plugin OnlineSubsystemSteam, From C:/Program Files (x86)/Epic Games/4.14/Engine/Plugins/Online/OnlineSubsystemSteam/OnlineSubsystemSteam.uplugin
LogPluginManager: Loaded Plugin OnlineSubsystemUtils, From C:/Program Files (x86)/Epic Games/4.14/Engine/Plugins/Online/OnlineSubsystemUtils/OnlineSubsystemUtils.uplugin
LogPluginManager: Loaded Plugin IOSTapJoy, From C:/Program Files (x86)/Epic Games/4.14/Engine/Plugins/Runtime/Advertising/IOSTapJoy/IOSTapJoy.uplugin
LogPluginManager: Loaded Plugin AnalyticsBlueprintLibrary, From C:/Program Files (x86)/Epic Games/4.14/Engine/Plugins/Runtime/Analytics/AnalyticsBlueprintLibrary/AnalyticsBlueprintLibrary.uplugin
LogPluginManager: Loaded Plugin AnalyticsMulticast, From C:/Program Files (x86)/Epic Games/4.14/Engine/Plugins/Runtime/Analytics/AnalyticsMulticast/AnalyticsMulticast.uplugin
LogPluginManager: Loaded Plugin Apsalar, From C:/Program Files (x86)/Epic Games/4.14/Engine/Plugins/Runtime/Analytics/Apsalar/Apsalar.uplugin
LogPluginManager: Loaded Plugin FileLogging, From C:/Program Files (x86)/Epic Games/4.14/Engine/Plugins/Runtime/Analytics/FileLogging/FileLogging.uplugin
LogPluginManager: Loaded Plugin Flurry, From C:/Program Files (x86)/Epic Games/4.14/Engine/Plugins/Runtime/Analytics/Flurry/Flurry.uplugin
LogPluginManager: Loaded Plugin AndroidDeviceProfileSelector, From C:/Program Files (x86)/Epic Games/4.14/Engine/Plugins/Runtime/AndroidDeviceProfileSelector/AndroidDeviceProfileSelector.uplugin
LogPluginManager: Loaded Plugin AndroidMoviePlayer, From C:/Program Files (x86)/Epic Games/4.14/Engine/Plugins/Runtime/AndroidMoviePlayer/AndroidMoviePlayer.uplugin
LogPluginManager: Loaded Plugin AppleMoviePlayer, From C:/Program Files (x86)/Epic Games/4.14/Engine/Plugins/Runtime/AppleMoviePlayer/AppleMoviePlayer.uplugin
LogPluginManager: Loaded Plugin ArchVisCharacter, From C:/Program Files (x86)/Epic Games/4.14/Engine/Plugins/Runtime/ArchVisCharacter/ArchVisCharacter.uplugin
LogPluginManager: Loaded Plugin CableComponent, From C:/Program Files (x86)/Epic Games/4.14/Engine/Plugins/Runtime/CableComponent/CableComponent.uplugin
LogPluginManager: Loaded Plugin CustomMeshComponent, From C:/Program Files (x86)/Epic Games/4.14/Engine/Plugins/Runtime/CustomMeshComponent/CustomMeshComponent.uplugin
LogPluginManager: Loaded Plugin ExampleDeviceProfileSelector, From C:/Program Files (x86)/Epic Games/4.14/Engine/Plugins/Runtime/ExampleDeviceProfileSelector/ExampleDeviceProfileSelector.uplugin
LogPluginManager: Loaded Plugin GearVR, From C:/Program Files (x86)/Epic Games/4.14/Engine/Plugins/Runtime/GearVR/GearVR.uplugin
LogPluginManager: Loaded Plugin GoogleVRController, From C:/Program Files (x86)/Epic Games/4.14/Engine/Plugins/Runtime/GoogleVR/GoogleVRController/GoogleVRController.uplugin
LogPluginManager: Loaded Plugin GoogleVRHMD, From C:/Program Files (x86)/Epic Games/4.14/Engine/Plugins/Runtime/GoogleVR/GoogleVRHMD/GoogleVRHMD.uplugin
LogPluginManager: Loaded Plugin IOSDeviceProfileSelector, From C:/Program Files (x86)/Epic Games/4.14/Engine/Plugins/Runtime/IOSDeviceProfileSelector/IOSDeviceProfileSelector.uplugin
LogPluginManager: Loaded Plugin LeapMotion, From C:/Program Files (x86)/Epic Games/4.14/Engine/Plugins/Runtime/LeapMotion/LeapMotion.uplugin
LogPluginManager: Loaded Plugin LinuxDeviceProfileSelector, From C:/Program Files (x86)/Epic Games/4.14/Engine/Plugins/Runtime/LinuxDeviceProfileSelector/LinuxDeviceProfileSelector.uplugin
LogPluginManager: Loaded Plugin MIDIDevice, From C:/Program Files (x86)/Epic Games/4.14/Engine/Plugins/Runtime/MIDIDevice/MIDIDevice.uplugin
LogPluginManager: Loaded Plugin MobilePatchingUtils, From C:/Program Files (x86)/Epic Games/4.14/Engine/Plugins/Runtime/MobilePatchingUtils/MobilePatchingUtils.uplugin
LogPluginManager: Loaded Plugin Ansel, From C:/Program Files (x86)/Epic Games/4.14/Engine/Plugins/Runtime/Nvidia/Ansel/Ansel.uplugin
LogPluginManager: Loaded Plugin OculusAudio, From C:/Program Files (x86)/Epic Games/4.14/Engine/Plugins/Runtime/OculusAudio/OculusAudio.uplugin
LogPluginManager: Loaded Plugin OculusInput, From C:/Program Files (x86)/Epic Games/4.14/Engine/Plugins/Runtime/OculusInput/OculusInput.uplugin
LogPluginManager: Loaded Plugin OculusLibrary, From C:/Program Files (x86)/Epic Games/4.14/Engine/Plugins/Runtime/OculusLibrary/OculusLibrary.uplugin
LogPluginManager: Loaded Plugin OculusRift, From C:/Program Files (x86)/Epic Games/4.14/Engine/Plugins/Runtime/OculusRift/OculusRift.uplugin
LogPluginManager: Loaded Plugin Oodle, From C:/Program Files (x86)/Epic Games/4.14/Engine/Plugins/Runtime/PacketHandlers/CompressionComponents/Oodle/Oodle.uplugin
LogPluginManager: Loaded Plugin ProceduralMeshComponent, From C:/Program Files (x86)/Epic Games/4.14/Engine/Plugins/Runtime/ProceduralMeshComponent/ProceduralMeshComponent.uplugin
LogPluginManager: Loaded Plugin SoundMod, From C:/Program Files (x86)/Epic Games/4.14/Engine/Plugins/Runtime/SoundMod/SoundMod.uplugin
LogPluginManager: Loaded Plugin SoundVisualizations, From C:/Program Files (x86)/Epic Games/4.14/Engine/Plugins/Runtime/SoundVisualizations/SoundVisualizations.uplugin
LogPluginManager: Loaded Plugin SteamController, From C:/Program Files (x86)/Epic Games/4.14/Engine/Plugins/Runtime/Steam/SteamController/SteamController.uplugin
LogPluginManager: Loaded Plugin SteamVR, From C:/Program Files (x86)/Epic Games/4.14/Engine/Plugins/Runtime/Steam/SteamVR/SteamVR.uplugin
LogPluginManager: Loaded Plugin WebBrowserWidget, From C:/Program Files (x86)/Epic Games/4.14/Engine/Plugins/Runtime/WebBrowserWidget/WebBrowserWidget.uplugin
LogPluginManager: Loaded Plugin WindowsDeviceProfileSelector, From C:/Program Files (x86)/Epic Games/4.14/Engine/Plugins/Runtime/WindowsDeviceProfileSelector/WindowsDeviceProfileSelector.uplugin
LogPluginManager: Loaded Plugin WindowsMoviePlayer, From C:/Program Files (x86)/Epic Games/4.14/Engine/Plugins/Runtime/WindowsMoviePlayer/WindowsMoviePlayer.uplugin
LogPluginManager: Loaded Plugin ScriptPlugin, From C:/Program Files (x86)/Epic Games/4.14/Engine/Plugins/ScriptPlugin/ScriptPlugin.uplugin
LogPluginManager: Loaded Plugin SlateRemote, From C:/Program Files (x86)/Epic Games/4.14/Engine/Plugins/Slate/SlateRemote/SlateRemote.uplugin
LogPluginManager: Loaded Plugin EditorTests, From C:/Program Files (x86)/Epic Games/4.14/Engine/Plugins/Tests/EditorTests/EditorTests.uplugin
LogPluginManager: Loaded Plugin FbxAutomationTestBuilder, From C:/Program Files (x86)/Epic Games/4.14/Engine/Plugins/Tests/FbxAutomationTestBuilder/FbxAutomationTestBuilder.uplugin
LogPluginManager: Loaded Plugin FunctionalTestingEditor, From C:/Program Files (x86)/Epic Games/4.14/Engine/Plugins/Tests/FunctionalTestingEditor/FunctionalTestingEditor.uplugin
LogPluginManager: Loaded Plugin RuntimeTests, From C:/Program Files (x86)/Epic Games/4.14/Engine/Plugins/Tests/RuntimeTests/RuntimeTests.uplugin
LogPluginManager: Loaded Plugin ScreenshotTools, From C:/Program Files (x86)/Epic Games/4.14/Engine/Plugins/Tests/ScreenshotTools/ScreenshotTools.uplugin
LogInit: Using libcurl 7.47.1
LogInit:  - built for x86_64-pc-win32
LogInit:  - supports SSL with OpenSSL/1.0.2g
LogInit:  - supports HTTP deflate (compression) using libz 1.2.8
LogInit:  - other features:
LogInit:      CURL_VERSION_SSL
LogInit:      CURL_VERSION_LIBZ
LogInit:      CURL_VERSION_IPV6
LogInit:      CURL_VERSION_ASYNCHDNS
LogInit:      CURL_VERSION_LARGEFILE
LogInit:      CURL_VERSION_IDN
LogInit:  CurlRequestOptions (configurable via config and command line):
LogInit:  - bVerifyPeer = false  - Libcurl will NOT verify peer certificate
LogInit:  - bUseHttpProxy = false  - Libcurl will NOT use HTTP proxy
LogInit:  - bDontReuseConnections = false  - Libcurl will reuse connections
LogInit:  - CertBundlePath = nullptr  - Libcurl will use whatever was configured at build time.
LogInit: Build: ++UE4+Release-4.14-CL-3224400
LogInit: Engine Version: 4.14.1-3224400+++UE4+Release-4.14
LogInit: Compatible Engine Version: 4.14.0-3195953+++UE4+Release-4.14
LogInit: Net CL: 3195953
LogDevObjectVersion: Number of dev versions registered: 13
LogDevObjectVersion:   Dev-Blueprints (B0D832E4-1F89-4F0D-ACCF-7EB736FD4AA2): 7
LogDevObjectVersion:   Dev-Build (E1C64328-A22C-4D53-A36C-8E866417BD8C): 0
LogDevObjectVersion:   Dev-Core (375EC13C-06E4-48FB-B500-84F0262A717E): 1
LogDevObjectVersion:   Dev-Editor (E4B068ED-F494-42E9-A231-DA0B2E46BB41): 8
LogDevObjectVersion:   Dev-Framework (CFFC743F-43B0-4480-9391-14DF171D2073): 17
LogDevObjectVersion:   Dev-Mobile (B02B49B5-BB20-44E9-A304-32B752E40360): 0
LogDevObjectVersion:   Dev-Networking (A4E4105C-59A1-49B5-A7C5-40C4547EDFEE): 0
LogDevObjectVersion:   Dev-Online (39C831C9-5AE6-47DC-9A44-9C173E1C8E7C): 0
LogDevObjectVersion:   Dev-Physics (78F01B33-EBEA-4F98-B9B4-84EACCB95AA2): 0
LogDevObjectVersion:   Dev-Platform (6631380F-2D4D-43E0-8009-CF276956A95A): 0
LogDevObjectVersion:   Dev-Rendering (12F88B9F-8875-4AFC-A67C-D90C383ABD29): 12
LogDevObjectVersion:   Dev-Sequencer (7B5AE74C-D270-4C10-A958-57980B212A5A): 1
LogDevObjectVersion:   Dev-VR (D7296918-1DD6-4BDD-9DE2-64A83CC13884): 0
LogInit: Compiled (64-bit): Dec  7 2016 02:14:32
LogInit: Compiled with Visual C++: 19.00.23026.00
LogInit: Build Configuration: Development
LogInit: Branch Name: ++UE4+Release-4.14
LogInit: Command line: 
LogInit: Base directory: C:/Program Files (x86)/Epic Games/4.14/Engine/Binaries/Win64/
LogInit: Installed Engine Build: 1
LogInit: Presizing for max 8388607 objects, including 0 objects not considered by GC, pre-allocating 0 bytes for permanent pool.
LogInit: Object subsystem initialized
[2016.12.22-06.27.41:042][  0]LogInit: Selected Device Profile: [Windows]
[2016.12.22-06.27.41:042][  0]LogInit: Applying CVar settings loaded from the selected device profile: [Windows]
[2016.12.22-06.27.41:063][  0]LogInit: Computer: DESKTOP-VB28MJU
[2016.12.22-06.27.41:063][  0]LogInit: User: Tommy
[2016.12.22-06.27.41:063][  0]LogInit: CPU Page size=65536, Cores=4
[2016.12.22-06.27.41:063][  0]LogInit: High frequency timer resolution =3.312792 MHz
[2016.12.22-06.27.41:064][  0]LogMemory: Memory total: Physical=7.9GB (8GB approx)
[2016.12.22-06.27.41:064][  0]LogMemory: Platform Memory Stats for Windows
[2016.12.22-06.27.41:064][  0]LogMemory: Process Physical Memory: 264.49 MB used, 264.49 MB peak
[2016.12.22-06.27.41:064][  0]LogMemory: Process Virtual Memory: 262.77 MB used, 262.77 MB peak
[2016.12.22-06.27.41:064][  0]LogMemory: Physical Memory: 5075.48 MB used,  3009.70 MB free, 8085.18 MB total
[2016.12.22-06.27.41:064][  0]LogMemory: Virtual Memory: 676.38 MB used,  3009.70 MB free, 134217728.00 MB total
[2016.12.22-06.27.41:266][  0]LogTextLocalizationManager: No specific translations for ('en-AU') exist, so ('en') translations will be used.
[2016.12.22-06.27.43:366][  0]LogD3D11RHI: D3D11 adapters:
[2016.12.22-06.27.43:384][  0]LogD3D11RHI:    0. 'NVIDIA GeForce GTX 960' (Feature Level 11_0)
[2016.12.22-06.27.43:384][  0]LogD3D11RHI:       2016/0/4042 MB DedicatedVideo/DedicatedSystem/SharedSystem, Outputs:1, VendorId:0x10de
[2016.12.22-06.27.43:387][  0]LogD3D11RHI:    1. 'Intel(R) HD Graphics 4000' (Feature Level 11_0)
[2016.12.22-06.27.43:387][  0]LogD3D11RHI:       32/0/1760 MB DedicatedVideo/DedicatedSystem/SharedSystem, Outputs:0, VendorId:0x8086
[2016.12.22-06.27.43:388][  0]LogD3D11RHI:    2. 'Microsoft Basic Render Driver' (Feature Level 11_0)
[2016.12.22-06.27.43:388][  0]LogD3D11RHI:       0/0/4042 MB DedicatedVideo/DedicatedSystem/SharedSystem, Outputs:0, VendorId:0x1414
[2016.12.22-06.27.43:388][  0]LogD3D11RHI: Chosen D3D11 Adapter: 0
[2016.12.22-06.27.43:392][  0]LogD3D11RHI: Creating new Direct3DDevice
[2016.12.22-06.27.43:392][  0]LogD3D11RHI:     GPU DeviceId: 0x1401 (for the marketing name, search the web for "GPU Device Id")
[2016.12.22-06.27.43:392][  0]LogWindows: EnumDisplayDevices:
[2016.12.22-06.27.43:392][  0]LogWindows:    0. 'NVIDIA GeForce GTX 960' (P:1 D:1)
[2016.12.22-06.27.43:392][  0]LogWindows:    1. 'NVIDIA GeForce GTX 960' (P:0 D:0)
[2016.12.22-06.27.43:392][  0]LogWindows:    2. 'NVIDIA GeForce GTX 960' (P:0 D:0)
[2016.12.22-06.27.43:392][  0]LogWindows:    3. 'NVIDIA GeForce GTX 960' (P:0 D:0)
[2016.12.22-06.27.43:393][  0]LogWindows:    4. 'Intel(R) HD Graphics 4000' (P:0 D:0)
[2016.12.22-06.27.43:393][  0]LogWindows:    5. 'Intel(R) HD Graphics 4000' (P:0 D:0)
[2016.12.22-06.27.43:393][  0]LogWindows: DebugString: PrimaryIsNotTheChoosenAdapter PrimaryIsNotTheChoosenAdapter FoundDriverCount:4 
[2016.12.22-06.27.43:393][  0]LogD3D11RHI:     Adapter Name: NVIDIA GeForce GTX 960
[2016.12.22-06.27.43:393][  0]LogD3D11RHI:   Driver Version: 368.81 (internal:10.18.13.6881, unified:368.81)
[2016.12.22-06.27.43:393][  0]LogD3D11RHI:      Driver Date: 7-10-2016
[2016.12.22-06.27.43:393][  0]LogRHI: Texture pool is 1361 MB (70% of 1945 MB)
[2016.12.22-06.27.43:404][  0]LogD3D11RHI: Async texture creation enabled
[2016.12.22-06.27.43:414][  0]LogD3D11RHI: GPU Timing Frequency: 1000.000000 (Debug: 2 1)
[2016.12.22-06.27.43:415][  0]LogShaderCompilers: Guid format shader working directory is 11 characters bigger than the processId version (E:/Unreal Projects/BananaTurntable/Intermediate/Shaders/WorkingDirectory/12260/).
[2016.12.22-06.27.43:415][  0]LogShaderCompilers: Cleaned the shader compiler working directory 'C:/Users/Tommy/AppData/Local/Temp/UnrealShaderWorkingDir/1F7757B1418E23E7785A4CA4A1CF357F/'.
[2016.12.22-06.27.43:415][  0]LogShaderCompilers:Display: Using Local Shader Compiler.
[2016.12.22-06.27.44:836][  0]LogTemp:Display: Loaded TP AllDesktopTargetPlatform
[2016.12.22-06.27.44:893][  0]LogTemp:Display: Loaded TP MacClientTargetPlatform
[2016.12.22-06.27.44:950][  0]LogTemp:Display: Loaded TP MacNoEditorTargetPlatform
[2016.12.22-06.27.45:007][  0]LogTemp:Display: Loaded TP MacServerTargetPlatform
[2016.12.22-06.27.45:068][  0]LogTemp:Display: Loaded TP MacTargetPlatform
[2016.12.22-06.27.45:125][  0]LogTemp:Display: Loaded TP WindowsClientTargetPlatform
[2016.12.22-06.27.45:182][  0]LogTemp:Display: Loaded TP WindowsNoEditorTargetPlatform
[2016.12.22-06.27.45:239][  0]LogTemp:Display: Loaded TP WindowsServerTargetPlatform
[2016.12.22-06.27.45:285][  0]LogTemp:Display: Loaded TP WindowsTargetPlatform
[2016.12.22-06.27.45:343][  0]LogTemp:Display: Loaded TP AndroidTargetPlatform
[2016.12.22-06.27.45:399][  0]LogTemp:Display: Loaded TP Android_ASTCTargetPlatform
[2016.12.22-06.27.45:454][  0]LogTemp:Display: Loaded TP Android_ATCTargetPlatform
[2016.12.22-06.27.45:510][  0]LogTemp:Display: Loaded TP Android_DXTTargetPlatform
[2016.12.22-06.27.45:565][  0]LogTemp:Display: Loaded TP Android_ETC1TargetPlatform
[2016.12.22-06.27.45:621][  0]LogTemp:Display: Loaded TP Android_ETC2TargetPlatform
[2016.12.22-06.27.45:731][  0]LogTemp:Display: Loaded TP Android_MultiTargetPlatform
[2016.12.22-06.27.45:731][  0]LogTemp:Display: Loaded TP Android_PVRTCTargetPlatform
[2016.12.22-06.27.45:771][  0]LogTemp:Display: Loaded TP HTML5TargetPlatform
[2016.12.22-06.27.45:887][  0]LogTemp:Display: Loaded TP IOSTargetPlatform
[2016.12.22-06.27.45:924][  0]LogTemp:Display: Loaded TP TVOSTargetPlatform
[2016.12.22-06.27.45:979][  0]LogTemp:Display: Loaded TP LinuxClientTargetPlatform
[2016.12.22-06.27.46:035][  0]LogTemp:Display: Loaded TP LinuxNoEditorTargetPlatform
[2016.12.22-06.27.46:090][  0]LogTemp:Display: Loaded TP LinuxServerTargetPlatform
[2016.12.22-06.27.46:148][  0]LogTemp:Display: Loaded TP LinuxTargetPlatform
[2016.12.22-06.27.46:148][  0]LogTargetPlatformManager:Display: Building Assets For Windows
[2016.12.22-06.27.46:845][  0]LogDerivedDataCache:Display: Max Cache Size: 512 MB
[2016.12.22-06.27.46:893][  0]LogDerivedDataCache: Loaded boot cache 0.05s 50MB C:/Users/Tommy/AppData/Local/UnrealEngine/4.14/DerivedDataCache/Boot.ddc.
[2016.12.22-06.27.46:893][  0]LogDerivedDataCache:Display: Loaded Boot cache: C:/Users/Tommy/AppData/Local/UnrealEngine/4.14/DerivedDataCache/Boot.ddc
[2016.12.22-06.27.46:893][  0]LogDerivedDataCache: FDerivedDataBackendGraph:  Pak pak cache file E:/Unreal Projects/BananaTurntable/DerivedDataCache/DDC.ddp not found, will not use a pak cache.
[2016.12.22-06.27.46:893][  0]LogDerivedDataCache: Unable to find inner node Pak for hierarchical cache Hierarchy.
[2016.12.22-06.27.46:893][  0]LogDerivedDataCache: FDerivedDataBackendGraph:  CompressedPak pak cache file E:/Unreal Projects/BananaTurntable/DerivedDataCache/Compressed.ddp not found, will not use a pak cache.
[2016.12.22-06.27.46:893][  0]LogDerivedDataCache: Unable to find inner node CompressedPak for hierarchical cache Hierarchy.
[2016.12.22-06.27.46:914][  0]LogDerivedDataCache:Display: Pak cache opened for reading ../../../Engine/DerivedDataCache/Compressed.ddp.
[2016.12.22-06.27.46:926][  0]LogDerivedDataCache: Using Local data cache path C:/Users/Tommy/AppData/Local/UnrealEngine/Common/DerivedDataCache: Writable
[2016.12.22-06.27.49:529][  0]LogInit: Selected Device Profile: [Windows]
[2016.12.22-06.27.49:532][  0]LogContentStreaming: Texture pool size is 0.00 MB
[2016.12.22-06.27.49:737][  0]LogMeshUtilities: Using QuadricMeshReduction for automatic static mesh reduction
[2016.12.22-06.27.49:782][  0]LogSimplygon: Simplygon DLL not present - disabling.
[2016.12.22-06.27.49:831][  0]LogMeshUtilities: Using SimplygonSwarm for distributed automatic mesh merging
[2016.12.22-06.27.49:831][  0]LogMeshUtilities: No automatic skeletal mesh reduction module available
[2016.12.22-06.27.49:831][  0]LogMeshUtilities: No automatic mesh merging module available
[2016.12.22-06.27.50:316][  0]LogNetVersion: GetLocalNetworkVersion: CL: 3195953, ProjectName: bananaturntable, ProjectVersion: , EngineNetworkVersion: 2, GameNetworkVersion: 0, NetworkChecksum: 3064809256
[2016.12.22-06.27.50:374][  0]LogAssetRegistry: FAssetRegistry took 0.0213 seconds to start up
[2016.12.22-06.27.50:422][  0]LogPackageLocalizationCache: Processed 3 localized package path(s) for 2 prioritized culture(s) in 0.020766 seconds
[2016.12.22-06.27.50:427][  0]LogUObjectArray: 31946 objects as part of root set at end of initial load.
[2016.12.22-06.27.50:427][  0]LogUObjectAllocator: 6935848 out of 0 bytes used by permanent object pool.
[2016.12.22-06.27.50:427][  0]LogUObjectArray: CloseDisregardForGC: 0/0 objects in disregard for GC pool
[2016.12.22-06.27.50:494][  0]LogInit: WinSock: version 1.1 (2.2), MaxSocks=32767, MaxUdp=65467
[2016.12.22-06.27.51:280][  0]LogSlate: Using Freetype 2.6.0
[2016.12.22-06.27.51:289][  0]LogSlate: SlateFontCache - WITH_FREETYPE: 1, WITH_HARFBUZZ: 1
[2016.12.22-06.27.51:289][  0]LogSlate: SlateFontCache - WITH_FREETYPE: 1, WITH_HARFBUZZ: 1
[2016.12.22-06.27.52:727][  0]LogTcpMessaging: Initializing TcpMessaging bridge
[2016.12.22-06.27.52:769][  0]LogUdpMessaging: Initializing bridge on interface 0.0.0.0:0 to multicast group 230.0.0.1:6666.
[2016.12.22-06.27.53:096][  0]LogMaterial: Uniform references updated for custom material expression Custom.
[2016.12.22-06.27.53:487][  0]SourceControl: Info Source control is disabled
[2016.12.22-06.27.53:686][  0]SourceControl: Info Source control is disabled
[2016.12.22-06.27.53:737][  0]SourceControl: Info Source control is disabled
[2016.12.22-06.27.53:786][  0]SourceControl: Info Source control is disabled
[2016.12.22-06.27.55:129][  0]LogEngine: Initializing Engine...
[2016.12.22-06.27.55:130][  0]LogHMD: Failed to initialize OpenVR with code 110
[2016.12.22-06.27.55:365][  0]LogAIModule: Creating AISystem for world Untitled
[2016.12.22-06.27.55:374][  0]LogInit: XAudio2 using 'Speakers (Realtek High Definition Audio)' : 2 channels at 48 kHz using 32 bits per sample (channel mask 0x3)
[2016.12.22-06.27.55:385][  0]LogInit: FAudioDevice initialized.
[2016.12.22-06.27.55:408][  0]LogDerivedDataCache: Saved boot cache 0.02s 50MB C:/Users/Tommy/AppData/Local/UnrealEngine/4.14/DerivedDataCache/Boot.ddc.
[2016.12.22-06.27.55:417][  0]LogInit: Texture streaming: Enabled
[2016.12.22-06.27.55:658][  0]LogInit: Transaction tracking system initialized
[2016.12.22-06.27.56:029][  0]BlueprintLog: New page: Editor Load
[2016.12.22-06.27.56:963][  0]LocalizationService: Info Localization service is disabled
[2016.12.22-06.27.57:888][  0]LogConsoleResponse:Display: 
[2016.12.22-06.27.58:160][  0]LogCook:Display: Max memory allowance for cook 16384mb min free memory 0mb
[2016.12.22-06.27.58:160][  0]LogCook:Display: Mobile HDR setting 1
[2016.12.22-06.27.59:172][  0]LogFileCache: Scanning file cache for directory 'E:/Unreal Projects/BananaTurntable/Content/' took 0.01s
[2016.12.22-06.27.59:221][  0]SourceControl: Info Source control is disabled
[2016.12.22-06.27.59:221][  0]Cmd: MAP LOAD FILE="../../../Engine/Content/Maps/Templates/Template_Default.umap" TEMPLATE=1 SHOWPROGRESS=1 FEATURELEVEL=3
[2016.12.22-06.27.59:224][  0]LightingResults: New page: Lighting Build
[2016.12.22-06.27.59:267][  0]MapCheck: New page: Map Check
[2016.12.22-06.27.59:267][  0]LightingResults: New page: Lighting Build
[2016.12.22-06.27.59:499][  0]LogAIModule: Creating AISystem for world Untitled_1
[2016.12.22-06.27.59:500][  0]LogActorComponent: RegisterComponentWithWorld: (/Temp/Untitled_1.Untitled_1:PersistentLevel.WorldSettings_1.StaticMeshComponent0) Trying to register component with IsPendingKill() == true. Aborting.
[2016.12.22-06.27.59:620][  0]LogEditorServer: Finished looking for orphan Actors (0.000 secs)
[2016.12.22-06.27.59:623][  0]Cmd: MAP CHECKDEP NOCLEARLOG
[2016.12.22-06.27.59:665][  0]MapCheck: Info Map check complete: 0 Error(s), 0 Warning(s), took 41.998ms to complete.
[2016.12.22-06.27.59:665][  0]LogFileHelpers: Loading map 'Template_Default' took 0.444
[2016.12.22-06.27.59:806][  0]LogCollectionManager: Loaded 0 collections in 0.001661 seconds
[2016.12.22-06.27.59:886][  0]LogFileCache: Scanning file cache for directory 'E:/Unreal Projects/BananaTurntable/Saved/Collections/' took 0.01s
[2016.12.22-06.27.59:886][  0]LogFileCache: Scanning file cache for directory 'E:/Unreal Projects/BananaTurntable/Content/Developers/Tommy/Collections/' took 0.01s
[2016.12.22-06.27.59:886][  0]LogFileCache: Scanning file cache for directory 'E:/Unreal Projects/BananaTurntable/Content/Collections/' took 0.01s
[2016.12.22-06.27.59:886][  0]LogCollectionManager: Rebuilt the GUID cache for 0 collections in 0.000002 seconds
[2016.12.22-06.27.59:896][  0]LogContentBrowser: Native class hierarchy populated in 0.0093 seconds. Added 2190 classes and 428 folders.
[2016.12.22-06.27.59:940][  0]LogStats: UGameplayTagsManager::ConstructGameplayTagTree: Construct from data asset -  0.000 s
[2016.12.22-06.27.59:940][  0]LogStats: UGameplayTagsManager::ConstructGameplayTagTree: GameplayTagTreeChangedEvent.Broadcast -  0.000 s
[2016.12.22-06.27.59:940][  0]LogContentBrowser: Native class hierarchy updated for 'GameplayTags' in 0.0005 seconds. Added 13 classes and 0 folders.
[2016.12.22-06.28.00:006][  0]LogContentBrowser: Native class hierarchy updated for 'WidgetCarousel' in 0.0004 seconds. Added 0 classes and 0 folders.
[2016.12.22-06.28.00:227][  0]LogContentBrowser: Native class hierarchy updated for 'AddContentDialog' in 0.0006 seconds. Added 0 classes and 0 folders.
[2016.12.22-06.28.00:271][  0]LogContentBrowser: Native class hierarchy updated for 'SceneOutliner' in 0.0004 seconds. Added 1 classes and 2 folders.
[2016.12.22-06.28.00:311][  0]LogCrashTracker: Crashtracker disabled due to settings.
[2016.12.22-06.28.00:316][  0]LogUObjectGlobals:Warning: Failed to find object 'Class None.'
[2016.12.22-06.28.00:382][  0]LogContentBrowser: Native class hierarchy updated for 'HierarchicalLODOutliner' in 0.0005 seconds. Added 1 classes and 2 folders.
[2016.12.22-06.28.00:383][  0]LogLoad: (Engine Initialization) Total time: 21.86 seconds
[2016.12.22-06.28.00:383][  0]LogLoad: (Engine Initialization) Total Blueprint compile time: 0.11 seconds
[2016.12.22-06.28.00:383][  0]LogExternalProfiler: Found external profiler: VSPerf
[2016.12.22-06.28.00:383][  0]LogExternalProfiler: Using external profiler: VSPerf
[2016.12.22-06.28.00:392][  0]LogOcInput: OculusInput pre-init called
[2016.12.22-06.28.00:411][  0]LogContentStreaming: Texture pool size now 600 MB
[2016.12.22-06.28.00:594][  0]LogRenderer: Reallocating scene render targets to support 1208x576 NumSamples 1 (Frame:2).
[2016.12.22-06.28.00:655][  1]LogAssetRegistry: Asset discovery search completed in 10.3026 seconds
[2016.12.22-06.28.00:655][  1]LogCollectionManager: Rebuilt the object cache for 0 collections in 0.000001 seconds (found 0 objects)
[2016.12.22-06.28.00:655][  1]LogCollectionManager: Fixed up redirectors for 0 collections in 0.000016 seconds (updated 0 objects)
[2016.12.22-06.28.12:596][247]Cmd: OBJ SAVEPACKAGE PACKAGE="/Game/Banana_Model" FILE="E:/Unreal Projects/BananaTurntable/Content/Banana_Model.uasset" SILENT=true
[2016.12.22-06.28.12:625][247]LogSavePackage: Save=24.52ms
[2016.12.22-06.28.12:625][247]LogSavePackage: Moving 'E:/Unreal Projects/BananaTurntable/Saved/Banana_Model25DF31FD49841A22DA2867853E4BAAB0.tmp' to 'E:/Unreal Projects/BananaTurntable/Content/Banana_Model.uasset'
[2016.12.22-06.28.12:628][247]LogSavePackage:Display: Finished SavePackage E:/Unreal Projects/BananaTurntable/Content/Banana_Model.uasset
[2016.12.22-06.28.16:046][569]LogContentBrowser: Native class hierarchy updated for 'BlueprintGraph' in 0.0009 seconds. Added 111 classes and 0 folders.
[2016.12.22-06.30.14:904][723]LogRenderer: Reallocating scene render targets to support 1208x600 NumSamples 1 (Frame:6151).
[2016.12.22-06.47.59:821][828]LogMaterial: Missing cached shader map for material Banana_Material, compiling. 
[2016.12.22-06.47.59:901][828]LogMaterial: Missing cached shader map for material Banana_Material, compiling. 
[2016.12.22-06.47.59:910][828]LogMaterial: 0.00 seconds spent updating 1 materials, 1 interfaces, 0 instances, 0 with static permutations.
[2016.12.22-06.47.59:939][828]LogMaterial: Missing cached shader map for material FMatExpressionPreview MaterialExpressionTextureSample_3, compiling. 
[2016.12.22-06.48.00:940][933]MaterialEditorStats: Info Base pass shader with only dynamic lighting: 23 instructions
[2016.12.22-06.48.00:940][933]MaterialEditorStats: Info Vertex shader: 31 instructions
[2016.12.22-06.48.00:940][933]MaterialEditorStats: Info Texture samplers: 1/16
[2016.12.22-07.38.10:020][358]LogObjectTools:Warning: ForceReplaceReferences replaced references for a transient object 'BlueprintComponentNodeSpawner_142' or package '/Engine/Transient'.
[2016.12.22-07.38.10:020][358]LogObjectTools:Warning: ForceReplaceReferences replaced references for a transient object 'NewActorComponent' or package '/Game/Banana_Blueprint'.
[2016.12.22-07.38.10:020][358]LogObjectTools:Warning: ForceReplaceReferences replaced references for a transient object 'DEADCLASS_NewActorComponent_C_0' or package '/Engine/Transient'.
[2016.12.22-07.38.10:020][358]LogObjectTools:Warning: ForceReplaceReferences replaced references for a transient object 'DEADCLASS_NewActorComponent_C_1' or package '/Engine/Transient'.
[2016.12.22-07.38.10:020][358]LogObjectTools:Warning: ForceReplaceReferences replaced references for a transient object 'REINST_SKEL_NewActorComponent_C_35' or package '/Engine/Transient'.
[2016.12.22-07.38.10:020][358]LogObjectTools:Warning: ForceReplaceReferences replaced references for a transient object 'REINST_NewActorComponent_C_34' or package '/Engine/Transient'.
[2016.12.22-07.38.49:008][725]LogFileHelpers: Editor autosave (incl. sublevels) for '/Temp/Untitled_1' took 0.013
[2016.12.22-07.38.49:010][725]OBJ SavePackage: Generating thumbnails for [0] asset(s) in package [/Game/Banana_Blueprint] ([1] browsable assets)...
[2016.12.22-07.38.49:010][725]OBJ SavePackage: Finished generating thumbnails for package [/Game/Banana_Blueprint]
[2016.12.22-07.38.49:010][725]Cmd: OBJ SAVEPACKAGE PACKAGE="/Game/Banana_Blueprint" FILE="E:/Unreal Projects/BananaTurntable/Saved/Autosaves/Game/Banana_Blueprint_Auto1.uasset" SILENT=false AUTOSAVING=true
[2016.12.22-07.38.49:030][725]LogSavePackage: Save=14.93ms
[2016.12.22-07.38.49:030][725]LogSavePackage: Moving 'E:/Unreal Projects/BananaTurntable/Saved/Banana_Blueprint_Auto1BFE628F84544DDE74C4DA0862994DD8D.tmp' to 'E:/Unreal Projects/BananaTurntable/Saved/Autosaves/Game/Banana_Blueprint_Auto1.uasset'
[2016.12.22-07.38.49:030][725]LogSavePackage:Display: Finished SavePackage E:/Unreal Projects/BananaTurntable/Saved/Autosaves/Game/Banana_Blueprint_Auto1.uasset
[2016.12.22-07.38.49:030][725]LogFileHelpers: Auto-saving content packages took 0.022
[2016.12.22-07.48.49:609][371]LogFileHelpers: Editor autosave (incl. sublevels) for '/Temp/Untitled_1' took 0.014
[2016.12.22-07.48.49:611][371]OBJ SavePackage: Generating thumbnails for [0] asset(s) in package [/Game/Banana_Blueprint] ([1] browsable assets)...
[2016.12.22-07.48.49:611][371]OBJ SavePackage: Finished generating thumbnails for package [/Game/Banana_Blueprint]
[2016.12.22-07.48.49:611][371]Cmd: OBJ SAVEPACKAGE PACKAGE="/Game/Banana_Blueprint" FILE="E:/Unreal Projects/BananaTurntable/Saved/Autosaves/Game/Banana_Blueprint_Auto2.uasset" SILENT=false AUTOSAVING=true
[2016.12.22-07.48.49:625][371]LogSavePackage: Save=9.64ms
[2016.12.22-07.48.49:625][371]LogSavePackage: Moving 'E:/Unreal Projects/BananaTurntable/Saved/Banana_Blueprint_Auto2898E13A943A7861322E8558B0B4D29F8.tmp' to 'E:/Unreal Projects/BananaTurntable/Saved/Autosaves/Game/Banana_Blueprint_Auto2.uasset'
[2016.12.22-07.48.49:626][371]LogSavePackage:Display: Finished SavePackage E:/Unreal Projects/BananaTurntable/Saved/Autosaves/Game/Banana_Blueprint_Auto2.uasset
[2016.12.22-07.48.49:626][371]OBJ SavePackage: Generating thumbnails for [0] asset(s) in package [/Game/NewActorComponent] ([1] browsable assets)...
[2016.12.22-07.48.49:626][371]OBJ SavePackage: Finished generating thumbnails for package [/Game/NewActorComponent]
[2016.12.22-07.48.49:626][371]Cmd: OBJ SAVEPACKAGE PACKAGE="/Game/NewActorComponent" FILE="E:/Unreal Projects/BananaTurntable/Saved/Autosaves/Game/NewActorComponent_Auto2.uasset" SILENT=false AUTOSAVING=true
[2016.12.22-07.48.49:633][371]LogSavePackage: Save=5.73ms
[2016.12.22-07.48.49:633][371]LogSavePackage: Moving 'E:/Unreal Projects/BananaTurntable/Saved/NewActorComponent_Auto260DA411D4CE900E3CF1C34AF02D27C77.tmp' to 'E:/Unreal Projects/BananaTurntable/Saved/Autosaves/Game/NewActorComponent_Auto2.uasset'
[2016.12.22-07.48.49:633][371]LogSavePackage:Display: Finished SavePackage E:/Unreal Projects/BananaTurntable/Saved/Autosaves/Game/NewActorComponent_Auto2.uasset
[2016.12.22-07.48.49:633][371]LogFileHelpers: Auto-saving content packages took 0.023
[2016.12.22-07.58.29:332][578]LogObjectTools:Warning: ForceReplaceReferences replaced references for a transient object 'BlueprintComponentNodeSpawner_285' or package '/Engine/Transient'.
[2016.12.22-07.58.29:332][578]LogObjectTools:Warning: ForceReplaceReferences replaced references for a transient object 'DEADCLASS_NewActorComponent_C_2' or package '/Engine/Transient'.
[2016.12.22-07.58.29:332][578]LogObjectTools:Warning: ForceReplaceReferences replaced references for a transient object 'DEADCLASS_NewActorComponent_C_3' or package '/Engine/Transient'.
[2016.12.22-07.58.29:332][578]LogObjectTools:Warning: ForceReplaceReferences replaced references for a transient object 'REINST_SKEL_NewActorComponent_C_43' or package '/Engine/Transient'.
[2016.12.22-07.58.29:332][578]LogObjectTools:Warning: ForceReplaceReferences replaced references for a transient object 'REINST_NewActorComponent_C_42' or package '/Engine/Transient'.
[2016.12.22-07.58.38:995][504]LogRenderer: Reallocating scene render targets to support 1476x712 NumSamples 1 (Frame:39549).
[2016.12.22-08.00.29:927][605]LogFileHelpers: Editor autosave (incl. sublevels) for '/Temp/Untitled_1' took 0.020
[2016.12.22-08.00.29:928][605]OBJ SavePackage: Generating thumbnails for [1] asset(s) in package [/Game/Banana_Blueprint] ([1] browsable assets)...
[2016.12.22-08.00.29:942][605]OBJ SavePackage:     Rendered thumbnail for [Blueprint /Game/Banana_Blueprint.Banana_Blueprint]
[2016.12.22-08.00.29:942][605]OBJ SavePackage: Finished generating thumbnails for package [/Game/Banana_Blueprint]
[2016.12.22-08.00.29:942][605]Cmd: OBJ SAVEPACKAGE PACKAGE="/Game/Banana_Blueprint" FILE="E:/Unreal Projects/BananaTurntable/Saved/Autosaves/Game/Banana_Blueprint_Auto3.uasset" SILENT=false AUTOSAVING=true
[2016.12.22-08.00.29:967][605]LogSavePackage: Save=19.50ms
[2016.12.22-08.00.29:967][605]LogSavePackage: Moving 'E:/Unreal Projects/BananaTurntable/Saved/Banana_Blueprint_Auto35C0F3C30420A1AB48B4CB7B66D53AAFD.tmp' to 'E:/Unreal Projects/BananaTurntable/Saved/Autosaves/Game/Banana_Blueprint_Auto3.uasset'
[2016.12.22-08.00.29:967][605]LogSavePackage:Display: Finished SavePackage E:/Unreal Projects/BananaTurntable/Saved/Autosaves/Game/Banana_Blueprint_Auto3.uasset
[2016.12.22-08.00.29:967][605]LogFileHelpers: Auto-saving content packages took 0.039
[2016.12.22-08.10.30:624][552]LogFileHelpers: Editor autosave (incl. sublevels) for '/Temp/Untitled_1' took 0.015
[2016.12.22-08.10.30:626][552]OBJ SavePackage: Generating thumbnails for [0] asset(s) in package [/Game/Banana_Blueprint] ([1] browsable assets)...
[2016.12.22-08.10.30:626][552]OBJ SavePackage: Finished generating thumbnails for package [/Game/Banana_Blueprint]
[2016.12.22-08.10.30:626][552]Cmd: OBJ SAVEPACKAGE PACKAGE="/Game/Banana_Blueprint" FILE="E:/Unreal Projects/BananaTurntable/Saved/Autosaves/Game/Banana_Blueprint_Auto4.uasset" SILENT=false AUTOSAVING=true
[2016.12.22-08.10.30:642][552]LogSavePackage: Save=10.51ms
[2016.12.22-08.10.30:642][552]LogSavePackage: Moving 'E:/Unreal Projects/BananaTurntable/Saved/Banana_Blueprint_Auto4227CCD0B43049780D9A411B5B4B522C0.tmp' to 'E:/Unreal Projects/BananaTurntable/Saved/Autosaves/Game/Banana_Blueprint_Auto4.uasset'
[2016.12.22-08.10.30:642][552]LogSavePackage:Display: Finished SavePackage E:/Unreal Projects/BananaTurntable/Saved/Autosaves/Game/Banana_Blueprint_Auto4.uasset
[2016.12.22-08.10.30:642][552]LogFileHelpers: Auto-saving content packages took 0.017
[2016.12.22-09.14.11:145][358]BlueprintLog: New page: Compile Banana_Blueprint
[2016.12.22-09.14.12:114][438]Cmd: OBJ SAVEPACKAGE PACKAGE="/Game/Banana_Blueprint" FILE="E:/Unreal Projects/BananaTurntable/Content/Banana_Blueprint.uasset" SILENT=true
[2016.12.22-09.14.12:133][438]LogSavePackage: Save=10.63ms
[2016.12.22-09.14.12:133][438]LogSavePackage: Moving 'E:/Unreal Projects/BananaTurntable/Saved/Banana_Blueprint9E7CC8D143A00D8711F88DBD9FEA1ACA.tmp' to 'E:/Unreal Projects/BananaTurntable/Content/Banana_Blueprint.uasset'
[2016.12.22-09.14.12:136][438]LogSavePackage:Display: Finished SavePackage E:/Unreal Projects/BananaTurntable/Content/Banana_Blueprint.uasset
[2016.12.22-09.14.19:169][806]LogRenderer: Reallocating scene render targets to support 1476x744 NumSamples 1 (Frame:66401).
[2016.12.22-09.38.41:104][848]LogFileHelpers: Editor autosave (incl. sublevels) for '/Temp/Untitled_1' took 0.016
[2016.12.22-09.38.41:105][848]OBJ SavePackage: Generating thumbnails for [1] asset(s) in package [/Game/Banana_Blueprint] ([1] browsable assets)...
[2016.12.22-09.38.41:122][848]OBJ SavePackage:     Rendered thumbnail for [Blueprint /Game/Banana_Blueprint.Banana_Blueprint]
[2016.12.22-09.38.41:122][848]OBJ SavePackage: Finished generating thumbnails for package [/Game/Banana_Blueprint]
[2016.12.22-09.38.41:122][848]Cmd: OBJ SAVEPACKAGE PACKAGE="/Game/Banana_Blueprint" FILE="E:/Unreal Projects/BananaTurntable/Saved/Autosaves/Game/Banana_Blueprint_Auto5.uasset" SILENT=false AUTOSAVING=true
[2016.12.22-09.38.41:149][848]LogSavePackage: Save=19.06ms
[2016.12.22-09.38.41:149][848]LogSavePackage: Moving 'E:/Unreal Projects/BananaTurntable/Saved/Banana_Blueprint_Auto5C92AF0DA47CC4DD2129485B22A805689.tmp' to 'E:/Unreal Projects/BananaTurntable/Saved/Autosaves/Game/Banana_Blueprint_Auto5.uasset'
[2016.12.22-09.38.41:149][848]LogSavePackage:Display: Finished SavePackage E:/Unreal Projects/BananaTurntable/Saved/Autosaves/Game/Banana_Blueprint_Auto5.uasset
[2016.12.22-09.38.41:149][848]LogFileHelpers: Auto-saving content packages took 0.045
[2016.12.22-09.48.41:899][  2]LogFileHelpers: Editor autosave (incl. sublevels) for '/Temp/Untitled_1' took 0.019
[2016.12.22-09.48.41:900][  2]OBJ SavePackage: Generating thumbnails for [1] asset(s) in package [/Game/Banana_Blueprint] ([1] browsable assets)...
[2016.12.22-09.48.41:924][  2]OBJ SavePackage:     Rendered thumbnail for [Blueprint /Game/Banana_Blueprint.Banana_Blueprint]
[2016.12.22-09.48.41:924][  2]OBJ SavePackage: Finished generating thumbnails for package [/Game/Banana_Blueprint]
[2016.12.22-09.48.41:924][  2]Cmd: OBJ SAVEPACKAGE PACKAGE="/Game/Banana_Blueprint" FILE="E:/Unreal Projects/BananaTurntable/Saved/Autosaves/Game/Banana_Blueprint_Auto6.uasset" SILENT=false AUTOSAVING=true
[2016.12.22-09.48.41:949][  2]LogSavePackage: Save=18.48ms
[2016.12.22-09.48.41:949][  2]LogSavePackage: Moving 'E:/Unreal Projects/BananaTurntable/Saved/Banana_Blueprint_Auto64967F1E0451F822E1BE98FAFCCACE837.tmp' to 'E:/Unreal Projects/BananaTurntable/Saved/Autosaves/Game/Banana_Blueprint_Auto6.uasset'
[2016.12.22-09.48.41:949][  2]LogSavePackage:Display: Finished SavePackage E:/Unreal Projects/BananaTurntable/Saved/Autosaves/Game/Banana_Blueprint_Auto6.uasset
[2016.12.22-09.48.41:949][  2]LogFileHelpers: Auto-saving content packages took 0.050
[2016.12.22-09.58.42:568][644]LogFileHelpers: Editor autosave (incl. sublevels) for '/Temp/Untitled_1' took 0.015
[2016.12.22-09.58.42:570][644]OBJ SavePackage: Generating thumbnails for [1] asset(s) in package [/Game/Banana_Blueprint] ([1] browsable assets)...
[2016.12.22-09.58.42:584][644]OBJ SavePackage:     Rendered thumbnail for [Blueprint /Game/Banana_Blueprint.Banana_Blueprint]
[2016.12.22-09.58.42:584][644]OBJ SavePackage: Finished generating thumbnails for package [/Game/Banana_Blueprint]
[2016.12.22-09.58.42:584][644]Cmd: OBJ SAVEPACKAGE PACKAGE="/Game/Banana_Blueprint" FILE="E:/Unreal Projects/BananaTurntable/Saved/Autosaves/Game/Banana_Blueprint_Auto7.uasset" SILENT=false AUTOSAVING=true
[2016.12.22-09.58.42:609][644]LogSavePackage: Save=19.89ms
[2016.12.22-09.58.42:609][644]LogSavePackage: Moving 'E:/Unreal Projects/BananaTurntable/Saved/Banana_Blueprint_Auto717DE1CA3452AE64B589FE899F85CBA8A.tmp' to 'E:/Unreal Projects/BananaTurntable/Saved/Autosaves/Game/Banana_Blueprint_Auto7.uasset'
[2016.12.22-09.58.42:610][644]LogSavePackage:Display: Finished SavePackage E:/Unreal Projects/BananaTurntable/Saved/Autosaves/Game/Banana_Blueprint_Auto7.uasset
[2016.12.22-09.58.42:610][644]LogFileHelpers: Auto-saving content packages took 0.041
[2016.12.22-10.06.33:191][733]BlueprintLog: New page: Compile Banana_Blueprint
[2016.12.22-10.08.46:038][362]LogFileHelpers: Editor autosave (incl. sublevels) for '/Temp/Untitled_1' took 0.014
[2016.12.22-10.08.46:039][362]OBJ SavePackage: Generating thumbnails for [1] asset(s) in package [/Game/Banana_Blueprint] ([1] browsable assets)...
[2016.12.22-10.08.46:054][362]OBJ SavePackage:     Rendered thumbnail for [Blueprint /Game/Banana_Blueprint.Banana_Blueprint]
[2016.12.22-10.08.46:054][362]OBJ SavePackage: Finished generating thumbnails for package [/Game/Banana_Blueprint]
[2016.12.22-10.08.46:054][362]Cmd: OBJ SAVEPACKAGE PACKAGE="/Game/Banana_Blueprint" FILE="E:/Unreal Projects/BananaTurntable/Saved/Autosaves/Game/Banana_Blueprint_Auto8.uasset" SILENT=false AUTOSAVING=true
[2016.12.22-10.08.46:101][362]LogSavePackage: Save=19.89ms
[2016.12.22-10.08.46:101][362]LogSavePackage: Moving 'E:/Unreal Projects/BananaTurntable/Saved/Banana_Blueprint_Auto84A0F9FBD488CE2D84C1A9E89D6059B68.tmp' to 'E:/Unreal Projects/BananaTurntable/Saved/Autosaves/Game/Banana_Blueprint_Auto8.uasset'
[2016.12.22-10.08.46:101][362]LogSavePackage:Display: Finished SavePackage E:/Unreal Projects/BananaTurntable/Saved/Autosaves/Game/Banana_Blueprint_Auto8.uasset
[2016.12.22-10.08.46:101][362]LogFileHelpers: Auto-saving content packages took 0.062
[2016.12.22-10.15.54:944][800]BlueprintLog: New page: Compile Banana_Blueprint
[2016.12.22-10.16.26:875][576]BlueprintLog: New page: Compile Banana_Blueprint
[2016.12.22-10.16.28:114][709]Cmd: OBJ SAVEPACKAGE PACKAGE="/Game/Banana_Blueprint" FILE="E:/Unreal Projects/BananaTurntable/Content/Banana_Blueprint.uasset" SILENT=true
[2016.12.22-10.16.28:141][709]LogSavePackage: Save=22.31ms
[2016.12.22-10.16.28:141][709]LogSavePackage: Moving 'E:/Unreal Projects/BananaTurntable/Saved/Banana_BlueprintD0179EB3438CC36BDA88D2881A74CC9E.tmp' to 'E:/Unreal Projects/BananaTurntable/Content/Banana_Blueprint.uasset'
[2016.12.22-10.16.28:144][709]LogSavePackage:Display: Finished SavePackage E:/Unreal Projects/BananaTurntable/Content/Banana_Blueprint.uasset
[2016.12.22-10.16.33:972][389]LogTemp: Repeting last play command: Selected Viewport
[2016.12.22-10.16.33:990][389]LogPlayLevel: PlayLevel: No blueprints needed recompiling
[2016.12.22-10.16.33:991][389]PIE: New page: PIE session: Untitled_1 (23 Dec 2016 12:16:33 pm)
[2016.12.22-10.16.33:991][389]LogPlayLevel: Creating play world package: /Temp/UEDPIE_0_Untitled_1
[2016.12.22-10.16.33:994][389]LogPlayLevel: PIE: StaticDuplicateObject took: (0.003238s)
[2016.12.22-10.16.33:995][389]LogAIModule: Creating AISystem for world Untitled_1
[2016.12.22-10.16.33:995][389]LogPlayLevel: PIE: World Init took: (0.001359s)
[2016.12.22-10.16.33:996][389]LogPlayLevel: PIE: Created PIE world by copying editor world from /Temp/Untitled_1.Untitled_1 to /Temp/UEDPIE_0_Untitled_1.Untitled_1 (0.004816s)
[2016.12.22-10.16.34:014][389]LogInit: XAudio2 using 'Speakers (Realtek High Definition Audio)' : 2 channels at 48 kHz using 32 bits per sample (channel mask 0x3)
[2016.12.22-10.16.34:023][389]LogInit: FAudioDevice initialized.
[2016.12.22-10.16.34:070][389]LogLoad: Game class is 'GameModeBase'
[2016.12.22-10.16.34:072][389]LogWorld: Bringing World /Temp/UEDPIE_0_Untitled_1.Untitled_1 up for play (max tick rate 0) at 2016.12.22-23.16.34
[2016.12.22-10.16.34:073][389]LogWorld: Bringing up level for play took: 0.001963
[2016.12.22-10.16.34:121][389]LogContentBrowser: Native class hierarchy updated for 'MovieSceneCapture' in 0.0009 seconds. Added 11 classes and 0 folders.
[2016.12.22-10.16.34:122][389]PIE: Info Play in editor start time for /Temp/UEDPIE_0_Untitled_1 0.155
[2016.12.22-10.17.14:585][ 38]BlueprintLog: New page: Compile Banana_Blueprint
[2016.12.22-10.17.15:056][ 76]Cmd: OBJ SAVEPACKAGE PACKAGE="/Game/Banana_Blueprint" FILE="E:/Unreal Projects/BananaTurntable/Content/Banana_Blueprint.uasset" SILENT=true
[2016.12.22-10.17.15:077][ 76]LogSavePackage: Save=19.04ms
[2016.12.22-10.17.15:077][ 76]LogSavePackage: Moving 'E:/Unreal Projects/BananaTurntable/Saved/Banana_Blueprint2C915F654C99A26BE48A14A68B52EAD0.tmp' to 'E:/Unreal Projects/BananaTurntable/Content/Banana_Blueprint.uasset'
[2016.12.22-10.17.15:078][ 76]LogSavePackage:Display: Finished SavePackage E:/Unreal Projects/BananaTurntable/Content/Banana_Blueprint.uasset
[2016.12.22-10.19.19:412][548]Cmd: OBJ SAVEPACKAGE PACKAGE="/Temp/Untitled_1" FILE="E:/Unreal Projects/BananaTurntable/Saved/Autosaves/Temp/Untitled_1_Auto9.umap" SILENT=true AUTOSAVING=true KEEPDIRTY=false
[2016.12.22-10.19.19:439][548]LogSavePackage: Save=26.92ms
[2016.12.22-10.19.19:439][548]LogSavePackage: Moving 'E:/Unreal Projects/BananaTurntable/Saved/Untitled_1_Auto97B2EF19249CD30709C36048C018EFD87.tmp' to 'E:/Unreal Projects/BananaTurntable/Saved/Autosaves/Temp/Untitled_1_Auto9.umap'
[2016.12.22-10.19.19:439][548]LogSavePackage:Display: Finished SavePackage E:/Unreal Projects/BananaTurntable/Saved/Autosaves/Temp/Untitled_1_Auto9.umap
[2016.12.22-10.19.19:442][548]LogFileHelpers: Editor autosave (incl. sublevels) for '/Temp/Untitled_1' took 0.045
[2016.12.22-10.19.19:442][548]LogFileHelpers: Editor autosave (incl. sublevels) for all levels took 0.045
[2016.12.22-10.22.34:452][860]Cmd: TRANSACTION UNDO
[2016.12.22-10.22.34:452][860]LogEditorTransaction: Undo Clicking on Component (tree view)
[2016.12.22-10.22.34:925][908]Cmd: TRANSACTION UNDO
[2016.12.22-10.22.34:925][908]LogEditorTransaction: Undo Clicking on Component (tree view)
[2016.12.22-10.22.35:450][968]Cmd: TRANSACTION UNDO
[2016.12.22-10.22.35:450][968]LogEditorTransaction: Undo Scale Components
[2016.12.22-10.29.20:203][ 13]Cmd: OBJ SAVEPACKAGE PACKAGE="/Temp/Untitled_1" FILE="E:/Unreal Projects/BananaTurntable/Saved/Autosaves/Temp/Untitled_1_Auto0.umap" SILENT=true AUTOSAVING=true KEEPDIRTY=false
[2016.12.22-10.29.20:230][ 13]LogSavePackage: Save=26.09ms
[2016.12.22-10.29.20:230][ 13]LogSavePackage: Moving 'E:/Unreal Projects/BananaTurntable/Saved/Untitled_1_Auto060C46A1940BF18CDA7ECB3BBF8E4D404.tmp' to 'E:/Unreal Projects/BananaTurntable/Saved/Autosaves/Temp/Untitled_1_Auto0.umap'
[2016.12.22-10.29.20:230][ 13]LogSavePackage:Display: Finished SavePackage E:/Unreal Projects/BananaTurntable/Saved/Autosaves/Temp/Untitled_1_Auto0.umap
[2016.12.22-10.29.20:233][ 13]LogFileHelpers: Editor autosave (incl. sublevels) for '/Temp/Untitled_1' took 0.044
[2016.12.22-10.29.20:233][ 13]LogFileHelpers: Editor autosave (incl. sublevels) for all levels took 0.044
[2016.12.22-10.44.11:781][544]LogFileHelpers: Editor autosave (incl. sublevels) for '/Temp/Untitled_1' took 0.014
[2016.12.22-10.44.11:783][544]OBJ SavePackage: Generating thumbnails for [1] asset(s) in package [/Game/Banana_Blueprint] ([1] browsable assets)...
[2016.12.22-10.44.11:795][544]OBJ SavePackage:     Rendered thumbnail for [Blueprint /Game/Banana_Blueprint.Banana_Blueprint]
[2016.12.22-10.44.11:795][544]OBJ SavePackage: Finished generating thumbnails for package [/Game/Banana_Blueprint]
[2016.12.22-10.44.11:796][544]Cmd: OBJ SAVEPACKAGE PACKAGE="/Game/Banana_Blueprint" FILE="E:/Unreal Projects/BananaTurntable/Saved/Autosaves/Game/Banana_Blueprint_Auto1.uasset" SILENT=false AUTOSAVING=true
[2016.12.22-10.44.11:823][544]LogSavePackage: Save=20.37ms
[2016.12.22-10.44.11:823][544]LogSavePackage: Moving 'E:/Unreal Projects/BananaTurntable/Saved/Banana_Blueprint_Auto1D81910864541FF163A86E8A5B3460382.tmp' to 'E:/Unreal Projects/BananaTurntable/Saved/Autosaves/Game/Banana_Blueprint_Auto1.uasset'
[2016.12.22-10.44.11:823][544]LogSavePackage:Display: Finished SavePackage E:/Unreal Projects/BananaTurntable/Saved/Autosaves/Game/Banana_Blueprint_Auto1.uasset
[2016.12.22-10.44.11:824][544]LogFileHelpers: Auto-saving content packages took 0.041
[2016.12.22-10.54.12:749][778]LogFileHelpers: Editor autosave (incl. sublevels) for '/Temp/Untitled_1' took 0.015
[2016.12.22-10.54.12:750][778]OBJ SavePackage: Generating thumbnails for [1] asset(s) in package [/Game/Banana_Blueprint] ([1] browsable assets)...
[2016.12.22-10.54.12:775][778]OBJ SavePackage:     Rendered thumbnail for [Blueprint /Game/Banana_Blueprint.Banana_Blueprint]
[2016.12.22-10.54.12:775][778]OBJ SavePackage: Finished generating thumbnails for package [/Game/Banana_Blueprint]
[2016.12.22-10.54.12:775][778]Cmd: OBJ SAVEPACKAGE PACKAGE="/Game/Banana_Blueprint" FILE="E:/Unreal Projects/BananaTurntable/Saved/Autosaves/Game/Banana_Blueprint_Auto2.uasset" SILENT=false AUTOSAVING=true
[2016.12.22-10.54.12:830][778]LogSavePackage: Save=49.45ms
[2016.12.22-10.54.12:830][778]LogSavePackage: Moving 'E:/Unreal Projects/BananaTurntable/Saved/Banana_Blueprint_Auto2C86BB396415DD9B9E4B94686F1228CE5.tmp' to 'E:/Unreal Projects/BananaTurntable/Saved/Autosaves/Game/Banana_Blueprint_Auto2.uasset'
[2016.12.22-10.54.12:830][778]LogSavePackage:Display: Finished SavePackage E:/Unreal Projects/BananaTurntable/Saved/Autosaves/Game/Banana_Blueprint_Auto2.uasset
[2016.12.22-10.54.12:830][778]LogFileHelpers: Auto-saving content packages took 0.081
[2016.12.22-11.05.50:862][281]LogFileHelpers: Editor autosave (incl. sublevels) for '/Temp/Untitled_1' took 0.014
[2016.12.22-11.05.50:863][281]OBJ SavePackage: Generating thumbnails for [1] asset(s) in package [/Game/Banana_Blueprint] ([1] browsable assets)...
[2016.12.22-11.05.50:877][281]OBJ SavePackage:     Rendered thumbnail for [Blueprint /Game/Banana_Blueprint.Banana_Blueprint]
[2016.12.22-11.05.50:877][281]OBJ SavePackage: Finished generating thumbnails for package [/Game/Banana_Blueprint]
[2016.12.22-11.05.50:877][281]Cmd: OBJ SAVEPACKAGE PACKAGE="/Game/Banana_Blueprint" FILE="E:/Unreal Projects/BananaTurntable/Saved/Autosaves/Game/Banana_Blueprint_Auto3.uasset" SILENT=false AUTOSAVING=true
[2016.12.22-11.05.50:905][281]LogSavePackage: Save=20.74ms
[2016.12.22-11.05.50:905][281]LogSavePackage: Moving 'E:/Unreal Projects/BananaTurntable/Saved/Banana_Blueprint_Auto316782DFB4E0294B95A868A8BA4A5A4D9.tmp' to 'E:/Unreal Projects/BananaTurntable/Saved/Autosaves/Game/Banana_Blueprint_Auto3.uasset'
[2016.12.22-11.05.50:905][281]LogSavePackage:Display: Finished SavePackage E:/Unreal Projects/BananaTurntable/Saved/Autosaves/Game/Banana_Blueprint_Auto3.uasset
[2016.12.22-11.05.50:905][281]LogFileHelpers: Auto-saving content packages took 0.042
[2016.12.22-11.46.35:326][595]LogFileHelpers: Editor autosave (incl. sublevels) for '/Temp/Untitled_1' took 0.039
[2016.12.22-11.46.35:328][595]OBJ SavePackage: Generating thumbnails for [1] asset(s) in package [/Game/Banana_Blueprint] ([1] browsable assets)...
[2016.12.22-11.46.35:357][595]OBJ SavePackage:     Rendered thumbnail for [Blueprint /Game/Banana_Blueprint.Banana_Blueprint]
[2016.12.22-11.46.35:357][595]OBJ SavePackage: Finished generating thumbnails for package [/Game/Banana_Blueprint]
[2016.12.22-11.46.35:357][595]Cmd: OBJ SAVEPACKAGE PACKAGE="/Game/Banana_Blueprint" FILE="E:/Unreal Projects/BananaTurntable/Saved/Autosaves/Game/Banana_Blueprint_Auto4.uasset" SILENT=false AUTOSAVING=true
[2016.12.22-11.46.35:389][595]LogSavePackage: Save=27.08ms
[2016.12.22-11.46.35:389][595]LogSavePackage: Moving 'E:/Unreal Projects/BananaTurntable/Saved/Banana_Blueprint_Auto48CD57B63478434FFFC0D11A4ED92EF0A.tmp' to 'E:/Unreal Projects/BananaTurntable/Saved/Autosaves/Game/Banana_Blueprint_Auto4.uasset'
[2016.12.22-11.46.35:390][595]LogSavePackage:Display: Finished SavePackage E:/Unreal Projects/BananaTurntable/Saved/Autosaves/Game/Banana_Blueprint_Auto4.uasset
[2016.12.22-11.46.35:390][595]LogFileHelpers: Auto-saving content packages took 0.063
[2016.12.22-11.49.17:672][394]BlueprintLog: New page: Compile Banana_Blueprint
[2016.12.22-11.49.18:838][496]Cmd: OBJ SAVEPACKAGE PACKAGE="/Game/Banana_Blueprint" FILE="E:/Unreal Projects/BananaTurntable/Content/Banana_Blueprint.uasset" SILENT=true
[2016.12.22-11.49.18:863][496]LogSavePackage: Save=21.28ms
[2016.12.22-11.49.18:863][496]LogSavePackage: Moving 'E:/Unreal Projects/BananaTurntable/Saved/Banana_Blueprint6566EA634215D4BCF94B179DDE5301C1.tmp' to 'E:/Unreal Projects/BananaTurntable/Content/Banana_Blueprint.uasset'
[2016.12.22-11.49.18:866][496]LogSavePackage:Display: Finished SavePackage E:/Unreal Projects/BananaTurntable/Content/Banana_Blueprint.uasset
[2016.12.22-11.49.21:238][748]LogEditorViewport: Clicking Background
[2016.12.22-11.49.23:339][995]LogWindows: Windows GetLastError: The operation completed successfully. (0)
[2016.12.22-11.49.24:146][995]LogCrashTracker: 


[2016.12.22-11.49.24:146][995]LogCrashTracker: 


[2016.12.22-11.49.24:146][995]LogWindows:Error: === Critical error: ===
[2016.12.22-11.49.24:146][995]LogWindows:Error: 
[2016.12.22-11.49.24:146][995]LogWindows:Error: Assertion failed: GetSelectedActorCount() == 1 [File:D:\Build\++UE4+Release-4.14+Compile\Sync\Engine\Source\Editor\UnrealEd\Private\EditorActor.cpp] [Line: 653] 
[2016.12.22-11.49.24:146][995]LogWindows:Error: 
[2016.12.22-11.49.24:146][995]LogWindows:Error: 
[2016.12.22-11.49.24:146][995]LogWindows:Error: 
[2016.12.22-11.49.24:146][995]LogWindows:Error: KERNELBASE.dll
[2016.12.22-11.49.24:146][995]LogWindows:Error: UE4Editor-Core.dll
[2016.12.22-11.49.24:146][995]LogWindows:Error: UE4Editor-Core.dll
[2016.12.22-11.49.24:146][995]LogWindows:Error: UE4Editor-Core.dll
[2016.12.22-11.49.24:146][995]LogWindows:Error: UE4Editor-UnrealEd.dll
[2016.12.22-11.49.24:146][995]LogWindows:Error: UE4Editor-SceneOutliner.dll
[2016.12.22-11.49.24:146][995]LogWindows:Error: UE4Editor-Slate.dll
[2016.12.22-11.49.24:146][995]LogWindows:Error: UE4Editor-Slate.dll
[2016.12.22-11.49.24:146][995]LogWindows:Error: UE4Editor-Slate.dll
[2016.12.22-11.49.24:146][995]LogWindows:Error: UE4Editor-Slate.dll
[2016.12.22-11.49.24:146][995]LogWindows:Error: UE4Editor-Slate.dll
[2016.12.22-11.49.24:146][995]LogWindows:Error: UE4Editor-Core.dll
[2016.12.22-11.49.24:146][995]LogWindows:Error: UE4Editor-Core.dll
[2016.12.22-11.49.24:146][995]LogWindows:Error: UE4Editor-Core.dll
[2016.12.22-11.49.24:146][995]LogWindows:Error: UE4Editor-Core.dll
[2016.12.22-11.49.24:146][995]LogWindows:Error: USER32.dll
[2016.12.22-11.49.24:146][995]LogWindows:Error: USER32.dll
[2016.12.22-11.49.24:146][995]LogWindows:Error: UE4Editor-Core.dll
[2016.12.22-11.49.24:146][995]LogWindows:Error: UE4Editor.exe
[2016.12.22-11.49.24:146][995]LogWindows:Error: UE4Editor.exe
[2016.12.22-11.49.24:146][995]LogWindows:Error: UE4Editor.exe
[2016.12.22-11.49.24:146][995]LogWindows:Error: UE4Editor.exe
[2016.12.22-11.49.24:146][995]LogWindows:Error: UE4Editor.exe
[2016.12.22-11.49.24:146][995]LogWindows:Error: KERNEL32.DLL
[2016.12.22-11.49.24:146][995]LogWindows:Error: ntdll.dll
[2016.12.22-11.49.24:146][995]LogWindows:Error: ntdll.dll
[2016.12.22-11.49.24:146][995]LogWindows:Error: 
[2016.12.22-11.49.24:169][995]LogExit: Executing StaticShutdownAfterError
[2016.12.22-11.49.24:183][995]LogWindows: FPlatformMisc::RequestExit(1)
[2016.12.22-11.49.24:184][995]Log file closed, 12/23/16 00:49:24
